{"/var/www/ai-platform/backend/src/config/index.js": {"path":"/var/www/ai-platform/backend/src/config/index.js","statementMap":{"0":{"start":{"line":14,"column":13},"end":{"line":14,"column":28}},"1":{"start":{"line":15,"column":11},"end":{"line":15,"column":24}},"2":{"start":{"line":22,"column":19},"end":{"line":22,"column":21}},"3":{"start":{"line":25,"column":2},"end":{"line":27,"column":3}},"4":{"start":{"line":26,"column":4},"end":{"line":26,"column":58}},"5":{"start":{"line":28,"column":2},"end":{"line":30,"column":3}},"6":{"start":{"line":29,"column":4},"end":{"line":29,"column":59}},"7":{"start":{"line":33,"column":2},"end":{"line":35,"column":3}},"8":{"start":{"line":34,"column":4},"end":{"line":34,"column":51}},"9":{"start":{"line":38,"column":2},"end":{"line":48,"column":3}},"10":{"start":{"line":39,"column":4},"end":{"line":39,"column":78}},"11":{"start":{"line":40,"column":4},"end":{"line":40,"column":70}},"12":{"start":{"line":41,"column":4},"end":{"line":41,"column":78}},"13":{"start":{"line":42,"column":4},"end":{"line":44,"column":7}},"14":{"start":{"line":43,"column":6},"end":{"line":43,"column":33}},"15":{"start":{"line":45,"column":4},"end":{"line":45,"column":78}},"16":{"start":{"line":46,"column":4},"end":{"line":46,"column":62}},"17":{"start":{"line":47,"column":4},"end":{"line":47,"column":78}},"18":{"start":{"line":63,"column":2},"end":{"line":65,"column":3}},"19":{"start":{"line":64,"column":4},"end":{"line":64,"column":36}},"20":{"start":{"line":68,"column":19},"end":{"line":68,"column":84}},"21":{"start":{"line":70,"column":2},"end":{"line":72,"column":3}},"22":{"start":{"line":71,"column":4},"end":{"line":71,"column":26}},"23":{"start":{"line":75,"column":19},"end":{"line":75,"column":28}},"24":{"start":{"line":76,"column":20},"end":{"line":76,"column":24}},"25":{"start":{"line":78,"column":2},"end":{"line":92,"column":3}},"26":{"start":{"line":80,"column":4},"end":{"line":84,"column":5}},"27":{"start":{"line":82,"column":6},"end":{"line":82,"column":45}},"28":{"start":{"line":83,"column":6},"end":{"line":83,"column":12}},"29":{"start":{"line":86,"column":4},"end":{"line":90,"column":5}},"30":{"start":{"line":88,"column":6},"end":{"line":88,"column":31}},"31":{"start":{"line":89,"column":6},"end":{"line":89,"column":12}},"32":{"start":{"line":91,"column":4},"end":{"line":91,"column":42}},"33":{"start":{"line":95,"column":2},"end":{"line":97,"column":3}},"34":{"start":{"line":96,"column":4},"end":{"line":96,"column":45}},"35":{"start":{"line":100,"column":2},"end":{"line":100,"column":45}},"36":{"start":{"line":109,"column":15},"end":{"line":109,"column":31}},"37":{"start":{"line":110,"column":2},"end":{"line":110,"column":49}},"38":{"start":{"line":114,"column":0},"end":{"line":114,"column":25}},"39":{"start":{"line":122,"column":2},"end":{"line":124,"column":3}},"40":{"start":{"line":123,"column":4},"end":{"line":123,"column":31}},"41":{"start":{"line":126,"column":2},"end":{"line":128,"column":3}},"42":{"start":{"line":127,"column":4},"end":{"line":127,"column":22}},"43":{"start":{"line":131,"column":2},"end":{"line":131,"column":12}},"44":{"start":{"line":134,"column":0},"end":{"line":250,"column":2}},"45":{"start":{"line":144,"column":56},"end":{"line":144,"column":69}},"46":{"start":{"line":190,"column":58},"end":{"line":190,"column":71}},"47":{"start":{"line":253,"column":0},"end":{"line":261,"column":1}},"48":{"start":{"line":254,"column":2},"end":{"line":254,"column":59}},"49":{"start":{"line":255,"column":2},"end":{"line":255,"column":68}},"50":{"start":{"line":256,"column":2},"end":{"line":256,"column":60}},"51":{"start":{"line":257,"column":2},"end":{"line":257,"column":68}},"52":{"start":{"line":258,"column":2},"end":{"line":258,"column":73}},"53":{"start":{"line":259,"column":2},"end":{"line":259,"column":73}},"54":{"start":{"line":260,"column":2},"end":{"line":260,"column":58}},"55":{"start":{"line":264,"column":0},"end":{"line":264,"column":47}},"56":{"start":{"line":265,"column":0},"end":{"line":265,"column":47}}},"fnMap":{"0":{"name":"validateRequiredConfig","decl":{"start":{"line":21,"column":9},"end":{"line":21,"column":31}},"loc":{"start":{"line":21,"column":34},"end":{"line":49,"column":1}},"line":21},"1":{"name":"(anonymous_1)","decl":{"start":{"line":42,"column":21},"end":{"line":42,"column":22}},"loc":{"start":{"line":42,"column":26},"end":{"line":44,"column":5}},"line":42},"2":{"name":"getStorageRoot","decl":{"start":{"line":61,"column":9},"end":{"line":61,"column":23}},"loc":{"start":{"line":61,"column":26},"end":{"line":101,"column":1}},"line":61},"3":{"name":"getStoragePath","decl":{"start":{"line":108,"column":9},"end":{"line":108,"column":23}},"loc":{"start":{"line":108,"column":37},"end":{"line":111,"column":1}},"line":108},"4":{"name":"getJwtDefault","decl":{"start":{"line":121,"column":9},"end":{"line":121,"column":22}},"loc":{"start":{"line":121,"column":43},"end":{"line":132,"column":1}},"line":121},"5":{"name":"(anonymous_5)","decl":{"start":{"line":144,"column":46},"end":{"line":144,"column":47}},"loc":{"start":{"line":144,"column":56},"end":{"line":144,"column":69}},"line":144},"6":{"name":"(anonymous_6)","decl":{"start":{"line":190,"column":48},"end":{"line":190,"column":49}},"loc":{"start":{"line":190,"column":58},"end":{"line":190,"column":71}},"line":190}},"branchMap":{"0":{"loc":{"start":{"line":25,"column":2},"end":{"line":27,"column":3}},"type":"if","locations":[{"start":{"line":25,"column":2},"end":{"line":27,"column":3}},{"start":{},"end":{}}],"line":25},"1":{"loc":{"start":{"line":25,"column":6},"end":{"line":25,"column":81}},"type":"binary-expr","locations":[{"start":{"line":25,"column":6},"end":{"line":25,"column":36}},{"start":{"line":25,"column":40},"end":{"line":25,"column":81}}],"line":25},"2":{"loc":{"start":{"line":28,"column":2},"end":{"line":30,"column":3}},"type":"if","locations":[{"start":{"line":28,"column":2},"end":{"line":30,"column":3}},{"start":{},"end":{}}],"line":28},"3":{"loc":{"start":{"line":28,"column":6},"end":{"line":28,"column":83}},"type":"binary-expr","locations":[{"start":{"line":28,"column":6},"end":{"line":28,"column":37}},{"start":{"line":28,"column":41},"end":{"line":28,"column":83}}],"line":28},"4":{"loc":{"start":{"line":33,"column":2},"end":{"line":35,"column":3}},"type":"if","locations":[{"start":{"line":33,"column":2},"end":{"line":35,"column":3}},{"start":{},"end":{}}],"line":33},"5":{"loc":{"start":{"line":38,"column":2},"end":{"line":48,"column":3}},"type":"if","locations":[{"start":{"line":38,"column":2},"end":{"line":48,"column":3}},{"start":{},"end":{}}],"line":38},"6":{"loc":{"start":{"line":38,"column":6},"end":{"line":38,"column":66}},"type":"binary-expr","locations":[{"start":{"line":38,"column":6},"end":{"line":38,"column":25}},{"start":{"line":38,"column":29},"end":{"line":38,"column":66}}],"line":38},"7":{"loc":{"start":{"line":63,"column":2},"end":{"line":65,"column":3}},"type":"if","locations":[{"start":{"line":63,"column":2},"end":{"line":65,"column":3}},{"start":{},"end":{}}],"line":63},"8":{"loc":{"start":{"line":68,"column":19},"end":{"line":68,"column":84}},"type":"binary-expr","locations":[{"start":{"line":68,"column":19},"end":{"line":68,"column":47}},{"start":{"line":68,"column":51},"end":{"line":68,"column":84}}],"line":68},"9":{"loc":{"start":{"line":70,"column":2},"end":{"line":72,"column":3}},"type":"if","locations":[{"start":{"line":70,"column":2},"end":{"line":72,"column":3}},{"start":{},"end":{}}],"line":70},"10":{"loc":{"start":{"line":78,"column":9},"end":{"line":78,"column":73}},"type":"binary-expr","locations":[{"start":{"line":78,"column":9},"end":{"line":78,"column":27}},{"start":{"line":78,"column":31},"end":{"line":78,"column":73}}],"line":78},"11":{"loc":{"start":{"line":80,"column":4},"end":{"line":84,"column":5}},"type":"if","locations":[{"start":{"line":80,"column":4},"end":{"line":84,"column":5}},{"start":{},"end":{}}],"line":80},"12":{"loc":{"start":{"line":80,"column":8},"end":{"line":81,"column":70}},"type":"binary-expr","locations":[{"start":{"line":80,"column":8},"end":{"line":80,"column":47}},{"start":{"line":81,"column":8},"end":{"line":81,"column":70}}],"line":80},"13":{"loc":{"start":{"line":86,"column":4},"end":{"line":90,"column":5}},"type":"if","locations":[{"start":{"line":86,"column":4},"end":{"line":90,"column":5}},{"start":{},"end":{}}],"line":86},"14":{"loc":{"start":{"line":86,"column":8},"end":{"line":87,"column":56}},"type":"binary-expr","locations":[{"start":{"line":86,"column":8},"end":{"line":86,"column":55}},{"start":{"line":87,"column":8},"end":{"line":87,"column":56}}],"line":86},"15":{"loc":{"start":{"line":95,"column":2},"end":{"line":97,"column":3}},"type":"if","locations":[{"start":{"line":95,"column":2},"end":{"line":97,"column":3}},{"start":{},"end":{}}],"line":95},"16":{"loc":{"start":{"line":108,"column":24},"end":{"line":108,"column":35}},"type":"default-arg","locations":[{"start":{"line":108,"column":33},"end":{"line":108,"column":35}}],"line":108},"17":{"loc":{"start":{"line":110,"column":9},"end":{"line":110,"column":48}},"type":"cond-expr","locations":[{"start":{"line":110,"column":18},"end":{"line":110,"column":41}},{"start":{"line":110,"column":44},"end":{"line":110,"column":48}}],"line":110},"18":{"loc":{"start":{"line":122,"column":2},"end":{"line":124,"column":3}},"type":"if","locations":[{"start":{"line":122,"column":2},"end":{"line":124,"column":3}},{"start":{},"end":{}}],"line":122},"19":{"loc":{"start":{"line":126,"column":2},"end":{"line":128,"column":3}},"type":"if","locations":[{"start":{"line":126,"column":2},"end":{"line":128,"column":3}},{"start":{},"end":{}}],"line":126},"20":{"loc":{"start":{"line":137,"column":10},"end":{"line":137,"column":47}},"type":"binary-expr","locations":[{"start":{"line":137,"column":10},"end":{"line":137,"column":30}},{"start":{"line":137,"column":34},"end":{"line":137,"column":47}}],"line":137},"21":{"loc":{"start":{"line":139,"column":19},"end":{"line":139,"column":73}},"type":"binary-expr","locations":[{"start":{"line":139,"column":19},"end":{"line":139,"column":35}},{"start":{"line":139,"column":39},"end":{"line":139,"column":63}},{"start":{"line":139,"column":67},"end":{"line":139,"column":73}}],"line":139},"22":{"loc":{"start":{"line":140,"column":12},"end":{"line":140,"column":56}},"type":"binary-expr","locations":[{"start":{"line":140,"column":12},"end":{"line":140,"column":34}},{"start":{"line":140,"column":38},"end":{"line":140,"column":56}}],"line":140},"23":{"loc":{"start":{"line":141,"column":9},"end":{"line":141,"column":45}},"type":"binary-expr","locations":[{"start":{"line":141,"column":9},"end":{"line":141,"column":29}},{"start":{"line":141,"column":33},"end":{"line":141,"column":45}}],"line":141},"24":{"loc":{"start":{"line":143,"column":16},"end":{"line":149,"column":7}},"type":"cond-expr","locations":[{"start":{"line":144,"column":6},"end":{"line":144,"column":70}},{"start":{"line":145,"column":6},"end":{"line":149,"column":7}}],"line":143},"25":{"loc":{"start":{"line":154,"column":10},"end":{"line":154,"column":44}},"type":"binary-expr","locations":[{"start":{"line":154,"column":10},"end":{"line":154,"column":29}},{"start":{"line":154,"column":33},"end":{"line":154,"column":44}}],"line":154},"26":{"loc":{"start":{"line":155,"column":19},"end":{"line":155,"column":48}},"type":"binary-expr","locations":[{"start":{"line":155,"column":19},"end":{"line":155,"column":38}},{"start":{"line":155,"column":42},"end":{"line":155,"column":48}}],"line":155},"27":{"loc":{"start":{"line":156,"column":10},"end":{"line":156,"column":42}},"type":"binary-expr","locations":[{"start":{"line":156,"column":10},"end":{"line":156,"column":29}},{"start":{"line":156,"column":33},"end":{"line":156,"column":42}}],"line":156},"28":{"loc":{"start":{"line":157,"column":14},"end":{"line":157,"column":43}},"type":"binary-expr","locations":[{"start":{"line":157,"column":14},"end":{"line":157,"column":37}},{"start":{"line":157,"column":41},"end":{"line":157,"column":43}}],"line":157},"29":{"loc":{"start":{"line":158,"column":14},"end":{"line":158,"column":50}},"type":"binary-expr","locations":[{"start":{"line":158,"column":14},"end":{"line":158,"column":33}},{"start":{"line":158,"column":37},"end":{"line":158,"column":50}}],"line":158},"30":{"loc":{"start":{"line":160,"column":30},"end":{"line":160,"column":69}},"type":"binary-expr","locations":[{"start":{"line":160,"column":30},"end":{"line":160,"column":61}},{"start":{"line":160,"column":65},"end":{"line":160,"column":69}}],"line":160},"31":{"loc":{"start":{"line":164,"column":12},"end":{"line":164,"column":49}},"type":"binary-expr","locations":[{"start":{"line":164,"column":12},"end":{"line":164,"column":34}},{"start":{"line":164,"column":38},"end":{"line":164,"column":49}}],"line":164},"32":{"loc":{"start":{"line":165,"column":21},"end":{"line":165,"column":53}},"type":"binary-expr","locations":[{"start":{"line":165,"column":21},"end":{"line":165,"column":43}},{"start":{"line":165,"column":47},"end":{"line":165,"column":53}}],"line":165},"33":{"loc":{"start":{"line":166,"column":16},"end":{"line":166,"column":48}},"type":"binary-expr","locations":[{"start":{"line":166,"column":16},"end":{"line":166,"column":42}},{"start":{"line":166,"column":46},"end":{"line":166,"column":48}}],"line":166},"34":{"loc":{"start":{"line":167,"column":19},"end":{"line":167,"column":46}},"type":"binary-expr","locations":[{"start":{"line":167,"column":19},"end":{"line":167,"column":39}},{"start":{"line":167,"column":43},"end":{"line":167,"column":46}}],"line":167},"35":{"loc":{"start":{"line":168,"column":17},"end":{"line":168,"column":63}},"type":"binary-expr","locations":[{"start":{"line":168,"column":17},"end":{"line":168,"column":45}},{"start":{"line":168,"column":49},"end":{"line":168,"column":63}}],"line":168},"36":{"loc":{"start":{"line":179,"column":23},"end":{"line":179,"column":62}},"type":"binary-expr","locations":[{"start":{"line":179,"column":23},"end":{"line":179,"column":53}},{"start":{"line":179,"column":57},"end":{"line":179,"column":62}}],"line":179},"37":{"loc":{"start":{"line":180,"column":24},"end":{"line":180,"column":64}},"type":"binary-expr","locations":[{"start":{"line":180,"column":24},"end":{"line":180,"column":55}},{"start":{"line":180,"column":59},"end":{"line":180,"column":64}}],"line":180},"38":{"loc":{"start":{"line":189,"column":14},"end":{"line":195,"column":9}},"type":"cond-expr","locations":[{"start":{"line":190,"column":8},"end":{"line":190,"column":72}},{"start":{"line":191,"column":8},"end":{"line":195,"column":9}}],"line":189},"39":{"loc":{"start":{"line":200,"column":20},"end":{"line":200,"column":56}},"type":"binary-expr","locations":[{"start":{"line":200,"column":20},"end":{"line":200,"column":46}},{"start":{"line":200,"column":50},"end":{"line":200,"column":56}}],"line":200},"40":{"loc":{"start":{"line":210,"column":18},"end":{"line":210,"column":65}},"type":"binary-expr","locations":[{"start":{"line":210,"column":18},"end":{"line":210,"column":46}},{"start":{"line":210,"column":50},"end":{"line":210,"column":65}}],"line":210},"41":{"loc":{"start":{"line":211,"column":22},"end":{"line":211,"column":55}},"type":"binary-expr","locations":[{"start":{"line":211,"column":22},"end":{"line":211,"column":44}},{"start":{"line":211,"column":48},"end":{"line":211,"column":55}}],"line":211},"42":{"loc":{"start":{"line":212,"column":22},"end":{"line":212,"column":51}},"type":"binary-expr","locations":[{"start":{"line":212,"column":22},"end":{"line":212,"column":44}},{"start":{"line":212,"column":48},"end":{"line":212,"column":51}}],"line":212},"43":{"loc":{"start":{"line":236,"column":26},"end":{"line":236,"column":67}},"type":"binary-expr","locations":[{"start":{"line":236,"column":26},"end":{"line":236,"column":53}},{"start":{"line":236,"column":57},"end":{"line":236,"column":67}}],"line":236},"44":{"loc":{"start":{"line":243,"column":11},"end":{"line":243,"column":42}},"type":"binary-expr","locations":[{"start":{"line":243,"column":11},"end":{"line":243,"column":32}},{"start":{"line":243,"column":36},"end":{"line":243,"column":42}}],"line":243},"45":{"loc":{"start":{"line":244,"column":13},"end":{"line":244,"column":77}},"type":"binary-expr","locations":[{"start":{"line":244,"column":13},"end":{"line":244,"column":32}},{"start":{"line":244,"column":36},"end":{"line":244,"column":77}}],"line":244},"46":{"loc":{"start":{"line":253,"column":0},"end":{"line":261,"column":1}},"type":"if","locations":[{"start":{"line":253,"column":0},"end":{"line":261,"column":1}},{"start":{},"end":{}}],"line":253},"47":{"loc":{"start":{"line":253,"column":4},"end":{"line":253,"column":80}},"type":"binary-expr","locations":[{"start":{"line":253,"column":4},"end":{"line":253,"column":41}},{"start":{"line":253,"column":45},"end":{"line":253,"column":80}}],"line":253},"48":{"loc":{"start":{"line":255,"column":30},"end":{"line":255,"column":66}},"type":"binary-expr","locations":[{"start":{"line":255,"column":30},"end":{"line":255,"column":50}},{"start":{"line":255,"column":54},"end":{"line":255,"column":66}}],"line":255},"49":{"loc":{"start":{"line":259,"column":28},"end":{"line":259,"column":71}},"type":"cond-expr","locations":[{"start":{"line":259,"column":59},"end":{"line":259,"column":64}},{"start":{"line":259,"column":67},"end":{"line":259,"column":71}}],"line":259}},"s":{"0":3,"1":3,"2":3,"3":3,"4":0,"5":3,"6":0,"7":3,"8":0,"9":3,"10":0,"11":0,"12":0,"13":0,"14":0,"15":0,"16":0,"17":0,"18":45,"19":0,"20":45,"21":45,"22":0,"23":45,"24":45,"25":45,"26":135,"27":45,"28":45,"29":90,"30":0,"31":0,"32":90,"33":45,"34":45,"35":0,"36":39,"37":39,"38":3,"39":6,"40":6,"41":0,"42":0,"43":0,"44":3,"45":0,"46":0,"47":3,"48":3,"49":3,"50":3,"51":3,"52":3,"53":3,"54":3,"55":3,"56":3},"f":{"0":3,"1":0,"2":45,"3":39,"4":6,"5":0,"6":0},"b":{"0":[0,3],"1":[3,3],"2":[0,3],"3":[3,3],"4":[0,3],"5":[0,3],"6":[3,0],"7":[0,45],"8":[45,45],"9":[0,45],"10":[135,135],"11":[45,90],"12":[135,45],"13":[0,90],"14":[90,0],"15":[45,0],"16":[0],"17":[39,0],"18":[6,0],"19":[0,0],"20":[3,3],"21":[3,3,3],"22":[3,3],"23":[3,0],"24":[0,3],"25":[3,0],"26":[3,0],"27":[3,0],"28":[3,0],"29":[3,0],"30":[3,0],"31":[3,0],"32":[3,0],"33":[3,3],"34":[3,0],"35":[3,0],"36":[3,3],"37":[3,3],"38":[0,3],"39":[3,3],"40":[3,3],"41":[3,3],"42":[3,3],"43":[3,3],"44":[3,3],"45":[3,3],"46":[3,0],"47":[3,0],"48":[3,0],"49":[0,3]},"_coverageSchema":"1a1c01bbd47fc00a2c39e90264f33305004495a9","hash":"e2a1c09e6298c743bf77baa5397eb9105010215a"}
,"/var/www/ai-platform/backend/src/database/connection.js": {"path":"/var/www/ai-platform/backend/src/database/connection.js","statementMap":{"0":{"start":{"line":16,"column":14},"end":{"line":16,"column":39}},"1":{"start":{"line":17,"column":15},"end":{"line":17,"column":35}},"2":{"start":{"line":18,"column":15},"end":{"line":18,"column":41}},"3":{"start":{"line":22,"column":4},"end":{"line":22,"column":21}},"4":{"start":{"line":23,"column":4},"end":{"line":23,"column":29}},"5":{"start":{"line":30,"column":4},"end":{"line":65,"column":5}},"6":{"start":{"line":31,"column":6},"end":{"line":31,"column":36}},"7":{"start":{"line":33,"column":23},"end":{"line":33,"column":38}},"8":{"start":{"line":35,"column":6},"end":{"line":37,"column":7}},"9":{"start":{"line":36,"column":8},"end":{"line":36,"column":35}},"10":{"start":{"line":40,"column":6},"end":{"line":51,"column":9}},"11":{"start":{"line":54,"column":25},"end":{"line":54,"column":56}},"12":{"start":{"line":55,"column":6},"end":{"line":55,"column":30}},"13":{"start":{"line":56,"column":6},"end":{"line":56,"column":27}},"14":{"start":{"line":58,"column":6},"end":{"line":58,"column":30}},"15":{"start":{"line":59,"column":6},"end":{"line":59,"column":33}},"16":{"start":{"line":62,"column":6},"end":{"line":62,"column":31}},"17":{"start":{"line":63,"column":6},"end":{"line":63,"column":50}},"18":{"start":{"line":64,"column":6},"end":{"line":64,"column":18}},"19":{"start":{"line":79,"column":4},"end":{"line":92,"column":5}},"20":{"start":{"line":80,"column":6},"end":{"line":82,"column":7}},"21":{"start":{"line":81,"column":8},"end":{"line":81,"column":38}},"22":{"start":{"line":84,"column":29},"end":{"line":84,"column":65}},"23":{"start":{"line":85,"column":6},"end":{"line":85,"column":30}},"24":{"start":{"line":87,"column":6},"end":{"line":90,"column":9}},"25":{"start":{"line":91,"column":6},"end":{"line":91,"column":18}},"26":{"start":{"line":107,"column":4},"end":{"line":122,"column":5}},"27":{"start":{"line":108,"column":6},"end":{"line":110,"column":7}},"28":{"start":{"line":109,"column":8},"end":{"line":109,"column":38}},"29":{"start":{"line":114,"column":29},"end":{"line":114,"column":63}},"30":{"start":{"line":115,"column":6},"end":{"line":115,"column":30}},"31":{"start":{"line":117,"column":6},"end":{"line":120,"column":9}},"32":{"start":{"line":121,"column":6},"end":{"line":121,"column":18}},"33":{"start":{"line":136,"column":4},"end":{"line":138,"column":5}},"34":{"start":{"line":137,"column":6},"end":{"line":137,"column":36}},"35":{"start":{"line":140,"column":23},"end":{"line":140,"column":54}},"36":{"start":{"line":142,"column":4},"end":{"line":184,"column":5}},"37":{"start":{"line":143,"column":6},"end":{"line":143,"column":42}},"38":{"start":{"line":145,"column":6},"end":{"line":178,"column":8}},"39":{"start":{"line":151,"column":33},"end":{"line":151,"column":70}},"40":{"start":{"line":152,"column":10},"end":{"line":152,"column":34}},"41":{"start":{"line":158,"column":10},"end":{"line":158,"column":36}},"42":{"start":{"line":159,"column":10},"end":{"line":159,"column":31}},"43":{"start":{"line":165,"column":10},"end":{"line":169,"column":11}},"44":{"start":{"line":166,"column":12},"end":{"line":166,"column":40}},"45":{"start":{"line":168,"column":12},"end":{"line":168,"column":57}},"46":{"start":{"line":170,"column":10},"end":{"line":170,"column":31}},"47":{"start":{"line":176,"column":10},"end":{"line":176,"column":31}},"48":{"start":{"line":181,"column":6},"end":{"line":181,"column":27}},"49":{"start":{"line":182,"column":6},"end":{"line":182,"column":45}},"50":{"start":{"line":183,"column":6},"end":{"line":183,"column":18}},"51":{"start":{"line":204,"column":4},"end":{"line":206,"column":5}},"52":{"start":{"line":205,"column":6},"end":{"line":205,"column":36}},"53":{"start":{"line":208,"column":23},"end":{"line":208,"column":54}},"54":{"start":{"line":210,"column":4},"end":{"line":236,"column":5}},"55":{"start":{"line":211,"column":6},"end":{"line":211,"column":42}},"56":{"start":{"line":213,"column":31},"end":{"line":216,"column":7}},"57":{"start":{"line":214,"column":31},"end":{"line":214,"column":68}},"58":{"start":{"line":215,"column":8},"end":{"line":215,"column":32}},"59":{"start":{"line":219,"column":21},"end":{"line":219,"column":53}},"60":{"start":{"line":221,"column":6},"end":{"line":221,"column":32}},"61":{"start":{"line":222,"column":6},"end":{"line":222,"column":27}},"62":{"start":{"line":224,"column":6},"end":{"line":224,"column":20}},"63":{"start":{"line":227,"column":6},"end":{"line":231,"column":7}},"64":{"start":{"line":228,"column":8},"end":{"line":228,"column":36}},"65":{"start":{"line":230,"column":8},"end":{"line":230,"column":55}},"66":{"start":{"line":232,"column":6},"end":{"line":232,"column":27}},"67":{"start":{"line":234,"column":6},"end":{"line":234,"column":45}},"68":{"start":{"line":235,"column":6},"end":{"line":235,"column":18}},"69":{"start":{"line":245,"column":4},"end":{"line":249,"column":6}},"70":{"start":{"line":257,"column":4},"end":{"line":265,"column":5}},"71":{"start":{"line":258,"column":6},"end":{"line":262,"column":7}},"72":{"start":{"line":259,"column":8},"end":{"line":259,"column":30}},"73":{"start":{"line":260,"column":8},"end":{"line":260,"column":33}},"74":{"start":{"line":261,"column":8},"end":{"line":261,"column":33}},"75":{"start":{"line":264,"column":6},"end":{"line":264,"column":49}},"76":{"start":{"line":270,"column":21},"end":{"line":270,"column":45}},"77":{"start":{"line":272,"column":0},"end":{"line":272,"column":30}}},"fnMap":{"0":{"name":"(anonymous_0)","decl":{"start":{"line":21,"column":2},"end":{"line":21,"column":3}},"loc":{"start":{"line":21,"column":16},"end":{"line":24,"column":3}},"line":21},"1":{"name":"(anonymous_1)","decl":{"start":{"line":29,"column":2},"end":{"line":29,"column":3}},"loc":{"start":{"line":29,"column":21},"end":{"line":66,"column":3}},"line":29},"2":{"name":"(anonymous_2)","decl":{"start":{"line":78,"column":2},"end":{"line":78,"column":3}},"loc":{"start":{"line":78,"column":32},"end":{"line":93,"column":3}},"line":78},"3":{"name":"(anonymous_3)","decl":{"start":{"line":106,"column":2},"end":{"line":106,"column":3}},"loc":{"start":{"line":106,"column":38},"end":{"line":123,"column":3}},"line":106},"4":{"name":"(anonymous_4)","decl":{"start":{"line":135,"column":2},"end":{"line":135,"column":3}},"loc":{"start":{"line":135,"column":27},"end":{"line":185,"column":3}},"line":135},"5":{"name":"(anonymous_5)","decl":{"start":{"line":150,"column":15},"end":{"line":150,"column":16}},"loc":{"start":{"line":150,"column":43},"end":{"line":153,"column":9}},"line":150},"6":{"name":"(anonymous_6)","decl":{"start":{"line":157,"column":16},"end":{"line":157,"column":17}},"loc":{"start":{"line":157,"column":28},"end":{"line":160,"column":9}},"line":157},"7":{"name":"(anonymous_7)","decl":{"start":{"line":164,"column":18},"end":{"line":164,"column":19}},"loc":{"start":{"line":164,"column":30},"end":{"line":171,"column":9}},"line":164},"8":{"name":"(anonymous_8)","decl":{"start":{"line":175,"column":17},"end":{"line":175,"column":18}},"loc":{"start":{"line":175,"column":23},"end":{"line":177,"column":9}},"line":175},"9":{"name":"(anonymous_9)","decl":{"start":{"line":203,"column":2},"end":{"line":203,"column":3}},"loc":{"start":{"line":203,"column":30},"end":{"line":237,"column":3}},"line":203},"10":{"name":"(anonymous_10)","decl":{"start":{"line":213,"column":31},"end":{"line":213,"column":32}},"loc":{"start":{"line":213,"column":59},"end":{"line":216,"column":7}},"line":213},"11":{"name":"(anonymous_11)","decl":{"start":{"line":244,"column":2},"end":{"line":244,"column":3}},"loc":{"start":{"line":244,"column":14},"end":{"line":250,"column":3}},"line":244},"12":{"name":"(anonymous_12)","decl":{"start":{"line":256,"column":2},"end":{"line":256,"column":3}},"loc":{"start":{"line":256,"column":16},"end":{"line":266,"column":3}},"line":256}},"branchMap":{"0":{"loc":{"start":{"line":35,"column":6},"end":{"line":37,"column":7}},"type":"if","locations":[{"start":{"line":35,"column":6},"end":{"line":37,"column":7}},{"start":{},"end":{}}],"line":35},"1":{"loc":{"start":{"line":35,"column":10},"end":{"line":35,"column":37}},"type":"binary-expr","locations":[{"start":{"line":35,"column":10},"end":{"line":35,"column":19}},{"start":{"line":35,"column":23},"end":{"line":35,"column":37}}],"line":35},"2":{"loc":{"start":{"line":42,"column":14},"end":{"line":42,"column":35}},"type":"binary-expr","locations":[{"start":{"line":42,"column":14},"end":{"line":42,"column":27}},{"start":{"line":42,"column":31},"end":{"line":42,"column":35}}],"line":42},"3":{"loc":{"start":{"line":47,"column":25},"end":{"line":47,"column":55}},"type":"binary-expr","locations":[{"start":{"line":47,"column":25},"end":{"line":47,"column":49}},{"start":{"line":47,"column":53},"end":{"line":47,"column":55}}],"line":47},"4":{"loc":{"start":{"line":49,"column":17},"end":{"line":49,"column":46}},"type":"binary-expr","locations":[{"start":{"line":49,"column":17},"end":{"line":49,"column":33}},{"start":{"line":49,"column":37},"end":{"line":49,"column":46}}],"line":49},"5":{"loc":{"start":{"line":78,"column":19},"end":{"line":78,"column":30}},"type":"default-arg","locations":[{"start":{"line":78,"column":28},"end":{"line":78,"column":30}}],"line":78},"6":{"loc":{"start":{"line":80,"column":6},"end":{"line":82,"column":7}},"type":"if","locations":[{"start":{"line":80,"column":6},"end":{"line":82,"column":7}},{"start":{},"end":{}}],"line":80},"7":{"loc":{"start":{"line":106,"column":25},"end":{"line":106,"column":36}},"type":"default-arg","locations":[{"start":{"line":106,"column":34},"end":{"line":106,"column":36}}],"line":106},"8":{"loc":{"start":{"line":108,"column":6},"end":{"line":110,"column":7}},"type":"if","locations":[{"start":{"line":108,"column":6},"end":{"line":110,"column":7}},{"start":{},"end":{}}],"line":108},"9":{"loc":{"start":{"line":136,"column":4},"end":{"line":138,"column":5}},"type":"if","locations":[{"start":{"line":136,"column":4},"end":{"line":138,"column":5}},{"start":{},"end":{}}],"line":136},"10":{"loc":{"start":{"line":150,"column":27},"end":{"line":150,"column":38}},"type":"default-arg","locations":[{"start":{"line":150,"column":36},"end":{"line":150,"column":38}}],"line":150},"11":{"loc":{"start":{"line":204,"column":4},"end":{"line":206,"column":5}},"type":"if","locations":[{"start":{"line":204,"column":4},"end":{"line":206,"column":5}},{"start":{},"end":{}}],"line":204},"12":{"loc":{"start":{"line":213,"column":43},"end":{"line":213,"column":54}},"type":"default-arg","locations":[{"start":{"line":213,"column":52},"end":{"line":213,"column":54}}],"line":213},"13":{"loc":{"start":{"line":247,"column":23},"end":{"line":247,"column":78}},"type":"cond-expr","locations":[{"start":{"line":247,"column":35},"end":{"line":247,"column":74}},{"start":{"line":247,"column":77},"end":{"line":247,"column":78}}],"line":247},"14":{"loc":{"start":{"line":247,"column":35},"end":{"line":247,"column":74}},"type":"binary-expr","locations":[{"start":{"line":247,"column":35},"end":{"line":247,"column":69}},{"start":{"line":247,"column":73},"end":{"line":247,"column":74}}],"line":247},"15":{"loc":{"start":{"line":248,"column":23},"end":{"line":248,"column":78}},"type":"cond-expr","locations":[{"start":{"line":248,"column":35},"end":{"line":248,"column":74}},{"start":{"line":248,"column":77},"end":{"line":248,"column":78}}],"line":248},"16":{"loc":{"start":{"line":248,"column":35},"end":{"line":248,"column":74}},"type":"binary-expr","locations":[{"start":{"line":248,"column":35},"end":{"line":248,"column":69}},{"start":{"line":248,"column":73},"end":{"line":248,"column":74}}],"line":248},"17":{"loc":{"start":{"line":258,"column":6},"end":{"line":262,"column":7}},"type":"if","locations":[{"start":{"line":258,"column":6},"end":{"line":262,"column":7}},{"start":{},"end":{}}],"line":258}},"s":{"0":3,"1":3,"2":3,"3":3,"4":3,"5":3,"6":3,"7":3,"8":3,"9":0,"10":3,"11":3,"12":3,"13":3,"14":3,"15":3,"16":0,"17":0,"18":0,"19":1624,"20":1624,"21":0,"22":1624,"23":1624,"24":0,"25":0,"26":3,"27":3,"28":0,"29":3,"30":3,"31":0,"32":0,"33":0,"34":0,"35":0,"36":0,"37":0,"38":0,"39":0,"40":0,"41":0,"42":0,"43":0,"44":0,"45":0,"46":0,"47":0,"48":0,"49":0,"50":0,"51":13,"52":0,"53":13,"54":13,"55":13,"56":13,"57":36,"58":36,"59":13,"60":12,"61":12,"62":12,"63":1,"64":1,"65":0,"66":1,"67":1,"68":1,"69":0,"70":3,"71":3,"72":3,"73":3,"74":3,"75":0,"76":3,"77":3},"f":{"0":3,"1":3,"2":1624,"3":3,"4":0,"5":0,"6":0,"7":0,"8":0,"9":13,"10":36,"11":0,"12":3},"b":{"0":[0,3],"1":[3,3],"2":[3,0],"3":[3,0],"4":[3,0],"5":[1374],"6":[0,1624],"7":[0],"8":[0,3],"9":[0,0],"10":[0],"11":[0,13],"12":[0],"13":[0,0],"14":[0,0],"15":[0,0],"16":[0,0],"17":[3,0]},"_coverageSchema":"1a1c01bbd47fc00a2c39e90264f33305004495a9","hash":"4b929273c688ef411136af5cc0b85649fb842749"}
,"/var/www/ai-platform/backend/src/database/redis.js": {"path":"/var/www/ai-platform/backend/src/database/redis.js","statementMap":{"0":{"start":{"line":15,"column":25},"end":{"line":15,"column":41}},"1":{"start":{"line":16,"column":15},"end":{"line":16,"column":35}},"2":{"start":{"line":17,"column":15},"end":{"line":17,"column":41}},"3":{"start":{"line":21,"column":4},"end":{"line":21,"column":23}},"4":{"start":{"line":22,"column":4},"end":{"line":22,"column":29}},"5":{"start":{"line":32,"column":4},"end":{"line":90,"column":5}},"6":{"start":{"line":34,"column":28},"end":{"line":34,"column":71}},"7":{"start":{"line":36,"column":6},"end":{"line":49,"column":9}},"8":{"start":{"line":41,"column":12},"end":{"line":43,"column":13}},"9":{"start":{"line":42,"column":14},"end":{"line":42,"column":27}},"10":{"start":{"line":44,"column":12},"end":{"line":44,"column":88}},"11":{"start":{"line":52,"column":6},"end":{"line":54,"column":9}},"12":{"start":{"line":53,"column":8},"end":{"line":53,"column":37}},"13":{"start":{"line":56,"column":6},"end":{"line":63,"column":9}},"14":{"start":{"line":57,"column":8},"end":{"line":57,"column":32}},"15":{"start":{"line":58,"column":8},"end":{"line":62,"column":11}},"16":{"start":{"line":65,"column":6},"end":{"line":68,"column":9}},"17":{"start":{"line":66,"column":8},"end":{"line":66,"column":33}},"18":{"start":{"line":67,"column":8},"end":{"line":67,"column":40}},"19":{"start":{"line":70,"column":6},"end":{"line":73,"column":9}},"20":{"start":{"line":71,"column":8},"end":{"line":71,"column":33}},"21":{"start":{"line":72,"column":8},"end":{"line":72,"column":34}},"22":{"start":{"line":75,"column":6},"end":{"line":77,"column":9}},"23":{"start":{"line":76,"column":8},"end":{"line":76,"column":37}},"24":{"start":{"line":80,"column":6},"end":{"line":80,"column":34}},"25":{"start":{"line":83,"column":6},"end":{"line":83,"column":24}},"26":{"start":{"line":85,"column":6},"end":{"line":85,"column":32}},"27":{"start":{"line":88,"column":6},"end":{"line":88,"column":41}},"28":{"start":{"line":89,"column":6},"end":{"line":89,"column":18}},"29":{"start":{"line":98,"column":4},"end":{"line":107,"column":5}},"30":{"start":{"line":99,"column":21},"end":{"line":99,"column":45}},"31":{"start":{"line":100,"column":6},"end":{"line":102,"column":7}},"32":{"start":{"line":101,"column":8},"end":{"line":101,"column":42}},"33":{"start":{"line":103,"column":6},"end":{"line":103,"column":18}},"34":{"start":{"line":105,"column":6},"end":{"line":105,"column":43}},"35":{"start":{"line":106,"column":6},"end":{"line":106,"column":18}},"36":{"start":{"line":115,"column":4},"end":{"line":117,"column":5}},"37":{"start":{"line":116,"column":6},"end":{"line":116,"column":40}},"38":{"start":{"line":125,"column":4},"end":{"line":125,"column":28}},"39":{"start":{"line":126,"column":4},"end":{"line":126,"column":23}},"40":{"start":{"line":138,"column":4},"end":{"line":153,"column":5}},"41":{"start":{"line":139,"column":6},"end":{"line":139,"column":30}},"42":{"start":{"line":140,"column":22},"end":{"line":140,"column":59}},"43":{"start":{"line":141,"column":26},"end":{"line":141,"column":83}},"44":{"start":{"line":143,"column":6},"end":{"line":147,"column":7}},"45":{"start":{"line":144,"column":8},"end":{"line":144,"column":69}},"46":{"start":{"line":146,"column":8},"end":{"line":146,"column":52}},"47":{"start":{"line":149,"column":6},"end":{"line":149,"column":18}},"48":{"start":{"line":151,"column":6},"end":{"line":151,"column":68}},"49":{"start":{"line":152,"column":6},"end":{"line":152,"column":18}},"50":{"start":{"line":163,"column":4},"end":{"line":181,"column":5}},"51":{"start":{"line":164,"column":6},"end":{"line":164,"column":30}},"52":{"start":{"line":165,"column":22},"end":{"line":165,"column":59}},"53":{"start":{"line":166,"column":20},"end":{"line":166,"column":50}},"54":{"start":{"line":168,"column":6},"end":{"line":170,"column":7}},"55":{"start":{"line":169,"column":8},"end":{"line":169,"column":20}},"56":{"start":{"line":173,"column":6},"end":{"line":177,"column":7}},"57":{"start":{"line":174,"column":8},"end":{"line":174,"column":33}},"58":{"start":{"line":176,"column":8},"end":{"line":176,"column":21}},"59":{"start":{"line":179,"column":6},"end":{"line":179,"column":68}},"60":{"start":{"line":180,"column":6},"end":{"line":180,"column":18}},"61":{"start":{"line":191,"column":4},"end":{"line":199,"column":5}},"62":{"start":{"line":192,"column":6},"end":{"line":192,"column":30}},"63":{"start":{"line":193,"column":22},"end":{"line":193,"column":59}},"64":{"start":{"line":194,"column":21},"end":{"line":194,"column":51}},"65":{"start":{"line":195,"column":6},"end":{"line":195,"column":24}},"66":{"start":{"line":197,"column":6},"end":{"line":197,"column":68}},"67":{"start":{"line":198,"column":6},"end":{"line":198,"column":18}},"68":{"start":{"line":209,"column":4},"end":{"line":217,"column":5}},"69":{"start":{"line":210,"column":6},"end":{"line":210,"column":30}},"70":{"start":{"line":211,"column":22},"end":{"line":211,"column":59}},"71":{"start":{"line":212,"column":21},"end":{"line":212,"column":54}},"72":{"start":{"line":213,"column":6},"end":{"line":213,"column":26}},"73":{"start":{"line":215,"column":6},"end":{"line":215,"column":71}},"74":{"start":{"line":216,"column":6},"end":{"line":216,"column":18}},"75":{"start":{"line":228,"column":4},"end":{"line":236,"column":5}},"76":{"start":{"line":229,"column":6},"end":{"line":229,"column":30}},"77":{"start":{"line":230,"column":22},"end":{"line":230,"column":59}},"78":{"start":{"line":231,"column":21},"end":{"line":231,"column":63}},"79":{"start":{"line":232,"column":6},"end":{"line":232,"column":26}},"80":{"start":{"line":234,"column":6},"end":{"line":234,"column":80}},"81":{"start":{"line":235,"column":6},"end":{"line":235,"column":18}},"82":{"start":{"line":245,"column":4},"end":{"line":251,"column":6}},"83":{"start":{"line":259,"column":4},"end":{"line":269,"column":5}},"84":{"start":{"line":260,"column":6},"end":{"line":264,"column":7}},"85":{"start":{"line":261,"column":8},"end":{"line":261,"column":33}},"86":{"start":{"line":262,"column":8},"end":{"line":262,"column":33}},"87":{"start":{"line":263,"column":8},"end":{"line":263,"column":34}},"88":{"start":{"line":267,"column":6},"end":{"line":267,"column":58}},"89":{"start":{"line":268,"column":6},"end":{"line":268,"column":31}},"90":{"start":{"line":274,"column":24},"end":{"line":274,"column":45}},"91":{"start":{"line":276,"column":0},"end":{"line":276,"column":33}}},"fnMap":{"0":{"name":"(anonymous_0)","decl":{"start":{"line":20,"column":2},"end":{"line":20,"column":3}},"loc":{"start":{"line":20,"column":16},"end":{"line":23,"column":3}},"line":20},"1":{"name":"(anonymous_1)","decl":{"start":{"line":31,"column":2},"end":{"line":31,"column":3}},"loc":{"start":{"line":31,"column":21},"end":{"line":91,"column":3}},"line":31},"2":{"name":"(anonymous_2)","decl":{"start":{"line":40,"column":29},"end":{"line":40,"column":30}},"loc":{"start":{"line":40,"column":42},"end":{"line":45,"column":11}},"line":40},"3":{"name":"(anonymous_3)","decl":{"start":{"line":52,"column":32},"end":{"line":52,"column":33}},"loc":{"start":{"line":52,"column":38},"end":{"line":54,"column":7}},"line":52},"4":{"name":"(anonymous_4)","decl":{"start":{"line":56,"column":30},"end":{"line":56,"column":31}},"loc":{"start":{"line":56,"column":36},"end":{"line":63,"column":7}},"line":56},"5":{"name":"(anonymous_5)","decl":{"start":{"line":65,"column":30},"end":{"line":65,"column":31}},"loc":{"start":{"line":65,"column":39},"end":{"line":68,"column":7}},"line":65},"6":{"name":"(anonymous_6)","decl":{"start":{"line":70,"column":28},"end":{"line":70,"column":29}},"loc":{"start":{"line":70,"column":34},"end":{"line":73,"column":7}},"line":70},"7":{"name":"(anonymous_7)","decl":{"start":{"line":75,"column":37},"end":{"line":75,"column":38}},"loc":{"start":{"line":75,"column":43},"end":{"line":77,"column":7}},"line":75},"8":{"name":"(anonymous_8)","decl":{"start":{"line":97,"column":2},"end":{"line":97,"column":3}},"loc":{"start":{"line":97,"column":15},"end":{"line":108,"column":3}},"line":97},"9":{"name":"(anonymous_9)","decl":{"start":{"line":114,"column":2},"end":{"line":114,"column":3}},"loc":{"start":{"line":114,"column":21},"end":{"line":118,"column":3}},"line":114},"10":{"name":"(anonymous_10)","decl":{"start":{"line":124,"column":2},"end":{"line":124,"column":3}},"loc":{"start":{"line":124,"column":14},"end":{"line":127,"column":3}},"line":124},"11":{"name":"(anonymous_11)","decl":{"start":{"line":137,"column":2},"end":{"line":137,"column":3}},"loc":{"start":{"line":137,"column":46},"end":{"line":154,"column":3}},"line":137},"12":{"name":"(anonymous_12)","decl":{"start":{"line":162,"column":2},"end":{"line":162,"column":3}},"loc":{"start":{"line":162,"column":17},"end":{"line":182,"column":3}},"line":162},"13":{"name":"(anonymous_13)","decl":{"start":{"line":190,"column":2},"end":{"line":190,"column":3}},"loc":{"start":{"line":190,"column":17},"end":{"line":200,"column":3}},"line":190},"14":{"name":"(anonymous_14)","decl":{"start":{"line":208,"column":2},"end":{"line":208,"column":3}},"loc":{"start":{"line":208,"column":20},"end":{"line":218,"column":3}},"line":208},"15":{"name":"(anonymous_15)","decl":{"start":{"line":227,"column":2},"end":{"line":227,"column":3}},"loc":{"start":{"line":227,"column":29},"end":{"line":237,"column":3}},"line":227},"16":{"name":"(anonymous_16)","decl":{"start":{"line":244,"column":2},"end":{"line":244,"column":3}},"loc":{"start":{"line":244,"column":14},"end":{"line":252,"column":3}},"line":244},"17":{"name":"(anonymous_17)","decl":{"start":{"line":258,"column":2},"end":{"line":258,"column":3}},"loc":{"start":{"line":258,"column":16},"end":{"line":270,"column":3}},"line":258}},"branchMap":{"0":{"loc":{"start":{"line":34,"column":28},"end":{"line":34,"column":71}},"type":"binary-expr","locations":[{"start":{"line":34,"column":28},"end":{"line":34,"column":58}},{"start":{"line":34,"column":62},"end":{"line":34,"column":71}}],"line":34},"1":{"loc":{"start":{"line":41,"column":12},"end":{"line":43,"column":13}},"type":"if","locations":[{"start":{"line":41,"column":12},"end":{"line":43,"column":13}},{"start":{},"end":{}}],"line":41},"2":{"loc":{"start":{"line":100,"column":6},"end":{"line":102,"column":7}},"type":"if","locations":[{"start":{"line":100,"column":6},"end":{"line":102,"column":7}},{"start":{},"end":{}}],"line":100},"3":{"loc":{"start":{"line":115,"column":4},"end":{"line":117,"column":5}},"type":"if","locations":[{"start":{"line":115,"column":4},"end":{"line":117,"column":5}},{"start":{},"end":{}}],"line":115},"4":{"loc":{"start":{"line":115,"column":8},"end":{"line":115,"column":41}},"type":"binary-expr","locations":[{"start":{"line":115,"column":8},"end":{"line":115,"column":20}},{"start":{"line":115,"column":24},"end":{"line":115,"column":41}}],"line":115},"5":{"loc":{"start":{"line":137,"column":24},"end":{"line":137,"column":44}},"type":"default-arg","locations":[{"start":{"line":137,"column":40},"end":{"line":137,"column":44}}],"line":137},"6":{"loc":{"start":{"line":141,"column":26},"end":{"line":141,"column":83}},"type":"cond-expr","locations":[{"start":{"line":141,"column":54},"end":{"line":141,"column":59}},{"start":{"line":141,"column":62},"end":{"line":141,"column":83}}],"line":141},"7":{"loc":{"start":{"line":143,"column":6},"end":{"line":147,"column":7}},"type":"if","locations":[{"start":{"line":143,"column":6},"end":{"line":147,"column":7}},{"start":{"line":145,"column":13},"end":{"line":147,"column":7}}],"line":143},"8":{"loc":{"start":{"line":168,"column":6},"end":{"line":170,"column":7}},"type":"if","locations":[{"start":{"line":168,"column":6},"end":{"line":170,"column":7}},{"start":{},"end":{}}],"line":168},"9":{"loc":{"start":{"line":247,"column":14},"end":{"line":250,"column":14}},"type":"cond-expr","locations":[{"start":{"line":247,"column":28},"end":{"line":250,"column":7}},{"start":{"line":250,"column":10},"end":{"line":250,"column":14}}],"line":247},"10":{"loc":{"start":{"line":260,"column":6},"end":{"line":264,"column":7}},"type":"if","locations":[{"start":{"line":260,"column":6},"end":{"line":264,"column":7}},{"start":{},"end":{}}],"line":260}},"s":{"0":1,"1":1,"2":1,"3":1,"4":1,"5":0,"6":0,"7":0,"8":0,"9":0,"10":0,"11":0,"12":0,"13":0,"14":0,"15":0,"16":0,"17":0,"18":0,"19":0,"20":0,"21":0,"22":0,"23":0,"24":0,"25":0,"26":0,"27":0,"28":0,"29":0,"30":0,"31":0,"32":0,"33":0,"34":0,"35":0,"36":0,"37":0,"38":0,"39":0,"40":0,"41":0,"42":0,"43":0,"44":0,"45":0,"46":0,"47":0,"48":0,"49":0,"50":0,"51":0,"52":0,"53":0,"54":0,"55":0,"56":0,"57":0,"58":0,"59":0,"60":0,"61":0,"62":0,"63":0,"64":0,"65":0,"66":0,"67":0,"68":0,"69":0,"70":0,"71":0,"72":0,"73":0,"74":0,"75":0,"76":0,"77":0,"78":0,"79":0,"80":0,"81":0,"82":0,"83":0,"84":0,"85":0,"86":0,"87":0,"88":0,"89":0,"90":1,"91":1},"f":{"0":1,"1":0,"2":0,"3":0,"4":0,"5":0,"6":0,"7":0,"8":0,"9":0,"10":0,"11":0,"12":0,"13":0,"14":0,"15":0,"16":0,"17":0},"b":{"0":[0,0],"1":[0,0],"2":[0,0],"3":[0,0],"4":[0,0],"5":[0],"6":[0,0],"7":[0,0],"8":[0,0],"9":[0,0],"10":[0,0]},"_coverageSchema":"1a1c01bbd47fc00a2c39e90264f33305004495a9","hash":"4908ef18f5d86434eba6db1de2e1c36c30f8cefa"}
,"/var/www/ai-platform/backend/src/models/Conversation.js": {"path":"/var/www/ai-platform/backend/src/models/Conversation.js","statementMap":{"0":{"start":{"line":10,"column":23},"end":{"line":10,"column":38}},"1":{"start":{"line":11,"column":21},"end":{"line":11,"column":54}},"2":{"start":{"line":12,"column":26},"end":{"line":12,"column":52}},"3":{"start":{"line":13,"column":15},"end":{"line":13,"column":41}},"4":{"start":{"line":14,"column":21},"end":{"line":14,"column":46}},"5":{"start":{"line":18,"column":4},"end":{"line":18,"column":30}},"6":{"start":{"line":19,"column":4},"end":{"line":19,"column":40}},"7":{"start":{"line":20,"column":4},"end":{"line":20,"column":42}},"8":{"start":{"line":21,"column":4},"end":{"line":21,"column":46}},"9":{"start":{"line":22,"column":4},"end":{"line":22,"column":52}},"10":{"start":{"line":23,"column":4},"end":{"line":23,"column":58}},"11":{"start":{"line":24,"column":4},"end":{"line":24,"column":68}},"12":{"start":{"line":25,"column":4},"end":{"line":25,"column":50}},"13":{"start":{"line":26,"column":4},"end":{"line":26,"column":41}},"14":{"start":{"line":27,"column":4},"end":{"line":27,"column":39}},"15":{"start":{"line":28,"column":4},"end":{"line":28,"column":49}},"16":{"start":{"line":29,"column":4},"end":{"line":29,"column":47}},"17":{"start":{"line":30,"column":4},"end":{"line":30,"column":56}},"18":{"start":{"line":31,"column":4},"end":{"line":31,"column":52}},"19":{"start":{"line":32,"column":4},"end":{"line":32,"column":53}},"20":{"start":{"line":33,"column":4},"end":{"line":33,"column":53}},"21":{"start":{"line":34,"column":4},"end":{"line":34,"column":46}},"22":{"start":{"line":35,"column":4},"end":{"line":35,"column":46}},"23":{"start":{"line":36,"column":4},"end":{"line":36,"column":46}},"24":{"start":{"line":43,"column":4},"end":{"line":55,"column":5}},"25":{"start":{"line":44,"column":18},"end":{"line":44,"column":60}},"26":{"start":{"line":45,"column":23},"end":{"line":45,"column":58}},"27":{"start":{"line":47,"column":6},"end":{"line":49,"column":7}},"28":{"start":{"line":48,"column":8},"end":{"line":48,"column":20}},"29":{"start":{"line":51,"column":6},"end":{"line":51,"column":39}},"30":{"start":{"line":53,"column":6},"end":{"line":53,"column":41}},"31":{"start":{"line":54,"column":6},"end":{"line":54,"column":65}},"32":{"start":{"line":62,"column":4},"end":{"line":74,"column":5}},"33":{"start":{"line":63,"column":18},"end":{"line":63,"column":66}},"34":{"start":{"line":64,"column":23},"end":{"line":64,"column":70}},"35":{"start":{"line":66,"column":6},"end":{"line":68,"column":7}},"36":{"start":{"line":67,"column":8},"end":{"line":67,"column":21}},"37":{"start":{"line":70,"column":6},"end":{"line":70,"column":40}},"38":{"start":{"line":72,"column":6},"end":{"line":72,"column":40}},"39":{"start":{"line":73,"column":6},"end":{"line":73,"column":19}},"40":{"start":{"line":81,"column":4},"end":{"line":151,"column":5}},"41":{"start":{"line":94,"column":10},"end":{"line":94,"column":26}},"42":{"start":{"line":97,"column":31},"end":{"line":97,"column":34}},"43":{"start":{"line":98,"column":6},"end":{"line":108,"column":7}},"44":{"start":{"line":99,"column":8},"end":{"line":107,"column":9}},"45":{"start":{"line":100,"column":33},"end":{"line":100,"column":74}},"46":{"start":{"line":101,"column":10},"end":{"line":104,"column":11}},"47":{"start":{"line":102,"column":12},"end":{"line":102,"column":82}},"48":{"start":{"line":103,"column":12},"end":{"line":103,"column":72}},"49":{"start":{"line":106,"column":10},"end":{"line":106,"column":82}},"50":{"start":{"line":110,"column":29},"end":{"line":110,"column":37}},"51":{"start":{"line":112,"column":18},"end":{"line":115,"column":7}},"52":{"start":{"line":117,"column":6},"end":{"line":132,"column":9}},"53":{"start":{"line":134,"column":6},"end":{"line":145,"column":9}},"54":{"start":{"line":147,"column":6},"end":{"line":147,"column":57}},"55":{"start":{"line":149,"column":6},"end":{"line":149,"column":37}},"56":{"start":{"line":150,"column":6},"end":{"line":150,"column":65}},"57":{"start":{"line":158,"column":4},"end":{"line":215,"column":5}},"58":{"start":{"line":159,"column":60},"end":{"line":159,"column":67}},"59":{"start":{"line":161,"column":6},"end":{"line":161,"column":71}},"60":{"start":{"line":164,"column":24},"end":{"line":164,"column":43}},"61":{"start":{"line":165,"column":21},"end":{"line":165,"column":29}},"62":{"start":{"line":168,"column":6},"end":{"line":171,"column":7}},"63":{"start":{"line":169,"column":8},"end":{"line":169,"column":47}},"64":{"start":{"line":170,"column":8},"end":{"line":170,"column":34}},"65":{"start":{"line":174,"column":23},"end":{"line":174,"column":83}},"66":{"start":{"line":175,"column":34},"end":{"line":175,"column":76}},"67":{"start":{"line":176,"column":20},"end":{"line":176,"column":38}},"68":{"start":{"line":178,"column":6},"end":{"line":178,"column":49}},"69":{"start":{"line":181,"column":21},"end":{"line":181,"column":39}},"70":{"start":{"line":182,"column":22},"end":{"line":187,"column":7}},"71":{"start":{"line":189,"column":6},"end":{"line":193,"column":9}},"72":{"start":{"line":195,"column":23},"end":{"line":195,"column":90}},"73":{"start":{"line":197,"column":6},"end":{"line":197,"column":62}},"74":{"start":{"line":199,"column":6},"end":{"line":207,"column":8}},"75":{"start":{"line":200,"column":39},"end":{"line":200,"column":60}},"76":{"start":{"line":209,"column":6},"end":{"line":213,"column":9}},"77":{"start":{"line":214,"column":6},"end":{"line":214,"column":69}},"78":{"start":{"line":222,"column":4},"end":{"line":300,"column":5}},"79":{"start":{"line":223,"column":21},"end":{"line":223,"column":23}},"80":{"start":{"line":224,"column":21},"end":{"line":224,"column":23}},"81":{"start":{"line":227,"column":28},"end":{"line":227,"column":275}},"82":{"start":{"line":229,"column":6},"end":{"line":232,"column":9}},"83":{"start":{"line":234,"column":6},"end":{"line":266,"column":9}},"84":{"start":{"line":236,"column":8},"end":{"line":265,"column":9}},"85":{"start":{"line":237,"column":10},"end":{"line":237,"column":38}},"86":{"start":{"line":239,"column":10},"end":{"line":264,"column":11}},"87":{"start":{"line":241,"column":34},"end":{"line":241,"column":67}},"88":{"start":{"line":242,"column":12},"end":{"line":242,"column":68}},"89":{"start":{"line":243,"column":17},"end":{"line":264,"column":11}},"90":{"start":{"line":245,"column":32},"end":{"line":245,"column":61}},"91":{"start":{"line":246,"column":12},"end":{"line":250,"column":13}},"92":{"start":{"line":247,"column":14},"end":{"line":247,"column":31}},"93":{"start":{"line":249,"column":14},"end":{"line":249,"column":69}},"94":{"start":{"line":251,"column":17},"end":{"line":264,"column":11}},"95":{"start":{"line":253,"column":29},"end":{"line":253,"column":61}},"96":{"start":{"line":254,"column":12},"end":{"line":254,"column":61}},"97":{"start":{"line":255,"column":17},"end":{"line":264,"column":11}},"98":{"start":{"line":257,"column":12},"end":{"line":257,"column":51}},"99":{"start":{"line":258,"column":17},"end":{"line":264,"column":11}},"100":{"start":{"line":260,"column":12},"end":{"line":260,"column":107}},"101":{"start":{"line":263,"column":12},"end":{"line":263,"column":84}},"102":{"start":{"line":268,"column":6},"end":{"line":271,"column":7}},"103":{"start":{"line":269,"column":8},"end":{"line":269,"column":62}},"104":{"start":{"line":270,"column":8},"end":{"line":270,"column":20}},"105":{"start":{"line":273,"column":6},"end":{"line":273,"column":52}},"106":{"start":{"line":274,"column":6},"end":{"line":274,"column":27}},"107":{"start":{"line":276,"column":18},"end":{"line":276,"column":78}},"108":{"start":{"line":278,"column":6},"end":{"line":282,"column":9}},"109":{"start":{"line":281,"column":32},"end":{"line":281,"column":55}},"110":{"start":{"line":284,"column":6},"end":{"line":284,"column":44}},"111":{"start":{"line":286,"column":6},"end":{"line":289,"column":9}},"112":{"start":{"line":291,"column":6},"end":{"line":291,"column":50}},"113":{"start":{"line":293,"column":6},"end":{"line":298,"column":9}},"114":{"start":{"line":299,"column":6},"end":{"line":299,"column":65}},"115":{"start":{"line":307,"column":4},"end":{"line":317,"column":5}},"116":{"start":{"line":308,"column":18},"end":{"line":308,"column":58}},"117":{"start":{"line":309,"column":6},"end":{"line":309,"column":47}},"118":{"start":{"line":311,"column":6},"end":{"line":313,"column":9}},"119":{"start":{"line":315,"column":6},"end":{"line":315,"column":37}},"120":{"start":{"line":316,"column":6},"end":{"line":316,"column":65}},"121":{"start":{"line":324,"column":4},"end":{"line":344,"column":5}},"122":{"start":{"line":325,"column":18},"end":{"line":332,"column":7}},"123":{"start":{"line":334,"column":6},"end":{"line":334,"column":69}},"124":{"start":{"line":336,"column":6},"end":{"line":340,"column":9}},"125":{"start":{"line":342,"column":6},"end":{"line":342,"column":39}},"126":{"start":{"line":343,"column":6},"end":{"line":343,"column":67}},"127":{"start":{"line":351,"column":4},"end":{"line":363,"column":5}},"128":{"start":{"line":352,"column":30},"end":{"line":352,"column":67}},"129":{"start":{"line":353,"column":28},"end":{"line":353,"column":62}},"130":{"start":{"line":355,"column":6},"end":{"line":355,"column":68}},"131":{"start":{"line":358,"column":6},"end":{"line":358,"column":43}},"132":{"start":{"line":359,"column":6},"end":{"line":359,"column":40}},"133":{"start":{"line":361,"column":6},"end":{"line":361,"column":39}},"134":{"start":{"line":362,"column":6},"end":{"line":362,"column":67}},"135":{"start":{"line":370,"column":4},"end":{"line":370,"column":47}},"136":{"start":{"line":377,"column":4},"end":{"line":377,"column":50}},"137":{"start":{"line":384,"column":4},"end":{"line":384,"column":71}},"138":{"start":{"line":391,"column":4},"end":{"line":391,"column":73}},"139":{"start":{"line":398,"column":4},"end":{"line":418,"column":6}},"140":{"start":{"line":422,"column":0},"end":{"line":422,"column":30}}},"fnMap":{"0":{"name":"(anonymous_0)","decl":{"start":{"line":17,"column":2},"end":{"line":17,"column":3}},"loc":{"start":{"line":17,"column":25},"end":{"line":37,"column":3}},"line":17},"1":{"name":"(anonymous_1)","decl":{"start":{"line":42,"column":2},"end":{"line":42,"column":3}},"loc":{"start":{"line":42,"column":28},"end":{"line":56,"column":3}},"line":42},"2":{"name":"(anonymous_2)","decl":{"start":{"line":61,"column":2},"end":{"line":61,"column":3}},"loc":{"start":{"line":61,"column":54},"end":{"line":75,"column":3}},"line":61},"3":{"name":"(anonymous_3)","decl":{"start":{"line":80,"column":2},"end":{"line":80,"column":3}},"loc":{"start":{"line":80,"column":40},"end":{"line":152,"column":3}},"line":80},"4":{"name":"(anonymous_4)","decl":{"start":{"line":157,"column":2},"end":{"line":157,"column":3}},"loc":{"start":{"line":157,"column":58},"end":{"line":216,"column":3}},"line":157},"5":{"name":"(anonymous_5)","decl":{"start":{"line":200,"column":32},"end":{"line":200,"column":33}},"loc":{"start":{"line":200,"column":39},"end":{"line":200,"column":60}},"line":200},"6":{"name":"(anonymous_6)","decl":{"start":{"line":221,"column":2},"end":{"line":221,"column":3}},"loc":{"start":{"line":221,"column":27},"end":{"line":301,"column":3}},"line":221},"7":{"name":"(anonymous_7)","decl":{"start":{"line":234,"column":28},"end":{"line":234,"column":29}},"loc":{"start":{"line":234,"column":37},"end":{"line":266,"column":7}},"line":234},"8":{"name":"(anonymous_8)","decl":{"start":{"line":281,"column":27},"end":{"line":281,"column":28}},"loc":{"start":{"line":281,"column":32},"end":{"line":281,"column":55}},"line":281},"9":{"name":"(anonymous_9)","decl":{"start":{"line":306,"column":2},"end":{"line":306,"column":3}},"loc":{"start":{"line":306,"column":17},"end":{"line":318,"column":3}},"line":306},"10":{"name":"(anonymous_10)","decl":{"start":{"line":323,"column":2},"end":{"line":323,"column":3}},"loc":{"start":{"line":323,"column":49},"end":{"line":345,"column":3}},"line":323},"11":{"name":"(anonymous_11)","decl":{"start":{"line":350,"column":2},"end":{"line":350,"column":3}},"loc":{"start":{"line":350,"column":54},"end":{"line":364,"column":3}},"line":350},"12":{"name":"(anonymous_12)","decl":{"start":{"line":369,"column":2},"end":{"line":369,"column":3}},"loc":{"start":{"line":369,"column":21},"end":{"line":371,"column":3}},"line":369},"13":{"name":"(anonymous_13)","decl":{"start":{"line":376,"column":2},"end":{"line":376,"column":3}},"loc":{"start":{"line":376,"column":19},"end":{"line":378,"column":3}},"line":376},"14":{"name":"(anonymous_14)","decl":{"start":{"line":383,"column":2},"end":{"line":383,"column":3}},"loc":{"start":{"line":383,"column":22},"end":{"line":385,"column":3}},"line":383},"15":{"name":"(anonymous_15)","decl":{"start":{"line":390,"column":2},"end":{"line":390,"column":3}},"loc":{"start":{"line":390,"column":27},"end":{"line":392,"column":3}},"line":390},"16":{"name":"(anonymous_16)","decl":{"start":{"line":397,"column":2},"end":{"line":397,"column":3}},"loc":{"start":{"line":397,"column":11},"end":{"line":419,"column":3}},"line":397}},"branchMap":{"0":{"loc":{"start":{"line":17,"column":14},"end":{"line":17,"column":23}},"type":"default-arg","locations":[{"start":{"line":17,"column":21},"end":{"line":17,"column":23}}],"line":17},"1":{"loc":{"start":{"line":18,"column":14},"end":{"line":18,"column":29}},"type":"binary-expr","locations":[{"start":{"line":18,"column":14},"end":{"line":18,"column":21}},{"start":{"line":18,"column":25},"end":{"line":18,"column":29}}],"line":18},"2":{"loc":{"start":{"line":19,"column":19},"end":{"line":19,"column":39}},"type":"binary-expr","locations":[{"start":{"line":19,"column":19},"end":{"line":19,"column":31}},{"start":{"line":19,"column":35},"end":{"line":19,"column":39}}],"line":19},"3":{"loc":{"start":{"line":20,"column":17},"end":{"line":20,"column":41}},"type":"binary-expr","locations":[{"start":{"line":20,"column":17},"end":{"line":20,"column":27}},{"start":{"line":20,"column":31},"end":{"line":20,"column":41}}],"line":20},"4":{"loc":{"start":{"line":21,"column":22},"end":{"line":21,"column":45}},"type":"binary-expr","locations":[{"start":{"line":21,"column":22},"end":{"line":21,"column":37}},{"start":{"line":21,"column":41},"end":{"line":21,"column":45}}],"line":21},"5":{"loc":{"start":{"line":22,"column":25},"end":{"line":22,"column":51}},"type":"binary-expr","locations":[{"start":{"line":22,"column":25},"end":{"line":22,"column":43}},{"start":{"line":22,"column":47},"end":{"line":22,"column":51}}],"line":22},"6":{"loc":{"start":{"line":23,"column":28},"end":{"line":23,"column":57}},"type":"binary-expr","locations":[{"start":{"line":23,"column":28},"end":{"line":23,"column":49}},{"start":{"line":23,"column":53},"end":{"line":23,"column":57}}],"line":23},"7":{"loc":{"start":{"line":24,"column":33},"end":{"line":24,"column":67}},"type":"binary-expr","locations":[{"start":{"line":24,"column":33},"end":{"line":24,"column":59}},{"start":{"line":24,"column":63},"end":{"line":24,"column":67}}],"line":24},"8":{"loc":{"start":{"line":25,"column":24},"end":{"line":25,"column":49}},"type":"binary-expr","locations":[{"start":{"line":25,"column":24},"end":{"line":25,"column":41}},{"start":{"line":25,"column":45},"end":{"line":25,"column":49}}],"line":25},"9":{"loc":{"start":{"line":26,"column":21},"end":{"line":26,"column":40}},"type":"binary-expr","locations":[{"start":{"line":26,"column":21},"end":{"line":26,"column":35}},{"start":{"line":26,"column":39},"end":{"line":26,"column":40}}],"line":26},"10":{"loc":{"start":{"line":27,"column":20},"end":{"line":27,"column":38}},"type":"binary-expr","locations":[{"start":{"line":27,"column":20},"end":{"line":27,"column":33}},{"start":{"line":27,"column":37},"end":{"line":27,"column":38}}],"line":27},"11":{"loc":{"start":{"line":28,"column":25},"end":{"line":28,"column":48}},"type":"binary-expr","locations":[{"start":{"line":28,"column":25},"end":{"line":28,"column":43}},{"start":{"line":28,"column":47},"end":{"line":28,"column":48}}],"line":28},"12":{"loc":{"start":{"line":29,"column":24},"end":{"line":29,"column":46}},"type":"binary-expr","locations":[{"start":{"line":29,"column":24},"end":{"line":29,"column":41}},{"start":{"line":29,"column":45},"end":{"line":29,"column":46}}],"line":29},"13":{"loc":{"start":{"line":30,"column":27},"end":{"line":30,"column":55}},"type":"binary-expr","locations":[{"start":{"line":30,"column":27},"end":{"line":30,"column":47}},{"start":{"line":30,"column":51},"end":{"line":30,"column":55}}],"line":30},"14":{"loc":{"start":{"line":31,"column":26},"end":{"line":31,"column":51}},"type":"binary-expr","locations":[{"start":{"line":31,"column":26},"end":{"line":31,"column":45}},{"start":{"line":31,"column":49},"end":{"line":31,"column":51}}],"line":31},"15":{"loc":{"start":{"line":32,"column":26},"end":{"line":32,"column":52}},"type":"binary-expr","locations":[{"start":{"line":32,"column":26},"end":{"line":32,"column":45}},{"start":{"line":32,"column":49},"end":{"line":32,"column":52}}],"line":32},"16":{"loc":{"start":{"line":33,"column":27},"end":{"line":33,"column":52}},"type":"binary-expr","locations":[{"start":{"line":33,"column":27},"end":{"line":33,"column":47}},{"start":{"line":33,"column":51},"end":{"line":33,"column":52}}],"line":33},"17":{"loc":{"start":{"line":34,"column":22},"end":{"line":34,"column":45}},"type":"binary-expr","locations":[{"start":{"line":34,"column":22},"end":{"line":34,"column":37}},{"start":{"line":34,"column":41},"end":{"line":34,"column":45}}],"line":34},"18":{"loc":{"start":{"line":35,"column":22},"end":{"line":35,"column":45}},"type":"binary-expr","locations":[{"start":{"line":35,"column":22},"end":{"line":35,"column":37}},{"start":{"line":35,"column":41},"end":{"line":35,"column":45}}],"line":35},"19":{"loc":{"start":{"line":36,"column":22},"end":{"line":36,"column":45}},"type":"binary-expr","locations":[{"start":{"line":36,"column":22},"end":{"line":36,"column":37}},{"start":{"line":36,"column":41},"end":{"line":36,"column":45}}],"line":36},"20":{"loc":{"start":{"line":47,"column":6},"end":{"line":49,"column":7}},"type":"if","locations":[{"start":{"line":47,"column":6},"end":{"line":49,"column":7}},{"start":{},"end":{}}],"line":47},"21":{"loc":{"start":{"line":66,"column":6},"end":{"line":68,"column":7}},"type":"if","locations":[{"start":{"line":66,"column":6},"end":{"line":68,"column":7}},{"start":{},"end":{}}],"line":66},"22":{"loc":{"start":{"line":84,"column":8},"end":{"line":84,"column":26}},"type":"default-arg","locations":[{"start":{"line":84,"column":16},"end":{"line":84,"column":26}}],"line":84},"23":{"loc":{"start":{"line":86,"column":8},"end":{"line":86,"column":28}},"type":"default-arg","locations":[{"start":{"line":86,"column":24},"end":{"line":86,"column":28}}],"line":86},"24":{"loc":{"start":{"line":87,"column":8},"end":{"line":87,"column":31}},"type":"default-arg","locations":[{"start":{"line":87,"column":27},"end":{"line":87,"column":31}}],"line":87},"25":{"loc":{"start":{"line":88,"column":8},"end":{"line":88,"column":36}},"type":"default-arg","locations":[{"start":{"line":88,"column":32},"end":{"line":88,"column":36}}],"line":88},"26":{"loc":{"start":{"line":89,"column":8},"end":{"line":89,"column":27}},"type":"default-arg","locations":[{"start":{"line":89,"column":23},"end":{"line":89,"column":27}}],"line":89},"27":{"loc":{"start":{"line":90,"column":8},"end":{"line":90,"column":27}},"type":"default-arg","locations":[{"start":{"line":90,"column":25},"end":{"line":90,"column":27}}],"line":90},"28":{"loc":{"start":{"line":92,"column":8},"end":{"line":92,"column":27}},"type":"default-arg","locations":[{"start":{"line":92,"column":26},"end":{"line":92,"column":27}}],"line":92},"29":{"loc":{"start":{"line":93,"column":8},"end":{"line":93,"column":20}},"type":"default-arg","locations":[{"start":{"line":93,"column":19},"end":{"line":93,"column":20}}],"line":93},"30":{"loc":{"start":{"line":98,"column":6},"end":{"line":108,"column":7}},"type":"if","locations":[{"start":{"line":98,"column":6},"end":{"line":108,"column":7}},{"start":{},"end":{}}],"line":98},"31":{"loc":{"start":{"line":98,"column":10},"end":{"line":98,"column":65}},"type":"binary-expr","locations":[{"start":{"line":98,"column":10},"end":{"line":98,"column":38}},{"start":{"line":98,"column":42},"end":{"line":98,"column":65}}],"line":98},"32":{"loc":{"start":{"line":101,"column":10},"end":{"line":104,"column":11}},"type":"if","locations":[{"start":{"line":101,"column":10},"end":{"line":104,"column":11}},{"start":{},"end":{}}],"line":101},"33":{"loc":{"start":{"line":101,"column":14},"end":{"line":101,"column":78}},"type":"binary-expr","locations":[{"start":{"line":101,"column":14},"end":{"line":101,"column":31}},{"start":{"line":101,"column":35},"end":{"line":101,"column":78}}],"line":101},"34":{"loc":{"start":{"line":102,"column":33},"end":{"line":102,"column":81}},"type":"binary-expr","locations":[{"start":{"line":102,"column":33},"end":{"line":102,"column":74}},{"start":{"line":102,"column":78},"end":{"line":102,"column":81}}],"line":102},"35":{"loc":{"start":{"line":126,"column":33},"end":{"line":126,"column":56}},"type":"binary-expr","locations":[{"start":{"line":126,"column":33},"end":{"line":126,"column":51}},{"start":{"line":126,"column":55},"end":{"line":126,"column":56}}],"line":126},"36":{"loc":{"start":{"line":127,"column":8},"end":{"line":127,"column":38}},"type":"binary-expr","locations":[{"start":{"line":127,"column":8},"end":{"line":127,"column":32}},{"start":{"line":127,"column":36},"end":{"line":127,"column":38}}],"line":127},"37":{"loc":{"start":{"line":128,"column":8},"end":{"line":130,"column":30}},"type":"cond-expr","locations":[{"start":{"line":129,"column":12},"end":{"line":129,"column":45}},{"start":{"line":130,"column":12},"end":{"line":130,"column":30}}],"line":128},"38":{"loc":{"start":{"line":128,"column":8},"end":{"line":128,"column":63}},"type":"binary-expr","locations":[{"start":{"line":128,"column":8},"end":{"line":128,"column":36}},{"start":{"line":128,"column":40},"end":{"line":128,"column":63}}],"line":128},"39":{"loc":{"start":{"line":129,"column":12},"end":{"line":129,"column":45}},"type":"binary-expr","locations":[{"start":{"line":129,"column":12},"end":{"line":129,"column":38}},{"start":{"line":129,"column":42},"end":{"line":129,"column":45}}],"line":129},"40":{"loc":{"start":{"line":131,"column":8},"end":{"line":131,"column":31}},"type":"cond-expr","locations":[{"start":{"line":131,"column":26},"end":{"line":131,"column":27}},{"start":{"line":131,"column":30},"end":{"line":131,"column":31}}],"line":131},"41":{"loc":{"start":{"line":139,"column":23},"end":{"line":139,"column":89}},"type":"cond-expr","locations":[{"start":{"line":139,"column":54},"end":{"line":139,"column":68}},{"start":{"line":139,"column":71},"end":{"line":139,"column":89}}],"line":139},"42":{"loc":{"start":{"line":157,"column":44},"end":{"line":157,"column":56}},"type":"default-arg","locations":[{"start":{"line":157,"column":54},"end":{"line":157,"column":56}}],"line":157},"43":{"loc":{"start":{"line":159,"column":14},"end":{"line":159,"column":22}},"type":"default-arg","locations":[{"start":{"line":159,"column":21},"end":{"line":159,"column":22}}],"line":159},"44":{"loc":{"start":{"line":159,"column":24},"end":{"line":159,"column":34}},"type":"default-arg","locations":[{"start":{"line":159,"column":32},"end":{"line":159,"column":34}}],"line":159},"45":{"loc":{"start":{"line":159,"column":36},"end":{"line":159,"column":55}},"type":"default-arg","locations":[{"start":{"line":159,"column":51},"end":{"line":159,"column":55}}],"line":159},"46":{"loc":{"start":{"line":168,"column":6},"end":{"line":171,"column":7}},"type":"if","locations":[{"start":{"line":168,"column":6},"end":{"line":171,"column":7}},{"start":{},"end":{}}],"line":168},"47":{"loc":{"start":{"line":236,"column":8},"end":{"line":265,"column":9}},"type":"if","locations":[{"start":{"line":236,"column":8},"end":{"line":265,"column":9}},{"start":{},"end":{}}],"line":236},"48":{"loc":{"start":{"line":236,"column":12},"end":{"line":236,"column":79}},"type":"binary-expr","locations":[{"start":{"line":236,"column":12},"end":{"line":236,"column":44}},{"start":{"line":236,"column":48},"end":{"line":236,"column":79}}],"line":236},"49":{"loc":{"start":{"line":239,"column":10},"end":{"line":264,"column":11}},"type":"if","locations":[{"start":{"line":239,"column":10},"end":{"line":264,"column":11}},{"start":{"line":243,"column":17},"end":{"line":264,"column":11}}],"line":239},"50":{"loc":{"start":{"line":241,"column":34},"end":{"line":241,"column":67}},"type":"binary-expr","locations":[{"start":{"line":241,"column":34},"end":{"line":241,"column":61}},{"start":{"line":241,"column":65},"end":{"line":241,"column":67}}],"line":241},"51":{"loc":{"start":{"line":243,"column":17},"end":{"line":264,"column":11}},"type":"if","locations":[{"start":{"line":243,"column":17},"end":{"line":264,"column":11}},{"start":{"line":251,"column":17},"end":{"line":264,"column":11}}],"line":243},"52":{"loc":{"start":{"line":246,"column":12},"end":{"line":250,"column":13}},"type":"if","locations":[{"start":{"line":246,"column":12},"end":{"line":250,"column":13}},{"start":{"line":248,"column":19},"end":{"line":250,"column":13}}],"line":246},"53":{"loc":{"start":{"line":251,"column":17},"end":{"line":264,"column":11}},"type":"if","locations":[{"start":{"line":251,"column":17},"end":{"line":264,"column":11}},{"start":{"line":255,"column":17},"end":{"line":264,"column":11}}],"line":251},"54":{"loc":{"start":{"line":253,"column":29},"end":{"line":253,"column":61}},"type":"binary-expr","locations":[{"start":{"line":253,"column":29},"end":{"line":253,"column":56}},{"start":{"line":253,"column":60},"end":{"line":253,"column":61}}],"line":253},"55":{"loc":{"start":{"line":255,"column":17},"end":{"line":264,"column":11}},"type":"if","locations":[{"start":{"line":255,"column":17},"end":{"line":264,"column":11}},{"start":{"line":258,"column":17},"end":{"line":264,"column":11}}],"line":255},"56":{"loc":{"start":{"line":257,"column":24},"end":{"line":257,"column":49}},"type":"cond-expr","locations":[{"start":{"line":257,"column":44},"end":{"line":257,"column":45}},{"start":{"line":257,"column":48},"end":{"line":257,"column":49}}],"line":257},"57":{"loc":{"start":{"line":258,"column":17},"end":{"line":264,"column":11}},"type":"if","locations":[{"start":{"line":258,"column":17},"end":{"line":264,"column":11}},{"start":{"line":261,"column":17},"end":{"line":264,"column":11}}],"line":258},"58":{"loc":{"start":{"line":258,"column":21},"end":{"line":258,"column":200}},"type":"binary-expr","locations":[{"start":{"line":258,"column":21},"end":{"line":258,"column":46}},{"start":{"line":258,"column":50},"end":{"line":258,"column":78}},{"start":{"line":258,"column":82},"end":{"line":258,"column":115}},{"start":{"line":258,"column":119},"end":{"line":258,"column":143}},{"start":{"line":258,"column":147},"end":{"line":258,"column":169}},{"start":{"line":258,"column":173},"end":{"line":258,"column":200}}],"line":258},"59":{"loc":{"start":{"line":260,"column":24},"end":{"line":260,"column":105}},"type":"cond-expr","locations":[{"start":{"line":260,"column":81},"end":{"line":260,"column":85}},{"start":{"line":260,"column":88},"end":{"line":260,"column":105}}],"line":260},"60":{"loc":{"start":{"line":260,"column":24},"end":{"line":260,"column":78}},"type":"binary-expr","locations":[{"start":{"line":260,"column":24},"end":{"line":260,"column":50}},{"start":{"line":260,"column":54},"end":{"line":260,"column":78}}],"line":260},"61":{"loc":{"start":{"line":263,"column":24},"end":{"line":263,"column":82}},"type":"cond-expr","locations":[{"start":{"line":263,"column":58},"end":{"line":263,"column":62}},{"start":{"line":263,"column":65},"end":{"line":263,"column":82}}],"line":263},"62":{"loc":{"start":{"line":268,"column":6},"end":{"line":271,"column":7}},"type":"if","locations":[{"start":{"line":268,"column":6},"end":{"line":271,"column":7}},{"start":{},"end":{}}],"line":268},"63":{"loc":{"start":{"line":281,"column":32},"end":{"line":281,"column":55}},"type":"cond-expr","locations":[{"start":{"line":281,"column":45},"end":{"line":281,"column":51}},{"start":{"line":281,"column":54},"end":{"line":281,"column":55}}],"line":281},"64":{"loc":{"start":{"line":370,"column":11},"end":{"line":370,"column":46}},"type":"binary-expr","locations":[{"start":{"line":370,"column":11},"end":{"line":370,"column":40}},{"start":{"line":370,"column":44},"end":{"line":370,"column":46}}],"line":370},"65":{"loc":{"start":{"line":377,"column":11},"end":{"line":377,"column":49}},"type":"binary-expr","locations":[{"start":{"line":377,"column":11},"end":{"line":377,"column":42}},{"start":{"line":377,"column":46},"end":{"line":377,"column":49}}],"line":377},"66":{"loc":{"start":{"line":384,"column":11},"end":{"line":384,"column":70}},"type":"binary-expr","locations":[{"start":{"line":384,"column":11},"end":{"line":384,"column":37}},{"start":{"line":384,"column":41},"end":{"line":384,"column":70}}],"line":384},"67":{"loc":{"start":{"line":391,"column":11},"end":{"line":391,"column":72}},"type":"binary-expr","locations":[{"start":{"line":391,"column":11},"end":{"line":391,"column":37}},{"start":{"line":391,"column":41},"end":{"line":391,"column":72}}],"line":391}},"s":{"0":1,"1":1,"2":1,"3":1,"4":1,"5":35,"6":35,"7":35,"8":35,"9":35,"10":35,"11":35,"12":35,"13":35,"14":35,"15":35,"16":35,"17":35,"18":35,"19":35,"20":35,"21":35,"22":35,"23":35,"24":30,"25":30,"26":30,"27":30,"28":1,"29":29,"30":0,"31":0,"32":2,"33":2,"34":2,"35":2,"36":0,"37":2,"38":0,"39":0,"40":22,"41":22,"42":22,"43":22,"44":20,"45":20,"46":20,"47":20,"48":20,"49":0,"50":22,"51":22,"52":22,"53":22,"54":22,"55":0,"56":0,"57":3,"58":3,"59":3,"60":3,"61":3,"62":3,"63":0,"64":0,"65":3,"66":3,"67":3,"68":3,"69":3,"70":3,"71":3,"72":3,"73":3,"74":3,"75":6,"76":0,"77":0,"78":2,"79":2,"80":2,"81":2,"82":2,"83":2,"84":30,"85":6,"86":6,"87":1,"88":1,"89":5,"90":1,"91":1,"92":0,"93":1,"94":4,"95":1,"96":1,"97":3,"98":1,"99":2,"100":0,"101":2,"102":2,"103":0,"104":0,"105":2,"106":2,"107":2,"108":2,"109":8,"110":2,"111":2,"112":2,"113":0,"114":0,"115":1,"116":1,"117":1,"118":1,"119":0,"120":0,"121":2,"122":2,"123":2,"124":2,"125":0,"126":0,"127":2,"128":2,"129":2,"130":2,"131":2,"132":2,"133":0,"134":0,"135":2,"136":1,"137":3,"138":0,"139":0,"140":1},"f":{"0":35,"1":30,"2":2,"3":22,"4":3,"5":6,"6":2,"7":30,"8":8,"9":1,"10":2,"11":2,"12":2,"13":1,"14":3,"15":0,"16":0},"b":{"0":[0],"1":[35,0],"2":[35,0],"3":[35,0],"4":[35,0],"5":[35,35],"6":[35,35],"7":[35,35],"8":[35,35],"9":[35,35],"10":[35,30],"11":[35,32],"12":[35,32],"13":[35,0],"14":[35,0],"15":[35,0],"16":[35,34],"17":[35,35],"18":[35,0],"19":[35,0],"20":[1,29],"21":[0,2],"22":[12],"23":[22],"24":[22],"25":[22],"26":[22],"27":[19],"28":[21],"29":[19],"30":[20,2],"31":[22,2],"32":[20,0],"33":[20,20],"34":[20,20],"35":[22,20],"36":[22,0],"37":[2,20],"38":[22,2],"39":[2,0],"40":[1,21],"41":[2,20],"42":[1],"43":[1],"44":[1],"45":[3],"46":[0,3],"47":[6,24],"48":[30,6],"49":[1,5],"50":[1,0],"51":[1,4],"52":[0,1],"53":[1,3],"54":[1,0],"55":[1,2],"56":[0,1],"57":[0,2],"58":[2,2,2,2,2,2],"59":[0,0],"60":[0,0],"61":[0,2],"62":[0,2],"63":[0,8],"64":[2,0],"65":[1,0],"66":[3,2],"67":[0,0]},"_coverageSchema":"1a1c01bbd47fc00a2c39e90264f33305004495a9","hash":"39447a9affc7cab97cfc34dd32a26644489a7d94"}
,"/var/www/ai-platform/backend/src/models/Message.js": {"path":"/var/www/ai-platform/backend/src/models/Message.js","statementMap":{"0":{"start":{"line":11,"column":21},"end":{"line":11,"column":54}},"1":{"start":{"line":12,"column":23},"end":{"line":12,"column":38}},"2":{"start":{"line":13,"column":26},"end":{"line":13,"column":52}},"3":{"start":{"line":14,"column":15},"end":{"line":14,"column":41}},"4":{"start":{"line":22,"column":4},"end":{"line":22,"column":30}},"5":{"start":{"line":23,"column":4},"end":{"line":23,"column":56}},"6":{"start":{"line":24,"column":4},"end":{"line":24,"column":53}},"7":{"start":{"line":25,"column":4},"end":{"line":25,"column":34}},"8":{"start":{"line":26,"column":4},"end":{"line":26,"column":38}},"9":{"start":{"line":27,"column":4},"end":{"line":27,"column":35}},"10":{"start":{"line":28,"column":4},"end":{"line":28,"column":46}},"11":{"start":{"line":29,"column":4},"end":{"line":29,"column":45}},"12":{"start":{"line":30,"column":4},"end":{"line":30,"column":40}},"13":{"start":{"line":31,"column":4},"end":{"line":31,"column":42}},"14":{"start":{"line":32,"column":4},"end":{"line":32,"column":58}},"15":{"start":{"line":33,"column":4},"end":{"line":33,"column":46}},"16":{"start":{"line":42,"column":4},"end":{"line":50,"column":5}},"17":{"start":{"line":43,"column":18},"end":{"line":43,"column":98}},"18":{"start":{"line":44,"column":23},"end":{"line":44,"column":70}},"19":{"start":{"line":45,"column":21},"end":{"line":45,"column":42}},"20":{"start":{"line":46,"column":6},"end":{"line":46,"column":24}},"21":{"start":{"line":48,"column":6},"end":{"line":48,"column":40}},"22":{"start":{"line":49,"column":6},"end":{"line":49,"column":15}},"23":{"start":{"line":70,"column":4},"end":{"line":159,"column":5}},"24":{"start":{"line":83,"column":10},"end":{"line":83,"column":21}},"25":{"start":{"line":85,"column":24},"end":{"line":85,"column":38}},"26":{"start":{"line":88,"column":32},"end":{"line":88,"column":47}},"27":{"start":{"line":89,"column":6},"end":{"line":91,"column":7}},"28":{"start":{"line":90,"column":8},"end":{"line":90,"column":83}},"29":{"start":{"line":94,"column":32},"end":{"line":94,"column":36}},"30":{"start":{"line":95,"column":6},"end":{"line":99,"column":7}},"31":{"start":{"line":96,"column":8},"end":{"line":98,"column":45}},"32":{"start":{"line":102,"column":24},"end":{"line":102,"column":28}},"33":{"start":{"line":103,"column":6},"end":{"line":109,"column":7}},"34":{"start":{"line":104,"column":8},"end":{"line":108,"column":9}},"35":{"start":{"line":105,"column":10},"end":{"line":105,"column":33}},"36":{"start":{"line":106,"column":15},"end":{"line":108,"column":9}},"37":{"start":{"line":107,"column":10},"end":{"line":107,"column":49}},"38":{"start":{"line":112,"column":24},"end":{"line":112,"column":31}},"39":{"start":{"line":113,"column":6},"end":{"line":115,"column":7}},"40":{"start":{"line":114,"column":8},"end":{"line":114,"column":34}},"41":{"start":{"line":117,"column":18},"end":{"line":123,"column":7}},"42":{"start":{"line":125,"column":21},"end":{"line":137,"column":7}},"43":{"start":{"line":139,"column":6},"end":{"line":151,"column":9}},"44":{"start":{"line":153,"column":6},"end":{"line":153,"column":44}},"45":{"start":{"line":155,"column":6},"end":{"line":155,"column":47}},"46":{"start":{"line":157,"column":6},"end":{"line":157,"column":37}},"47":{"start":{"line":158,"column":6},"end":{"line":158,"column":65}},"48":{"start":{"line":168,"column":4},"end":{"line":172,"column":7}},"49":{"start":{"line":185,"column":4},"end":{"line":223,"column":5}},"50":{"start":{"line":186,"column":16},"end":{"line":186,"column":48}},"51":{"start":{"line":187,"column":21},"end":{"line":187,"column":29}},"52":{"start":{"line":189,"column":6},"end":{"line":192,"column":7}},"53":{"start":{"line":190,"column":8},"end":{"line":190,"column":31}},"54":{"start":{"line":191,"column":8},"end":{"line":191,"column":29}},"55":{"start":{"line":194,"column":6},"end":{"line":197,"column":7}},"56":{"start":{"line":195,"column":8},"end":{"line":195,"c
[...]
1":0,"472":0,"473":0,"474":0,"475":0,"476":0,"477":0,"478":0,"479":2,"480":0,"481":2,"482":0,"483":2,"484":0,"485":0,"486":0,"487":0,"488":0,"489":0,"490":0,"491":0,"492":0,"493":0,"494":0,"495":0,"496":0,"497":0,"498":0,"499":0,"500":0,"501":0,"502":0,"503":0,"504":0,"505":0,"506":0,"507":0,"508":0,"509":0,"510":0,"511":0,"512":0,"513":0,"514":0,"515":0,"516":0,"517":0,"518":0,"519":0,"520":0,"521":0,"522":0,"523":0,"524":0,"525":0,"526":0,"527":0,"528":0,"529":0,"530":0,"531":2},"f":{"0":47,"1":0,"2":46,"3":0,"4":2,"5":1,"6":0,"7":0,"8":0,"9":0,"10":0,"11":0,"12":0,"13":0,"14":0,"15":1,"16":1,"17":1,"18":1,"19":1,"20":1,"21":0,"22":0,"23":0,"24":0,"25":0,"26":0,"27":0,"28":0,"29":0,"30":0,"31":0,"32":0,"33":0,"34":0,"35":0,"36":0,"37":0,"38":0,"39":0,"40":0,"41":0,"42":0,"43":25,"44":1,"45":0,"46":16,"47":6,"48":2,"49":2,"50":1,"51":1,"52":1,"53":1,"54":8,"55":1,"56":5,"57":0,"58":0,"59":0,"60":0,"61":2,"62":0,"63":0,"64":0,"65":0,"66":0},"b":{"0":[0,0],"1":[0,0],"2":[0,0],"3":[0,0],"4":[1,45],"5":[0,0],"6":[1,1],"7":[0,1],"8":[0,0],"9":[0],"10":[0],"11":[0],"12":[0],"13":[0],"14":[0],"15":[0],"16":[0],"17":[0],"18":[0,0],"19":[0,0],"20":[0,0,0],"21":[0,0],"22":[0,0],"23":[0,0],"24":[0,0],"25":[0,0],"26":[0,0],"27":[0,0],"28":[0,0],"29":[0,0],"30":[0,0],"31":[0],"32":[0],"33":[0,0],"34":[0,0],"35":[0],"36":[0],"37":[0],"38":[0],"39":[0],"40":[0],"41":[0],"42":[0],"43":[0],"44":[0],"45":[0],"46":[0,0],"47":[0,0],"48":[0,0],"49":[0,0],"50":[0,0],"51":[0,0],"52":[0,0],"53":[0,0,0],"54":[0,0],"55":[0,0],"56":[0,0],"57":[0,0],"58":[0,0],"59":[0,0],"60":[0,0],"61":[0,0],"62":[0,1],"63":[1,0],"64":[1,0],"65":[1,0],"66":[1,0],"67":[0,0],"68":[0,0],"69":[0,0],"70":[0],"71":[0,0],"72":[0,0],"73":[0,0],"74":[0,0],"75":[0,0],"76":[0,0],"77":[0,0],"78":[0,0],"79":[0,0],"80":[0,0],"81":[0],"82":[0,0],"83":[0,0],"84":[0,0],"85":[0,0],"86":[0,0],"87":[0,0],"88":[0,0],"89":[0],"90":[0],"91":[0],"92":[0],"93":[0],"94":[0],"95":[0,0],"96":[0,0],"97":[0,0],"98":[0,0],"99":[0,0],"100":[20,5],"101":[0,1],"102":[0,0],"103":[0,0],"104":[0,0],"105":[0,0],"106":[0,16],"107":[16,0],"108":[16,9],"109":[0],"110":[0],"111":[0],"112":[0,2],"113":[2,0],"114":[2,0],"115":[0],"116":[0],"117":[1],"118":[0,1],"119":[1,0],"120":[1,0],"121":[0,1],"122":[1,0],"123":[0,1],"124":[0,1],"125":[0,1],"126":[0],"127":[0],"128":[0,1],"129":[1,0],"130":[1,0],"131":[0],"132":[0],"133":[0],"134":[8],"135":[1,7],"136":[0,7],"137":[1,6],"138":[0,1],"139":[1,5],"140":[0],"141":[0],"142":[0],"143":[0],"144":[0,0],"145":[0,0],"146":[0,0],"147":[0],"148":[0],"149":[0],"150":[0],"151":[0,0],"152":[0,2],"153":[0,2],"154":[0,0],"155":[0,0],"156":[0],"157":[0],"158":[0,0],"159":[0],"160":[0],"161":[0,0],"162":[0,0],"163":[0,0],"164":[0,0],"165":[0,0],"166":[0,0],"167":[0,0]},"_coverageSchema":"1a1c01bbd47fc00a2c39e90264f33305004495a9","hash":"33aacb023320630f6288d5258a0534ddea97b33a"}
,"/var/www/ai-platform/backend/src/services/auth/TokenService.js": {"path":"/var/www/ai-platform/backend/src/services/auth/TokenService.js","statementMap":{"0":{"start":{"line":16,"column":12},"end":{"line":16,"column":35}},"1":{"start":{"line":17,"column":15},"end":{"line":17,"column":32}},"2":{"start":{"line":18,"column":21},"end":{"line":18,"column":57}},"3":{"start":{"line":19,"column":15},"end":{"line":19,"column":38}},"4":{"start":{"line":20,"column":24},"end":{"line":20,"column":55}},"5":{"start":{"line":21,"column":15},"end":{"line":21,"column":44}},"6":{"start":{"line":30,"column":4},"end":{"line":37,"column":5}},"7":{"start":{"line":31,"column":26},"end":{"line":31,"column":63}},"8":{"start":{"line":32,"column":19},"end":{"line":32,"column":55}},"9":{"start":{"line":33,"column":6},"end":{"line":33,"column":24}},"10":{"start":{"line":35,"column":6},"end":{"line":35,"column":49}},"11":{"start":{"line":36,"column":6},"end":{"line":36,"column":46}},"12":{"start":{"line":48,"column":22},"end":{"line":48,"column":32}},"13":{"start":{"line":49,"column":23},"end":{"line":49,"column":61}},"14":{"start":{"line":50,"column":4},"end":{"line":50,"column":50}},"15":{"start":{"line":62,"column":16},"end":{"line":62,"column":50}},"16":{"start":{"line":65,"column":25},"end":{"line":72,"column":5}},"17":{"start":{"line":75,"column":4},"end":{"line":78,"column":5}},"18":{"start":{"line":76,"column":6},"end":{"line":76,"column":34}},"19":{"start":{"line":77,"column":6},"end":{"line":77,"column":36}},"20":{"start":{"line":80,"column":24},"end":{"line":88,"column":5}},"21":{"start":{"line":91,"column":31},"end":{"line":91,"column":73}},"22":{"start":{"line":93,"column":25},"end":{"line":105,"column":5}},"23":{"start":{"line":107,"column":4},"end":{"line":111,"column":6}},"24":{"start":{"line":124,"column":4},"end":{"line":126,"column":5}},"25":{"start":{"line":125,"column":6},"end":{"line":125,"column":34}},"26":{"start":{"line":129,"column":20},"end":{"line":129,"column":75}},"27":{"start":{"line":131,"column":4},"end":{"line":133,"column":5}},"28":{"start":{"line":132,"column":6},"end":{"line":132,"column":33}},"29":{"start":{"line":136,"column":4},"end":{"line":141,"column":5}},"30":{"start":{"line":137,"column":28},"end":{"line":137,"column":90}},"31":{"start":{"line":138,"column":6},"end":{"line":140,"column":7}},"32":{"start":{"line":139,"column":8},"end":{"line":139,"column":35}},"33":{"start":{"line":143,"column":4},"end":{"line":143,"column":26}},"34":{"start":{"line":157,"column":4},"end":{"line":159,"column":5}},"35":{"start":{"line":158,"column":6},"end":{"line":158,"column":19}},"36":{"start":{"line":161,"column":4},"end":{"line":176,"column":5}},"37":{"start":{"line":162,"column":22},"end":{"line":162,"column":39}},"38":{"start":{"line":163,"column":6},"end":{"line":173,"column":7}},"39":{"start":{"line":165,"column":20},"end":{"line":165,"column":49}},"40":{"start":{"line":166,"column":20},"end":{"line":166,"column":37}},"41":{"start":{"line":168,"column":8},"end":{"line":172,"column":9}},"42":{"start":{"line":169,"column":10},"end":{"line":169,"column":83}},"43":{"start":{"line":170,"column":10},"end":{"line":170,"column":72}},"44":{"start":{"line":171,"column":10},"end":{"line":171,"column":22}},"45":{"start":{"line":175,"column":6},"end":{"line":175,"column":38}},"46":{"start":{"line":178,"column":4},"end":{"line":178,"column":17}},"47":{"start":{"line":182,"column":0},"end":{"line":182,"column":30}}},"fnMap":{"0":{"name":"(anonymous_0)","decl":{"start":{"line":29,"column":2},"end":{"line":29,"column":3}},"loc":{"start":{"line":29,"column":39},"end":{"line":38,"column":3}},"line":29},"1":{"name":"(anonymous_1)","decl":{"start":{"line":47,"column":2},"end":{"line":47,"column":3}},"loc":{"start":{"line":47,"column":30},"end":{"line":51,"column":3}},"line":47},"2":{"name":"(anonymous_2)","decl":{"start":{"line":60,"column":2},"end":{"line":60,"column":3}},"loc":{"start":{"line":60,"column":58},"end":{"line":112,"column":3}},"line":60},"3":{"name":"(anonymous_3)","decl":{"start":{"line":123,"column":2},"end":{"line":123,"column":3}},"loc":{"start":{"line":123,"column":48},"end":{"line":144,"column":3}},"line":123},"4":{"name":"(anonymous_4)","decl":{"start":{"line":156,"column":2},"end":{"line":156,"column":3}},"loc":{"start":{"line":156,"column":45},"end":{"line":179,"column":3}},"line":156}},"branchMap":{"0":{"loc":{"start":{"line":32,"column":19},"end":{"line":32,"column":55}},"type":"binary-expr","locations":[{"start":{"line":32,"column":19},"end":{"line":32,"column":49}},{"start":{"line":32,"column":53},"end":{"line":32,"column":55}}],"line":32},"1":{"loc":{"start":{"line":60,"column":39},"end":{"line":60,"column":56}},"type":"default-arg","locations":[{"start":{"line":60,"column":51},"end":{"line":60,"column":56}}],"line":60},"2":{"loc":{"start":{"line":75,"column":4},"end":{"line":78,"column":5}},"type":"if","locations":[{"start":{"line":75,"column":4},"end":{"line":78,"column":5}},{"start":{},"end":{}}],"line":75},"3":{"loc":{"start":{"line":124,"column":4},"end":{"line":126,"column":5}},"type":"if","locations":[{"start":{"line":124,"column":4},"end":{"line":126,"column":5}},{"start":{},"end":{}}],"line":124},"4":{"loc":{"start":{"line":131,"column":4},"end":{"line":133,"column":5}},"type":"if","locations":[{"start":{"line":131,"column":4},"end":{"line":133,"column":5}},{"start":{},"end":{}}],"line":131},"5":{"loc":{"start":{"line":136,"column":4},"end":{"line":141,"column":5}},"type":"if","locations":[{"start":{"line":136,"column":4},"end":{"line":141,"column":5}},{"start":{},"end":{}}],"line":136},"6":{"loc":{"start":{"line":136,"column":8},"end":{"line":136,"column":50}},"type":"binary-expr","locations":[{"start":{"line":136,"column":8},"end":{"line":136,"column":19}},{"start":{"line":136,"column":23},"end":{"line":136,"column":50}}],"line":136},"7":{"loc":{"start":{"line":138,"column":6},"end":{"line":140,"column":7}},"type":"if","locations":[{"start":{"line":138,"column":6},"end":{"line":140,"column":7}},{"start":{},"end":{}}],"line":138},"8":{"loc":{"start":{"line":157,"column":4},"end":{"line":159,"column":5}},"type":"if","locations":[{"start":{"line":157,"column":4},"end":{"line":159,"column":5}},{"start":{},"end":{}}],"line":157},"9":{"loc":{"start":{"line":157,"column":8},"end":{"line":157,"column":46}},"type":"binary-expr","locations":[{"start":{"line":157,"column":8},"end":{"line":157,"column":14}},{"start":{"line":157,"column":18},"end":{"line":157,"column":46}}],"line":157},"10":{"loc":{"start":{"line":163,"column":6},"end":{"line":173,"column":7}},"type":"if","locations":[{"start":{"line":163,"column":6},"end":{"line":173,"column":7}},{"start":{},"end":{}}],"line":163},"11":{"loc":{"start":{"line":163,"column":10},"end":{"line":163,"column":32}},"type":"binary-expr","locations":[{"start":{"line":163,"column":10},"end":{"line":163,"column":17}},{"start":{"line":163,"column":21},"end":{"line":163,"column":32}}],"line":163},"12":{"loc":{"start":{"line":168,"column":8},"end":{"line":172,"column":9}},"type":"if","locations":[{"start":{"line":168,"column":8},"end":{"line":172,"column":9}},{"start":{},"end":{}}],"line":168}},"s":{"0":1,"1":1,"2":1,"3":1,"4":1,"5":1,"6":6,"7":6,"8":6,"9":6,"10":0,"11":0,"12":6,"13":6,"14":6,"15":6,"16":6,"17":6,"18":1,"19":1,"20":6,"21":6,"22":6,"23":6,"24":1,"25":0,"26":1,"27":1,"28":0,"29":1,"30":0,"31":0,"32":0,"33":1,"34":2,"35":2,"36":0,"37":0,"38":0,"39":0,"40":0,"41":0,"42":0,"43":0,"44":0,"45":0,"46":0,"47":1},"f":{"0":6,"1":6,"2":6,"3":1,"4":2},"b":{"0":[6,0],"1":[0],"2":[1,5],"3":[0,1],"4":[0,1],"5":[0,1],"6":[1,1],"7":[0,0],"8":[2,0],"9":[2,2],"10":[0,0],"11":[0,0],"12":[0,0]},"_coverageSchema":"1a1c01bbd47fc00a2c39e90264f33305004495a9","hash":"891e4b79df309e2bf83367de50c7bd0f31e91057"}
,"/var/www/ai-platform/backend/src/utils/errors.js": {"path":"/var/www/ai-platform/backend/src/utils/errors.js","statementMap":{"0":{"start":{"line":10,"column":4},"end":{"line":10,"column":19}},"1":{"start":{"line":11,"column":4},"end":{"line":11,"column":33}},"2":{"start":{"line":12,"column":4},"end":{"line":12,"column":39}},"3":{"start":{"line":13,"column":4},"end":{"line":13,"column":38}},"4":{"start":{"line":15,"column":4},"end":{"line":15,"column":52}},"5":{"start":{"line":24,"column":4},"end":{"line":24,"column":24}},"6":{"start":{"line":25,"column":4},"end":{"line":25,"column":25}},"7":{"start":{"line":34,"column":4},"end":{"line":34,"column":24}},"8":{"start":{"line":43,"column":4},"end":{"line":43,"column":24}},"9":{"start":{"line":52,"column":4},"end":{"line":52,"column":24}},"10":{"start":{"line":61,"column":4},"end":{"line":61,"column":24}},"11":{"start":{"line":70,"column":4},"end":{"line":70,"column":24}},"12":{"start":{"line":79,"column":4},"end":{"line":79,"column":24}},"13":{"start":{"line":80,"column":4},"end":{"line":80,"column":39}},"14":{"start":{"line":89,"column":4},"end":{"line":89,"column":24}},"15":{"start":{"line":90,"column":4},"end":{"line":90,"column":27}},"16":{"start":{"line":94,"column":0},"end":{"line":104,"column":2}}},"fnMap":{"0":{"name":"(anonymous_0)","decl":{"start":{"line":9,"column":2},"end":{"line":9,"column":3}},"loc":{"start":{"line":9,"column":63},"end":{"line":16,"column":3}},"line":9},"1":{"name":"(anonymous_1)","decl":{"start":{"line":23,"column":2},"end":{"line":23,"column":3}},"loc":{"start":{"line":23,"column":58},"end":{"line":26,"column":3}},"line":23},"2":{"name":"(anonymous_2)","decl":{"start":{"line":33,"column":2},"end":{"line":33,"column":3}},"loc":{"start":{"line":33,"column":49},"end":{"line":35,"column":3}},"line":33},"3":{"name":"(anonymous_3)","decl":{"start":{"line":42,"column":2},"end":{"line":42,"column":3}},"loc":{"start":{"line":42,"column":41},"end":{"line":44,"column":3}},"line":42},"4":{"name":"(anonymous_4)","decl":{"start":{"line":51,"column":2},"end":{"line":51,"column":3}},"loc":{"start":{"line":51,"column":46},"end":{"line":53,"column":3}},"line":51},"5":{"name":"(anonymous_5)","decl":{"start":{"line":60,"column":2},"end":{"line":60,"column":3}},"loc":{"start":{"line":60,"column":45},"end":{"line":62,"column":3}},"line":60},"6":{"name":"(anonymous_6)","decl":{"start":{"line":69,"column":2},"end":{"line":69,"column":3}},"loc":{"start":{"line":69,"column":45},"end":{"line":71,"column":3}},"line":69},"7":{"name":"(anonymous_7)","decl":{"start":{"line":78,"column":2},"end":{"line":78,"column":3}},"loc":{"start":{"line":78,"column":64},"end":{"line":81,"column":3}},"line":78},"8":{"name":"(anonymous_8)","decl":{"start":{"line":88,"column":2},"end":{"line":88,"column":3}},"loc":{"start":{"line":88,"column":71},"end":{"line":91,"column":3}},"line":88}},"branchMap":{"0":{"loc":{"start":{"line":9,"column":23},"end":{"line":9,"column":39}},"type":"default-arg","locations":[{"start":{"line":9,"column":36},"end":{"line":9,"column":39}}],"line":9},"1":{"loc":{"start":{"line":9,"column":41},"end":{"line":9,"column":61}},"type":"default-arg","locations":[{"start":{"line":9,"column":57},"end":{"line":9,"column":61}}],"line":9},"2":{"loc":{"start":{"line":23,"column":14},"end":{"line":23,"column":43}},"type":"default-arg","locations":[{"start":{"line":23,"column":24},"end":{"line":23,"column":43}}],"line":23},"3":{"loc":{"start":{"line":23,"column":45},"end":{"line":23,"column":56}},"type":"default-arg","locations":[{"start":{"line":23,"column":54},"end":{"line":23,"column":56}}],"line":23},"4":{"loc":{"start":{"line":33,"column":14},"end":{"line":33,"column":47}},"type":"default-arg","locations":[{"start":{"line":33,"column":24},"end":{"line":33,"column":47}}],"line":33},"5":{"loc":{"start":{"line":42,"column":14},"end":{"line":42,"column":39}},"type":"default-arg","locations":[{"start":{"line":42,"column":24},"end":{"line":42,"column":39}}],"line":42},"6":{"loc":{"start":{"line":51,"column":14},"end":{"line":51,"column":44}},"type":"default-arg","locations":[{"start":{"line":51,"column":24},"end":{"line":51,"column":44}}],"line":51},"7":{"loc":{"start":{"line":60,"column":14},"end":{"line":60,"column":43}},"type":"default-arg","locations":[{"start":{"line":60,"column":24},"end":{"line":60,"column":43}}],"line":60},"8":{"loc":{"start":{"line":69,"column":14},"end":{"line":69,"column":43}},"type":"default-arg","locations":[{"start":{"line":69,"column":24},"end":{"line":69,"column":43}}],"line":69},"9":{"loc":{"start":{"line":78,"column":14},"end":{"line":78,"column":40}},"type":"default-arg","locations":[{"start":{"line":78,"column":24},"end":{"line":78,"column":40}}],"line":78},"10":{"loc":{"start":{"line":78,"column":42},"end":{"line":78,"column":62}},"type":"default-arg","locations":[{"start":{"line":78,"column":58},"end":{"line":78,"column":62}}],"line":78},"11":{"loc":{"start":{"line":88,"column":14},"end":{"line":88,"column":48}},"type":"default-arg","locations":[{"start":{"line":88,"column":24},"end":{"line":88,"column":48}}],"line":88},"12":{"loc":{"start":{"line":88,"column":50},"end":{"line":88,"column":69}},"type":"default-arg","locations":[{"start":{"line":88,"column":60},"end":{"line":88,"column":69}}],"line":88}},"s":{"0":2,"1":2,"2":2,"3":2,"4":2,"5":0,"6":0,"7":0,"8":0,"9":0,"10":0,"11":0,"12":2,"13":2,"14":0,"15":0,"16":3},"f":{"0":2,"1":0,"2":0,"3":0,"4":0,"5":0,"6":0,"7":2,"8":0},"b":{"0":[0],"1":[2],"2":[0],"3":[0],"4":[0],"5":[0],"6":[0],"7":[0],"8":[0],"9":[0],"10":[0],"11":[0],"12":[0]},"_coverageSchema":"1a1c01bbd47fc00a2c39e90264f33305004495a9","hash":"1a00dce5686d2fea582c92d99ef7c39dde9c92ab"}
,"/var/www/ai-platform/backend/src/utils/logger.js": {"path":"/var/www/ai-platform/backend/src/utils/logger.js","statementMap":{"0":{"start":{"line":5,"column":16},"end":{"line":5,"column":34}},"1":{"start":{"line":6,"column":13},"end":{"line":6,"column":28}},"2":{"start":{"line":7,"column":11},"end":{"line":7,"column":24}},"3":{"start":{"line":12,"column":15},"end":{"line":14,"column":57}},"4":{"start":{"line":17,"column":0},"end":{"line":23,"column":1}},"5":{"start":{"line":18,"column":2},"end":{"line":20,"column":3}},"6":{"start":{"line":19,"column":4},"end":{"line":19,"column":46}},"7":{"start":{"line":22,"column":2},"end":{"line":22,"column":51}},"8":{"start":{"line":26,"column":18},"end":{"line":36,"column":1}},"9":{"start":{"line":32,"column":4},"end":{"line":34,"column":44}},"10":{"start":{"line":39,"column":19},"end":{"line":39,"column":21}},"11":{"start":{"line":42,"column":0},"end":{"line":61,"column":1}},"12":{"start":{"line":43,"column":2},"end":{"line":58,"column":3}},"13":{"start":{"line":45,"column":4},"end":{"line":50,"column":8}},"14":{"start":{"line":53,"column":4},"end":{"line":57,"column":8}},"15":{"start":{"line":60,"column":2},"end":{"line":60,"column":36}},"16":{"start":{"line":64,"column":0},"end":{"line":69,"column":4}},"17":{"start":{"line":72,"column":15},"end":{"line":77,"column":2}},"18":{"start":{"line":80,"column":0},"end":{"line":84,"column":2}},"19":{"start":{"line":82,"column":4},"end":{"line":82,"column":32}},"20":{"start":{"line":86,"column":0},"end":{"line":86,"column":24}}},"fnMap":{"0":{"name":"(anonymous_0)","decl":{"start":{"line":31,"column":24},"end":{"line":31,"column":25}},"loc":{"start":{"line":31,"column":66},"end":{"line":35,"column":3}},"line":31},"1":{"name":"(anonymous_1)","decl":{"start":{"line":81,"column":9},"end":{"line":81,"column":10}},"loc":{"start":{"line":81,"column":27},"end":{"line":83,"column":3}},"line":81}},"branchMap":{"0":{"loc":{"start":{"line":12,"column":15},"end":{"line":14,"column":57}},"type":"cond-expr","locations":[{"start":{"line":13,"column":4},"end":{"line":13,"column":50}},{"start":{"line":14,"column":4},"end":{"line":14,"column":57}}],"line":12},"1":{"loc":{"start":{"line":18,"column":2},"end":{"line":20,"column":3}},"type":"if","locations":[{"start":{"line":18,"column":2},"end":{"line":20,"column":3}},{"start":{},"end":{}}],"line":18},"2":{"loc":{"start":{"line":32,"column":11},"end":{"line":34,"column":43}},"type":"cond-expr","locations":[{"start":{"line":33,"column":8},"end":{"line":33,"column":53}},{"start":{"line":34,"column":8},"end":{"line":34,"column":43}}],"line":32},"3":{"loc":{"start":{"line":43,"column":2},"end":{"line":58,"column":3}},"type":"if","locations":[{"start":{"line":43,"column":2},"end":{"line":58,"column":3}},{"start":{},"end":{}}],"line":43},"4":{"loc":{"start":{"line":43,"column":6},"end":{"line":43,"column":85}},"type":"binary-expr","locations":[{"start":{"line":43,"column":6},"end":{"line":43,"column":27}},{"start":{"line":43,"column":31},"end":{"line":43,"column":85}}],"line":43},"5":{"loc":{"start":{"line":73,"column":9},"end":{"line":73,"column":40}},"type":"binary-expr","locations":[{"start":{"line":73,"column":9},"end":{"line":73,"column":30}},{"start":{"line":73,"column":34},"end":{"line":73,"column":40}}],"line":73}},"s":{"0":3,"1":3,"2":3,"3":3,"4":3,"5":3,"6":0,"7":0,"8":3,"9":117,"10":3,"11":3,"12":3,"13":3,"14":3,"15":0,"16":3,"17":3,"18":3,"19":0,"20":3},"f":{"0":117,"1":0},"b":{"0":[0,3],"1":[0,3],"2":[0,117],"3":[3,0],"4":[3,3],"5":[3,3]},"_coverageSchema":"1a1c01bbd47fc00a2c39e90264f33305004495a9","hash":"29021b50d36e67b3b0d90224b0a0d73f4552cac3"}
}
