TN:
SF:src/config/index.js
FN:21,validateRequiredConfig
FN:42,(anonymous_1)
FN:61,getStorageRoot
FN:108,getStoragePath
FN:121,getJwtDefault
FN:144,(anonymous_5)
FN:190,(anonymous_6)
FNF:7
FNH:4
FNDA:3,validateRequiredConfig
FNDA:0,(anonymous_1)
FNDA:45,getStorageRoot
FNDA:39,getStoragePath
FNDA:6,getJwtDefault
FNDA:0,(anonymous_5)
FNDA:0,(anonymous_6)
DA:14,3
DA:15,3
DA:22,3
DA:25,3
DA:26,0
DA:28,3
DA:29,0
DA:33,3
DA:34,0
DA:38,3
DA:39,0
DA:40,0
DA:41,0
DA:42,0
DA:43,0
DA:45,0
DA:46,0
DA:47,0
DA:63,45
DA:64,0
DA:68,45
DA:70,45
DA:71,0
DA:75,45
DA:76,45
DA:78,45
DA:80,135
DA:82,45
DA:83,45
DA:86,90
DA:88,0
DA:89,0
DA:91,90
DA:95,45
DA:96,45
DA:100,0
DA:109,39
DA:110,39
DA:114,3
DA:122,6
DA:123,6
DA:126,0
DA:127,0
DA:131,0
DA:134,3
DA:144,0
DA:190,0
DA:253,3
DA:254,3
DA:255,3
DA:256,3
DA:257,3
DA:258,3
DA:259,3
DA:260,3
DA:264,3
DA:265,3
LF:57
LH:36
BRDA:25,0,0,0
BRDA:25,0,1,3
BRDA:25,1,0,3
BRDA:25,1,1,3
BRDA:28,2,0,0
BRDA:28,2,1,3
BRDA:28,3,0,3
BRDA:28,3,1,3
BRDA:33,4,0,0
BRDA:33,4,1,3
BRDA:38,5,0,0
BRDA:38,5,1,3
BRDA:38,6,0,3
BRDA:38,6,1,0
BRDA:63,7,0,0
BRDA:63,7,1,45
BRDA:68,8,0,45
BRDA:68,8,1,45
BRDA:70,9,0,0
BRDA:70,9,1,45
BRDA:78,10,0,135
BRDA:78,10,1,135
BRDA:80,11,0,45
BRDA:80,11,1,90
BRDA:80,12,0,135
BRDA:80,12,1,45
BRDA:86,13,0,0
BRDA:86,13,1,90
BRDA:86,14,0,90
BRDA:86,14,1,0
BRDA:95,15,0,45
BRDA:95,15,1,0
BRDA:108,16,0,0
BRDA:110,17,0,39
BRDA:110,17,1,0
BRDA:122,18,0,6
BRDA:122,18,1,0
BRDA:126,19,0,0
BRDA:126,19,1,0
BRDA:137,20,0,3
BRDA:137,20,1,3
BRDA:139,21,0,3
BRDA:139,21,1,3
BRDA:139,21,2,3
BRDA:140,22,0,3
BRDA:140,22,1,3
BRDA:141,23,0,3
BRDA:141,23,1,0
BRDA:143,24,0,0
BRDA:143,24,1,3
BRDA:154,25,0,3
BRDA:154,25,1,0
BRDA:155,26,0,3
BRDA:155,26,1,0
BRDA:156,27,0,3
BRDA:156,27,1,0
BRDA:157,28,0,3
BRDA:157,28,1,0
BRDA:158,29,0,3
BRDA:158,29,1,0
BRDA:160,30,0,3
BRDA:160,30,1,0
BRDA:164,31,0,3
BRDA:164,31,1,0
BRDA:165,32,0,3
BRDA:165,32,1,0
BRDA:166,33,0,3
BRDA:166,33,1,3
BRDA:167,34,0,3
BRDA:167,34,1,0
BRDA:168,35,0,3
BRDA:168,35,1,0
BRDA:179,36,0,3
BRDA:179,36,1,3
BRDA:180,37,0,3
BRDA:180,37,1,3
BRDA:189,38,0,0
BRDA:189,38,1,3
BRDA:200,39,0,3
BRDA:200,39,1,3
BRDA:210,40,0,3
BRDA:210,40,1,3
BRDA:211,41,0,3
BRDA:211,41,1,3
BRDA:212,42,0,3
BRDA:212,42,1,3
BRDA:236,43,0,3
BRDA:236,43,1,3
BRDA:243,44,0,3
BRDA:243,44,1,3
BRDA:244,45,0,3
BRDA:244,45,1,3
BRDA:253,46,0,3
BRDA:253,46,1,0
BRDA:253,47,0,3
BRDA:253,47,1,0
BRDA:255,48,0,3
BRDA:255,48,1,0
BRDA:259,49,0,0
BRDA:259,49,1,3
BRF:100
BRH:68
end_of_record
TN:
SF:src/database/connection.js
FN:21,(anonymous_0)
FN:29,(anonymous_1)
FN:78,(anonymous_2)
FN:106,(anonymous_3)
FN:135,(anonymous_4)
FN:150,(anonymous_5)
FN:157,(anonymous_6)
FN:164,(anonymous_7)
FN:175,(anonymous_8)
FN:203,(anonymous_9)
FN:213,(anonymous_10)
FN:244,(anonymous_11)
FN:256,(anonymous_12)
FNF:13
FNH:7
FNDA:3,(anonymous_0)
FNDA:3,(anonymous_1)
FNDA:1624,(anonymous_2)
FNDA:3,(anonymous_3)
FNDA:0,(anonymous_4)
FNDA:0,(anonymous_5)
FNDA:0,(anonymous_6)
FNDA:0,(anonymous_7)
FNDA:0,(anonymous_8)
FNDA:13,(anonymous_9)
FNDA:36,(anonymous_10)
FNDA:0,(anonymous_11)
FNDA:3,(anonymous_12)
DA:16,3
DA:17,3
DA:18,3
DA:22,3
DA:23,3
DA:30,3
DA:31,3
DA:33,3
DA:35,3
DA:36,0
DA:40,3
DA:54,3
DA:55,3
DA:56,3
DA:58,3
DA:59,3
DA:62,0
DA:63,0
DA:64,0
DA:79,1624
DA:80,1624
DA:81,0
DA:84,1624
DA:85,1624
DA:87,0
DA:91,0
DA:107,3
DA:108,3
DA:109,0
DA:114,3
DA:115,3
DA:117,0
DA:121,0
DA:136,0
DA:137,0
DA:140,0
DA:142,0
DA:143,0
DA:145,0
DA:151,0
DA:152,0
DA:158,0
DA:159,0
DA:165,0
DA:166,0
DA:168,0
DA:170,0
DA:176,0
DA:181,0
DA:182,0
DA:183,0
DA:204,13
DA:205,0
DA:208,13
DA:210,13
DA:211,13
DA:213,13
DA:214,36
DA:215,36
DA:219,13
DA:221,12
DA:222,12
DA:224,12
DA:227,1
DA:228,1
DA:230,0
DA:232,1
DA:234,1
DA:235,1
DA:245,0
DA:257,3
DA:258,3
DA:259,3
DA:260,3
DA:261,3
DA:264,0
DA:270,3
DA:272,3
LF:78
LH:46
BRDA:35,0,0,0
BRDA:35,0,1,3
BRDA:35,1,0,3
BRDA:35,1,1,3
BRDA:42,2,0,3
BRDA:42,2,1,0
BRDA:47,3,0,3
BRDA:47,3,1,0
BRDA:49,4,0,3
BRDA:49,4,1,0
BRDA:78,5,0,1374
BRDA:80,6,0,0
BRDA:80,6,1,1624
BRDA:106,7,0,0
BRDA:108,8,0,0
BRDA:108,8,1,3
BRDA:136,9,0,0
BRDA:136,9,1,0
BRDA:150,10,0,0
BRDA:204,11,0,0
BRDA:204,11,1,13
BRDA:213,12,0,0
BRDA:247,13,0,0
BRDA:247,13,1,0
BRDA:247,14,0,0
BRDA:247,14,1,0
BRDA:248,15,0,0
BRDA:248,15,1,0
BRDA:248,16,0,0
BRDA:248,16,1,0
BRDA:258,17,0,3
BRDA:258,17,1,0
BRF:32
BRH:11
end_of_record
TN:
SF:src/database/redis.js
FN:20,(anonymous_0)
FN:31,(anonymous_1)
FN:40,(anonymous_2)
FN:52,(anonymous_3)
FN:56,(anonymous_4)
FN:65,(anonymous_5)
FN:70,(anonymous_6)
FN:75,(anonymous_7)
FN:97,(anonymous_8)
FN:114,(anonymous_9)
FN:124,(anonymous_10)
FN:137,(anonymous_11)
FN:162,(anonymous_12)
FN:190,(anonymous_13)
FN:208,(anonymous_14)
FN:227,(anonymous_15)
FN:244,(anonymous_16)
FN:258,(anonymous_17)
FNF:18
FNH:1
FNDA:1,(anonymous_0)
FNDA:0,(anonymous_1)
FNDA:0,(anonymous_2)
FNDA:0,(anonymous_3)
FNDA:0,(anonymous_4)
FNDA:0,(anonymous_5)
FNDA:0,(anonymous_6)
FNDA:0,(anonymous_7)
FNDA:0,(anonymous_8)
FNDA:0,(anonymous_9)
FNDA:0,(anonymous_10)
FNDA:0,(anonymous_11)
FNDA:0,(anonymous_12)
FNDA:0,(anonymous_13)
FNDA:0,(anonymous_14)
FNDA:0,(anonymous_15)
FNDA:0,(anonymous_16)
FNDA:0,(anonymous_17)
DA:15,1
DA:16,1
DA:17,1
DA:21,1
DA:22,1
DA:32,0
DA:34,0
DA:36,0
DA:41,0
DA:42,0
DA:44,0
DA:52,0
DA:53,0
DA:56,0
DA:57,0
DA:58,0
DA:65,0
DA:66,0
DA:67,0
DA:70,0
DA:71,0
DA:72,0
DA:75,0
DA:76,0
DA:80,0
DA:83,0
DA:85,0
DA:88,0
DA:89,0
DA:98,0
DA:99,0
DA:100,0
DA:101,0
DA:103,0
DA:105,0
DA:106,0
DA:115,0
DA:116,0
DA:125,0
DA:126,0
DA:138,0
DA:139,0
DA:140,0
DA:141,0
DA:143,0
DA:144,0
DA:146,0
DA:149,0
DA:151,0
DA:152,0
DA:163,0
DA:164,0
DA:165,0
DA:166,0
DA:168,0
DA:169,0
DA:173,0
DA:174,0
DA:176,0
DA:179,0
DA:180,0
DA:191,0
DA:192,0
DA:193,0
DA:194,0
DA:195,0
DA:197,0
DA:198,0
DA:209,0
DA:210,0
DA:211,0
DA:212,0
DA:213,0
DA:215,0
DA:216,0
DA:228,0
DA:229,0
DA:230,0
DA:231,0
DA:232,0
DA:234,0
DA:235,0
DA:245,0
DA:259,0
DA:260,0
DA:261,0
DA:262,0
DA:263,0
DA:267,0
DA:268,0
DA:274,1
DA:276,1
LF:92
LH:7
BRDA:34,0,0,0
BRDA:34,0,1,0
BRDA:41,1,0,0
BRDA:41,1,1,0
BRDA:100,2,0,0
BRDA:100,2,1,0
BRDA:115,3,0,0
BRDA:115,3,1,0
BRDA:115,4,0,0
BRDA:115,4,1,0
BRDA:137,5,0,0
BRDA:141,6,0,0
BRDA:141,6,1,0
BRDA:143,7,0,0
BRDA:143,7,1,0
BRDA:168,8,0,0
BRDA:168,8,1,0
BRDA:247,9,0,0
BRDA:247,9,1,0
BRDA:260,10,0,0
BRDA:260,10,1,0
BRF:21
BRH:0
end_of_record
TN:
SF:src/models/Conversation.js
FN:17,(anonymous_0)
FN:42,(anonymous_1)
FN:61,(anonymous_2)
FN:80,(anonymous_3)
FN:157,(anonymous_4)
FN:200,(anonymous_5)
FN:221,(anonymous_6)
FN:234,(anonymous_7)
FN:281,(anonymous_8)
FN:306,(anonymous_9)
FN:323,(anonymous_10)
FN:350,(anonymous_11)
FN:369,(anonymous_12)
FN:376,(anonymous_13)
FN:383,(anonymous_14)
FN:390,(anonymous_15)
FN:397,(anonymous_16)
FNF:17
FNH:15
FNDA:35,(anonymous_0)
FNDA:30,(anonymous_1)
FNDA:2,(anonymous_2)
FNDA:22,(anonymous_3)
FNDA:3,(anonymous_4)
FNDA:6,(anonymous_5)
FNDA:2,(anonymous_6)
FNDA:30,(anonymous_7)
FNDA:8,(anonymous_8)
FNDA:1,(anonymous_9)
FNDA:2,(anonymous_10)
FNDA:2,(anonymous_11)
FNDA:2,(anonymous_12)
FNDA:1,(anonymous_13)
FNDA:3,(anonymous_14)
FNDA:0,(anonymous_15)
FNDA:0,(anonymous_16)
DA:10,1
DA:11,1
DA:12,1
DA:13,1
DA:14,1
DA:18,35
DA:19,35
DA:20,35
DA:21,35
DA:22,35
DA:23,35
DA:24,35
DA:25,35
DA:26,35
DA:27,35
DA:28,35
DA:29,35
DA:30,35
DA:31,35
DA:32,35
DA:33,35
DA:34,35
DA:35,35
DA:36,35
DA:43,30
DA:44,30
DA:45,30
DA:47,30
DA:48,1
DA:51,29
DA:53,0
DA:54,0
DA:62,2
DA:63,2
DA:64,2
DA:66,2
DA:67,0
DA:70,2
DA:72,0
DA:73,0
DA:81,22
DA:94,22
DA:97,22
DA:98,22
DA:99,20
DA:100,20
DA:101,20
DA:102,20
DA:103,20
DA:106,0
DA:110,22
DA:112,22
DA:117,22
DA:134,22
DA:147,22
DA:149,0
DA:150,0
DA:158,3
DA:159,3
DA:161,3
DA:164,3
DA:165,3
DA:168,3
DA:169,0
DA:170,0
DA:174,3
DA:175,3
DA:176,3
DA:178,3
DA:181,3
DA:182,3
DA:189,3
DA:195,3
DA:197,3
DA:199,3
DA:200,6
DA:209,0
DA:214,0
DA:222,2
DA:223,2
DA:224,2
DA:227,2
DA:229,2
DA:234,2
DA:236,30
DA:237,6
DA:239,6
DA:241,1
DA:242,1
DA:243,5
DA:245,1
DA:246,1
DA:247,0
DA:249,1
DA:251,4
DA:253,1
DA:254,1
DA:255,3
DA:257,1
DA:258,2
DA:260,0
DA:263,2
DA:268,2
DA:269,0
DA:270,0
DA:273,2
DA:274,2
DA:276,2
DA:278,2
DA:281,8
DA:284,2
DA:286,2
DA:291,2
DA:293,0
DA:299,0
DA:307,1
DA:308,1
DA:309,1
DA:311,1
DA:315,0
DA:316,0
DA:324,2
DA:325,2
DA:334,2
DA:336,2
DA:342,0
DA:343,0
DA:351,2
DA:352,2
DA:353,2
DA:355,2
DA:358,2
DA:359,2
DA:361,0
DA:362,0
DA:370,2
DA:377,1
DA:384,3
DA:391,0
DA:398,0
DA:422,1
LF:141
LH:115
BRDA:17,0,0,0
BRDA:18,1,0,35
BRDA:18,1,1,0
BRDA:19,2,0,35
BRDA:19,2,1,0
BRDA:20,3,0,35
BRDA:20,3,1,0
BRDA:21,4,0,35
BRDA:21,4,1,0
BRDA:22,5,0,35
BRDA:22,5,1,35
BRDA:23,6,0,35
BRDA:23,6,1,35
BRDA:24,7,0,35
BRDA:24,7,1,35
BRDA:25,8,0,35
BRDA:25,8,1,35
BRDA:26,9,0,35
BRDA:26,9,1,35
BRDA:27,10,0,35
BRDA:27,10,1,30
BRDA:28,11,0,35
BRDA:28,11,1,32
BRDA:29,12,0,35
BRDA:29,12,1,32
BRDA:30,13,0,35
BRDA:30,13,1,0
BRDA:31,14,0,35
BRDA:31,14,1,0
BRDA:32,15,0,35
BRDA:32,15,1,0
BRDA:33,16,0,35
BRDA:33,16,1,34
BRDA:34,17,0,35
BRDA:34,17,1,35
BRDA:35,18,0,35
BRDA:35,18,1,0
BRDA:36,19,0,35
BRDA:36,19,1,0
BRDA:47,20,0,1
BRDA:47,20,1,29
BRDA:66,21,0,0
BRDA:66,21,1,2
BRDA:84,22,0,12
BRDA:86,23,0,22
BRDA:87,24,0,22
BRDA:88,25,0,22
BRDA:89,26,0,22
BRDA:90,27,0,19
BRDA:92,28,0,21
BRDA:93,29,0,19
BRDA:98,30,0,20
BRDA:98,30,1,2
BRDA:98,31,0,22
BRDA:98,31,1,2
BRDA:101,32,0,20
BRDA:101,32,1,0
BRDA:101,33,0,20
BRDA:101,33,1,20
BRDA:102,34,0,20
BRDA:102,34,1,20
BRDA:126,35,0,22
BRDA:126,35,1,20
BRDA:127,36,0,22
BRDA:127,36,1,0
BRDA:128,37,0,2
BRDA:128,37,1,20
BRDA:128,38,0,22
BRDA:128,38,1,2
BRDA:129,39,0,2
BRDA:129,39,1,0
BRDA:131,40,0,1
BRDA:131,40,1,21
BRDA:139,41,0,2
BRDA:139,41,1,20
BRDA:157,42,0,1
BRDA:159,43,0,1
BRDA:159,44,0,1
BRDA:159,45,0,3
BRDA:168,46,0,0
BRDA:168,46,1,3
BRDA:236,47,0,6
BRDA:236,47,1,24
BRDA:236,48,0,30
BRDA:236,48,1,6
BRDA:239,49,0,1
BRDA:239,49,1,5
BRDA:241,50,0,1
BRDA:241,50,1,0
BRDA:243,51,0,1
BRDA:243,51,1,4
BRDA:246,52,0,0
BRDA:246,52,1,1
BRDA:251,53,0,1
BRDA:251,53,1,3
BRDA:253,54,0,1
BRDA:253,54,1,0
BRDA:255,55,0,1
BRDA:255,55,1,2
BRDA:257,56,0,0
BRDA:257,56,1,1
BRDA:258,57,0,0
BRDA:258,57,1,2
BRDA:258,58,0,2
BRDA:258,58,1,2
BRDA:258,58,2,2
BRDA:258,58,3,2
BRDA:258,58,4,2
BRDA:258,58,5,2
BRDA:260,59,0,0
BRDA:260,59,1,0
BRDA:260,60,0,0
BRDA:260,60,1,0
BRDA:263,61,0,0
BRDA:263,61,1,2
BRDA:268,62,0,0
BRDA:268,62,1,2
BRDA:281,63,0,0
BRDA:281,63,1,8
BRDA:370,64,0,2
BRDA:370,64,1,0
BRDA:377,65,0,1
BRDA:377,65,1,0
BRDA:384,66,0,3
BRDA:384,66,1,2
BRDA:391,67,0,0
BRDA:391,67,1,0
BRF:127
BRH:96
end_of_record
TN:
SF:src/models/Message.js
FN:21,(anonymous_0)
FN:41,(anonymous_1)
FN:69,(anonymous_2)
FN:167,(anonymous_3)
FN:184,(anonymous_4)
FN:231,(anonymous_5)
FN:259,(anonymous_6)
FN:311,(anonymous_7)
FN:333,(anonymous_8)
FN:397,(anonymous_9)
FN:411,(anonymous_10)
FN:447,(anonymous_11)
FN:464,(anonymous_12)
FN:481,(anonymous_13)
FN:483,(anonymous_14)
FN:574,(anonymous_15)
FN:588,(anonymous_16)
FN:600,(anonymous_17)
FN:633,(anonymous_18)
FNF:19
FNH:10
FNDA:28,(anonymous_0)
FNDA:22,(anonymous_1)
FNDA:22,(anonymous_2)
FNDA:0,(anonymous_3)
FNDA:0,(anonymous_4)
FNDA:22,(anonymous_5)
FNDA:0,(anonymous_6)
FNDA:0,(anonymous_7)
FNDA:2,(anonymous_8)
FNDA:6,(anonymous_9)
FNDA:0,(anonymous_10)
FNDA:0,(anonymous_11)
FNDA:0,(anonymous_12)
FNDA:1,(anonymous_13)
FNDA:1,(anonymous_14)
FNDA:4,(anonymous_15)
FNDA:0,(anonymous_16)
FNDA:2,(anonymous_17)
FNDA:0,(anonymous_18)
DA:11,1
DA:12,1
DA:13,1
DA:14,1
DA:22,28
DA:23,28
DA:24,28
DA:25,28
DA:26,28
DA:27,28
DA:28,28
DA:29,28
DA:30,28
DA:31,28
DA:32,28
DA:33,28
DA:42,22
DA:43,22
DA:44,22
DA:45,22
DA:46,22
DA:48,0
DA:49,0
DA:70,22
DA:83,22
DA:85,22
DA:88,22
DA:89,22
DA:90,22
DA:94,22
DA:95,22
DA:96,0
DA:102,22
DA:103,22
DA:104,1
DA:105,0
DA:106,1
DA:107,1
DA:112,22
DA:113,22
DA:114,1
DA:117,22
DA:125,22
DA:139,22
DA:153,22
DA:155,22
DA:157,0
DA:158,0
DA:168,0
DA:185,0
DA:186,0
DA:187,0
DA:189,0
DA:190,0
DA:191,0
DA:194,0
DA:195,0
DA:196,0
DA:199,0
DA:200,0
DA:201,0
DA:204,0
DA:207,0
DA:208,0
DA:210,0
DA:212,0
DA:219,0
DA:221,0
DA:222,0
DA:232,22
DA:233,22
DA:234,22
DA:236,22
DA:237,0
DA:240,22
DA:242,0
DA:243,0
DA:260,0
DA:261,0
DA:264,0
DA:265,0
DA:267,0
DA:268,0
DA:269,0
DA:270,0
DA:274,0
DA:275,0
DA:277,0
DA:278,0
DA:279,0
DA:282,0
DA:283,0
DA:287,0
DA:288,0
DA:289,0
DA:292,0
DA:293,0
DA:294,0
DA:296,0
DA:303,0
DA:305,0
DA:310,0
DA:311,0
DA:320,0
DA:321,0
DA:334,2
DA:336,2
DA:337,2
DA:339,2
DA:340,2
DA:342,2
DA:343,2
DA:344,2
DA:346,2
DA:347,1
DA:348,1
DA:351,0
DA:354,2
DA:358,2
DA:360,2
DA:361,1
DA:369,1
DA:371,1
DA:380,2
DA:387,2
DA:389,2
DA:397,6
DA:399,0
DA:400,0
DA:412,0
DA:413,0
DA:420,0
DA:422,0
DA:423,0
DA:425,0
DA:426,0
DA:427,0
DA:428,0
DA:435,0
DA:437,0
DA:438,0
DA:448,0
DA:449,0
DA:450,0
DA:451,0
DA:452,0
DA:454,0
DA:456,0
DA:457,0
DA:465,0
DA:466,0
DA:467,0
DA:468,0
DA:470,0
DA:471,0
DA:482,1
DA:483,1
DA:485,1
DA:486,1
DA:488,1
DA:489,0
DA:492,1
DA:495,1
DA:496,1
DA:503,1
DA:505,1
DA:507,0
DA:515,0
DA:517,0
DA:518,0
DA:520,0
DA:523,1
DA:526,1
DA:527,1
DA:529,1
DA:530,1
DA:533,1
DA:541,1
DA:553,1
DA:555,1
DA:561,1
DA:563,0
DA:564,0
DA:575,4
DA:576,2
DA:578,2
DA:579,2
DA:580,2
DA:589,0
DA:601,2
DA:604,2
DA:605,1
DA:607,1
DA:608,0
DA:609,0
DA:611,0
DA:612,0
DA:615,1
DA:616,1
DA:621,1
DA:622,1
DA:625,1
DA:634,0
DA:651,1
LF:204
LH:103
BRDA:21,0,0,0
BRDA:22,1,0,28
BRDA:22,1,1,0
BRDA:23,2,0,28
BRDA:23,2,1,0
BRDA:24,3,0,28
BRDA:24,3,1,0
BRDA:25,4,0,28
BRDA:25,4,1,0
BRDA:26,5,0,28
BRDA:26,5,1,0
BRDA:27,6,0,28
BRDA:27,6,1,6
BRDA:28,7,0,28
BRDA:28,7,1,28
BRDA:29,8,0,28
BRDA:29,8,1,0
BRDA:30,9,0,28
BRDA:30,9,1,26
BRDA:31,10,0,28
BRDA:31,10,1,27
BRDA:32,11,0,28
BRDA:32,11,1,28
BRDA:33,12,0,28
BRDA:33,12,1,0
BRDA:45,13,0,22
BRDA:45,13,1,5
BRDA:75,14,0,4
BRDA:76,15,0,22
BRDA:77,16,0,22
BRDA:78,17,0,21
BRDA:79,18,0,21
BRDA:80,19,0,22
BRDA:81,20,0,22
BRDA:82,21,0,22
BRDA:85,22,0,22
BRDA:85,22,1,22
BRDA:89,23,0,22
BRDA:89,23,1,0
BRDA:89,24,0,22
BRDA:89,24,1,0
BRDA:95,25,0,0
BRDA:95,25,1,22
BRDA:96,26,0,0
BRDA:96,26,1,0
BRDA:103,27,0,1
BRDA:103,27,1,21
BRDA:104,28,0,0
BRDA:104,28,1,1
BRDA:106,29,0,1
BRDA:106,29,1,0
BRDA:113,30,0,1
BRDA:113,30,1,21
BRDA:113,31,0,22
BRDA:113,31,1,21
BRDA:113,31,2,1
BRDA:113,31,3,1
BRDA:131,32,0,22
BRDA:131,32,1,4
BRDA:132,33,0,22
BRDA:132,33,1,22
BRDA:133,34,0,22
BRDA:133,34,1,0
BRDA:134,35,0,22
BRDA:134,35,1,20
BRDA:148,36,0,22
BRDA:148,36,1,1
BRDA:148,36,2,1
BRDA:149,37,0,1
BRDA:149,37,1,21
BRDA:149,38,0,22
BRDA:149,38,1,1
BRDA:171,39,0,0
BRDA:171,39,1,0
BRDA:184,40,0,0
BRDA:184,41,0,0
BRDA:184,42,0,0
BRDA:189,43,0,0
BRDA:189,43,1,0
BRDA:194,44,0,0
BRDA:194,44,1,0
BRDA:199,45,0,0
BRDA:199,45,1,0
BRDA:201,46,0,0
BRDA:201,46,1,0
BRDA:236,47,0,0
BRDA:236,47,1,22
BRDA:259,48,0,0
BRDA:261,49,0,0
BRDA:261,50,0,0
BRDA:261,51,0,0
BRDA:261,52,0,0
BRDA:268,53,0,0
BRDA:268,53,1,0
BRDA:268,54,0,0
BRDA:268,54,1,0
BRDA:277,55,0,0
BRDA:277,55,1,0
BRDA:282,56,0,0
BRDA:282,56,1,0
BRDA:294,57,0,0
BRDA:294,57,1,0
BRDA:333,58,0,2
BRDA:342,59,0,2
BRDA:342,59,1,0
BRDA:343,60,0,2
BRDA:343,60,1,0
BRDA:344,61,0,2
BRDA:344,61,1,0
BRDA:346,62,0,1
BRDA:346,62,1,1
BRDA:351,63,0,0
BRDA:351,63,1,0
BRDA:360,64,0,1
BRDA:360,64,1,1
BRDA:384,65,0,0
BRDA:384,65,1,2
BRDA:422,66,0,0
BRDA:422,66,1,0
BRDA:426,67,0,0
BRDA:426,67,1,0
BRDA:426,68,0,0
BRDA:426,68,1,0
BRDA:430,69,0,0
BRDA:430,69,1,0
BRDA:488,70,0,0
BRDA:488,70,1,1
BRDA:505,71,0,0
BRDA:505,71,1,1
BRDA:517,72,0,0
BRDA:517,72,1,0
BRDA:575,73,0,2
BRDA:575,73,1,2
BRDA:575,74,0,4
BRDA:575,74,1,2
BRDA:578,75,0,2
BRDA:578,75,1,1
BRDA:591,76,0,0
BRDA:591,76,1,0
BRDA:604,77,0,1
BRDA:604,77,1,1
BRDA:607,78,0,0
BRDA:607,78,1,1
BRDA:615,79,0,1
BRDA:615,79,1,0
BRDA:615,80,0,1
BRDA:615,80,1,1
BRDA:621,81,0,1
BRDA:621,81,1,0
BRF:149
BRH:81
end_of_record
TN:
SF:src/models/SystemConfig.js
FN:59,(anonymous_0)
FN:65,(anonymous_1)
FN:95,(anonymous_2)
FN:131,(anonymous_3)
FN:172,(anonymous_4)
FN:174,(anonymous_5)
FN:224,(anonymous_6)
FN:241,(anonymous_7)
FN:320,(anonymous_8)
FN:420,(anonymous_9)
FN:433,(anonymous_10)
FN:446,(anonymous_11)
FN:460,(anonymous_12)
FN:473,(anonymous_13)
FN:486,(anonymous_14)
FNF:15
FNH:4
FNDA:20,(anonymous_0)
FNDA:0,(anonymous_1)
FNDA:6,(anonymous_2)
FNDA:0,(anonymous_3)
FNDA:0,(anonymous_4)
FNDA:0,(anonymous_5)
FNDA:20,(anonymous_6)
FNDA:0,(anonymous_7)
FNDA:0,(anonymous_8)
FNDA:0,(anonymous_9)
FNDA:0,(anonymous_10)
FNDA:6,(anonymous_11)
FNDA:0,(anonymous_12)
FNDA:0,(anonymous_13)
FNDA:0,(anonymous_14)
DA:13,2
DA:14,2
DA:15,2
DA:21,2
DA:60,20
DA:61,20
DA:62,20
DA:64,20
DA:65,20
DA:66,0
DA:67,0
DA:68,0
DA:69,0
DA:70,0
DA:71,0
DA:72,0
DA:74,0
DA:77,0
DA:78,0
DA:82,20
DA:84,0
DA:85,0
DA:96,6
DA:97,6
DA:98,6
DA:100,6
DA:101,6
DA:104,0
DA:105,0
DA:106,0
DA:107,0
DA:108,0
DA:109,0
DA:110,0
DA:111,0
DA:113,0
DA:115,0
DA:118,0
DA:119,0
DA:132,0
DA:133,0
DA:135,0
DA:136,0
DA:137,0
DA:138,0
DA:139,0
DA:140,0
DA:142,0
DA:145,0
DA:153,0
DA:155,0
DA:156,0
DA:158,0
DA:159,0
DA:173,0
DA:174,0
DA:175,0
DA:176,0
DA:177,0
DA:180,0
DA:181,0
DA:182,0
DA:183,0
DA:184,0
DA:185,0
DA:186,0
DA:187,0
DA:188,0
DA:190,0
DA:193,0
DA:201,0
DA:205,0
DA:206,0
DA:208,0
DA:209,0
DA:225,20
DA:226,20
DA:229,20
DA:230,20
DA:232,20
DA:233,0
DA:234,0
DA:235,0
DA:236,0
DA:241,20
DA:244,20
DA:257,20
DA:259,20
DA:261,0
DA:265,20
DA:267,0
DA:271,20
DA:274,0
DA:275,0
DA:281,20
DA:282,0
DA:284,20
DA:285,0
DA:287,20
DA:288,0
DA:292,20
DA:293,20
DA:296,20
DA:298,0
DA:300,0
DA:321,0
DA:323,0
DA:324,0
DA:331,0
DA:333,0
DA:337,0
DA:338,0
DA:345,0
DA:346,0
DA:353,0
DA:360,0
DA:361,0
DA:364,0
DA:365,0
DA:368,0
DA:369,0
DA:373,0
DA:374,0
DA:375,0
DA:381,0
DA:382,0
DA:383,0
DA:385,0
DA:386,0
DA:387,0
DA:388,0
DA:389,0
DA:392,0
DA:393,0
DA:398,0
DA:399,0
DA:400,0
DA:401,0
DA:405,0
DA:406,0
DA:409,0
DA:411,0
DA:412,0
DA:421,0
DA:422,0
DA:424,0
DA:425,0
DA:434,0
DA:435,0
DA:437,0
DA:438,0
DA:447,6
DA:448,6
DA:449,6
DA:451,0
DA:452,0
DA:461,0
DA:462,0
DA:464,0
DA:465,0
DA:474,0
DA:475,0
DA:477,0
DA:478,0
DA:487,0
DA:488,0
DA:490,0
DA:491,0
DA:496,2
LF:169
LH:36
BRDA:67,0,0,0
BRDA:67,0,1,0
BRDA:67,1,0,0
BRDA:67,1,1,0
BRDA:69,2,0,0
BRDA:69,2,1,0
BRDA:70,3,0,0
BRDA:70,3,1,0
BRDA:71,4,0,0
BRDA:71,4,1,0
BRDA:100,5,0,6
BRDA:100,5,1,0
BRDA:106,6,0,0
BRDA:106,6,1,0
BRDA:106,7,0,0
BRDA:106,7,1,0
BRDA:108,8,0,0
BRDA:108,8,1,0
BRDA:109,9,0,0
BRDA:109,9,1,0
BRDA:110,10,0,0
BRDA:110,10,1,0
BRDA:131,11,0,0
BRDA:135,12,0,0
BRDA:135,12,1,0
BRDA:135,13,0,0
BRDA:135,13,1,0
BRDA:137,14,0,0
BRDA:137,14,1,0
BRDA:138,15,0,0
BRDA:138,15,1,0
BRDA:139,16,0,0
BRDA:139,16,1,0
BRDA:180,17,0,0
BRDA:180,17,1,0
BRDA:180,18,0,0
BRDA:180,18,1,0
BRDA:183,19,0,0
BRDA:183,19,1,0
BRDA:185,20,0,0
BRDA:185,20,1,0
BRDA:186,21,0,0
BRDA:186,21,1,0
BRDA:190,22,0,0
BRDA:190,22,1,0
BRDA:233,23,0,0
BRDA:233,23,1,0
BRDA:245,24,0,20
BRDA:245,24,1,20
BRDA:246,25,0,20
BRDA:246,25,1,20
BRDA:247,26,0,20
BRDA:247,26,1,20
BRDA:248,27,0,20
BRDA:248,27,1,20
BRDA:249,28,0,20
BRDA:249,28,1,20
BRDA:250,29,0,20
BRDA:250,29,1,20
BRDA:251,30,0,20
BRDA:251,30,1,20
BRDA:252,31,0,0
BRDA:252,31,1,20
BRDA:253,32,0,20
BRDA:253,32,1,20
BRDA:257,33,0,20
BRDA:257,33,1,0
BRDA:259,34,0,0
BRDA:259,34,1,20
BRDA:259,35,0,20
BRDA:259,35,1,0
BRDA:265,36,0,0
BRDA:265,36,1,20
BRDA:265,37,0,20
BRDA:265,37,1,0
BRDA:271,38,0,0
BRDA:271,38,1,20
BRDA:271,39,0,20
BRDA:271,39,1,0
BRDA:271,39,2,0
BRDA:281,40,0,0
BRDA:281,40,1,20
BRDA:284,41,0,0
BRDA:284,41,1,20
BRDA:287,42,0,0
BRDA:287,42,1,20
BRDA:323,43,0,0
BRDA:323,43,1,0
BRDA:327,44,0,0
BRDA:327,44,1,0
BRDA:328,45,0,0
BRDA:328,45,1,0
BRDA:329,46,0,0
BRDA:329,46,1,0
BRDA:337,47,0,0
BRDA:337,47,1,0
BRDA:339,48,0,0
BRDA:339,48,1,0
BRDA:340,49,0,0
BRDA:340,49,1,0
BRDA:345,50,0,0
BRDA:345,50,1,0
BRDA:347,51,0,0
BRDA:347,51,1,0
BRDA:348,52,0,0
BRDA:348,52,1,0
BRDA:360,53,0,0
BRDA:360,53,1,0
BRDA:364,54,0,0
BRDA:364,54,1,0
BRDA:368,55,0,0
BRDA:368,55,1,0
BRDA:373,56,0,0
BRDA:373,56,1,0
BRDA:376,57,0,0
BRDA:376,57,1,0
BRDA:381,58,0,0
BRDA:381,58,1,0
BRDA:381,59,0,0
BRDA:381,59,1,0
BRDA:386,60,0,0
BRDA:386,60,1,0
BRDA:388,61,0,0
BRDA:388,61,1,0
BRDA:400,62,0,0
BRDA:400,62,1,0
BRDA:405,63,0,0
BRDA:405,63,1,0
BRDA:449,64,0,6
BRDA:449,64,1,6
BRF:130
BRH:30
end_of_record
TN:
SF:src/models/User.js
FN:24,(anonymous_0)
FN:29,(anonymous_1)
FN:62,(anonymous_2)
FN:92,(anonymous_3)
FN:122,(anonymous_4)
FN:152,(anonymous_5)
FN:182,(anonymous_6)
FN:212,(anonymous_7)
FN:306,(anonymous_8)
FN:366,(anonymous_9)
FN:476,(anonymous_10)
FN:477,(anonymous_11)
FN:497,(anonymous_12)
FN:510,(anonymous_13)
FN:517,(anonymous_14)
FN:544,(anonymous_15)
FN:553,(anonymous_16)
FN:565,(anonymous_17)
FN:566,(anonymous_18)
FN:572,(anonymous_19)
FN:593,(anonymous_20)
FN:638,(anonymous_21)
FN:645,(anonymous_22)
FN:657,(anonymous_23)
FN:693,(anonymous_24)
FN:709,(anonymous_25)
FN:712,(anonymous_26)
FN:735,(anonymous_27)
FN:742,(anonymous_28)
FN:749,(anonymous_29)
FN:756,(anonymous_30)
FN:765,(anonymous_31)
FN:774,(anonymous_32)
FN:799,(anonymous_33)
FN:812,(anonymous_34)
FN:825,(anonymous_35)
FN:840,(anonymous_36)
FN:863,(anonymous_37)
FN:892,(anonymous_38)
FN:895,(anonymous_39)
FN:901,(anonymous_40)
FN:902,(anonymous_41)
FN:926,(anonymous_42)
FN:956,(anonymous_43)
FN:966,(anonymous_44)
FN:982,(anonymous_45)
FN:1003,(anonymous_46)
FN:1013,(anonymous_47)
FN:1020,(anonymous_48)
FN:1030,(anonymous_49)
FN:1081,(anonymous_50)
FN:1091,(anonymous_51)
FN:1176,(anonymous_52)
FN:1186,(anonymous_53)
FN:1239,(anonymous_54)
FN:1249,(anonymous_55)
FN:1296,(anonymous_56)
FN:1357,(anonymous_57)
FN:1359,(anonymous_58)
FN:1404,(anonymous_59)
FN:1434,(anonymous_60)
FN:1489,(anonymous_61)
FN:1503,(anonymous_62)
FN:1523,(anonymous_63)
FN:1529,(anonymous_64)
FN:1562,(anonymous_65)
FN:1596,(anonymous_66)
FNF:67
FNH:24
FNDA:47,(anonymous_0)
FNDA:0,(anonymous_1)
FNDA:46,(anonymous_2)
FNDA:0,(anonymous_3)
FNDA:2,(anonymous_4)
FNDA:1,(anonymous_5)
FNDA:0,(anonymous_6)
FNDA:0,(anonymous_7)
FNDA:0,(anonymous_8)
FNDA:0,(anonymous_9)
FNDA:0,(anonymous_10)
FNDA:0,(anonymous_11)
FNDA:0,(anonymous_12)
FNDA:0,(anonymous_13)
FNDA:0,(anonymous_14)
FNDA:1,(anonymous_15)
FNDA:1,(anonymous_16)
FNDA:1,(anonymous_17)
FNDA:1,(anonymous_18)
FNDA:1,(anonymous_19)
FNDA:1,(anonymous_20)
FNDA:0,(anonymous_21)
FNDA:0,(anonymous_22)
FNDA:0,(anonymous_23)
FNDA:0,(anonymous_24)
FNDA:0,(anonymous_25)
FNDA:0,(anonymous_26)
FNDA:0,(anonymous_27)
FNDA:0,(anonymous_28)
FNDA:0,(anonymous_29)
FNDA:0,(anonymous_30)
FNDA:0,(anonymous_31)
FNDA:0,(anonymous_32)
FNDA:0,(anonymous_33)
FNDA:0,(anonymous_34)
FNDA:0,(anonymous_35)
FNDA:0,(anonymous_36)
FNDA:0,(anonymous_37)
FNDA:0,(anonymous_38)
FNDA:0,(anonymous_39)
FNDA:0,(anonymous_40)
FNDA:0,(anonymous_41)
FNDA:0,(anonymous_42)
FNDA:25,(anonymous_43)
FNDA:1,(anonymous_44)
FNDA:0,(anonymous_45)
FNDA:16,(anonymous_46)
FNDA:6,(anonymous_47)
FNDA:2,(anonymous_48)
FNDA:2,(anonymous_49)
FNDA:1,(anonymous_50)
FNDA:1,(anonymous_51)
FNDA:1,(anonymous_52)
FNDA:1,(anonymous_53)
FNDA:8,(anonymous_54)
FNDA:1,(anonymous_55)
FNDA:5,(anonymous_56)
FNDA:0,(anonymous_57)
FNDA:0,(anonymous_58)
FNDA:0,(anonymous_59)
FNDA:0,(anonymous_60)
FNDA:2,(anonymous_61)
FNDA:0,(anonymous_62)
FNDA:0,(anonymous_63)
FNDA:0,(anonymous_64)
FNDA:0,(anonymous_65)
FNDA:0,(anonymous_66)
DA:16,2
DA:17,2
DA:18,2
DA:19,2
DA:20,2
DA:21,2
DA:25,47
DA:30,0
DA:33,0
DA:34,0
DA:38,0
DA:45,0
DA:46,0
DA:54,0
DA:56,0
DA:63,46
DA:64,46
DA:76,46
DA:78,46
DA:79,1
DA:82,45
DA:84,0
DA:85,0
DA:93,0
DA:94,0
DA:106,0
DA:108,0
DA:109,0
DA:112,0
DA:114,0
DA:115,0
DA:123,2
DA:124,2
DA:136,2
DA:138,2
DA:139,1
DA:142,1
DA:144,0
DA:145,0
DA:153,1
DA:154,1
DA:166,1
DA:168,1
DA:169,0
DA:172,1
DA:174,0
DA:175,0
DA:183,0
DA:184,0
DA:196,0
DA:198,0
DA:199,0
DA:202,0
DA:204,0
DA:205,0
DA:213,0
DA:227,0
DA:229,0
DA:230,0
DA:231,0
DA:234,0
DA:235,0
DA:238,0
DA:239,0
DA:241,0
DA:242,0
DA:243,0
DA:244,0
DA:245,0
DA:248,0
DA:249,0
DA:250,0
DA:251,0
DA:252,0
DA:253,0
DA:257,0
DA:264,0
DA:269,0
DA:270,0
DA:272,0
DA:283,0
DA:285,0
DA:287,0
DA:288,0
DA:289,0
DA:291,0
DA:292,0
DA:294,0
DA:295,0
DA:299,0
DA:307,0
DA:314,0
DA:316,0
DA:318,0
DA:319,0
DA:320,0
DA:325,0
DA:328,0
DA:329,0
DA:330,0
DA:332,0
DA:348,0
DA:356,0
DA:358,0
DA:359,0
DA:367,0
DA:378,0
DA:380,0
DA:382,0
DA:383,0
DA:385,0
DA:386,0
DA:387,0
DA:388,0
DA:392,0
DA:393,0
DA:394,0
DA:397,0
DA:398,0
DA:399,0
DA:402,0
DA:403,0
DA:404,0
DA:405,0
DA:409,0
DA:412,0
DA:413,0
DA:416,0
DA:417,0
DA:418,0
DA:421,0
DA:425,0
DA:431,0
DA:432,0
DA:434,0
DA:436,0
DA:437,0
DA:471,0
DA:473,0
DA:475,0
DA:476,0
DA:477,0
DA:479,0
DA:494,0
DA:496,0
DA:497,0
DA:498,0
DA:499,0
DA:501,0
DA:510,0
DA:511,0
DA:514,0
DA:517,0
DA:518,0
DA:519,0
DA:520,0
DA:521,0
DA:523,0
DA:526,0
DA:535,0
DA:536,0
DA:545,1
DA:547,1
DA:553,1
DA:555,1
DA:556,0
DA:559,1
DA:560,1
DA:561,1
DA:562,1
DA:565,1
DA:566,1
DA:567,1
DA:569,1
DA:570,1
DA:572,1
DA:573,1
DA:574,1
DA:575,1
DA:577,0
DA:581,1
DA:583,1
DA:585,0
DA:586,0
DA:594,1
DA:596,1
DA:597,1
DA:598,1
DA:599,1
DA:601,1
DA:611,1
DA:613,1
DA:614,1
DA:616,1
DA:617,1
DA:618,1
DA:619,1
DA:620,1
DA:622,1
DA:630,0
DA:631,0
DA:639,0
DA:646,0
DA:647,0
DA:649,0
DA:650,0
DA:658,0
DA:659,0
DA:660,0
DA:672,0
DA:673,0
DA:685,0
DA:686,0
DA:691,0
DA:693,0
DA:694,0
DA:696,0
DA:699,0
DA:701,0
DA:702,0
DA:710,0
DA:712,0
DA:713,0
DA:714,0
DA:715,0
DA:718,0
DA:720,0
DA:721,0
DA:723,0
DA:724,0
DA:726,0
DA:729,0
DA:736,0
DA:743,0
DA:750,0
DA:757,0
DA:758,0
DA:759,0
DA:766,0
DA:767,0
DA:768,0
DA:775,0
DA:776,0
DA:777,0
DA:780,0
DA:785,0
DA:787,0
DA:789,0
DA:791,0
DA:792,0
DA:800,0
DA:801,0
DA:802,0
DA:803,0
DA:805,0
DA:813,0
DA:814,0
DA:815,0
DA:816,0
DA:818,0
DA:826,0
DA:827,0
DA:828,0
DA:829,0
DA:831,0
DA:841,0
DA:842,0
DA:852,0
DA:853,0
DA:855,0
DA:856,0
DA:864,0
DA:865,0
DA:867,0
DA:871,0
DA:873,0
DA:874,0
DA:876,0
DA:877,0
DA:879,0
DA:881,0
DA:882,0
DA:885,0
DA:893,0
DA:894,0
DA:895,0
DA:897,0
DA:898,0
DA:901,0
DA:902,0
DA:903,0
DA:905,0
DA:906,0
DA:908,0
DA:910,0
DA:911,0
DA:913,0
DA:915,0
DA:916,0
DA:919,0
DA:927,0
DA:928,0
DA:932,0
DA:933,0
DA:936,0
DA:937,0
DA:939,0
DA:941,0
DA:943,0
DA:944,0
DA:947,0
DA:957,25
DA:958,20
DA:960,5
DA:967,1
DA:968,0
DA:971,1
DA:972,1
DA:973,1
DA:974,1
DA:976,1
DA:983,0
DA:984,0
DA:985,0
DA:986,0
DA:987,0
DA:989,0
DA:1004,16
DA:1005,0
DA:1007,16
DA:1014,6
DA:1021,2
DA:1022,2
DA:1023,0
DA:1026,2
DA:1027,2
DA:1028,2
DA:1030,2
DA:1031,2
DA:1036,2
DA:1038,2
DA:1040,2
DA:1045,2
DA:1054,2
DA:1055,2
DA:1057,2
DA:1065,2
DA:1073,0
DA:1074,0
DA:1082,1
DA:1083,1
DA:1084,0
DA:1087,1
DA:1088,1
DA:1089,1
DA:1091,1
DA:1092,1
DA:1096,1
DA:1098,1
DA:1099,0
DA:1109,0
DA:1112,1
DA:1113,1
DA:1115,1
DA:1117,1
DA:1119,1
DA:1124,1
DA:1132,1
DA:1133,0
DA:1137,0
DA:1141,1
DA:1143,1
DA:1153,1
DA:1162,1
DA:1163,0
DA:1166,1
DA:1168,0
DA:1169,0
DA:1177,1
DA:1178,1
DA:1179,0
DA:1182,1
DA:1183,1
DA:1184,1
DA:1186,1
DA:1187,1
DA:1192,1
DA:1194,1
DA:1196,1
DA:1201,1
DA:1210,1
DA:1211,1
DA:1213,1
DA:1222,1
DA:1231,0
DA:1232,0
DA:1240,8
DA:1241,8
DA:1242,1
DA:1249,1
DA:1250,1
DA:1254,1
DA:1256,1
DA:1262,1
DA:1272,1
DA:1275,1
DA:1283,7
DA:1284,0
DA:1287,7
DA:1288,1
DA:1289,1
DA:1292,6
DA:1293,1
DA:1296,5
DA:1297,5
DA:1302,5
DA:1304,5
DA:1308,5
DA:1310,5
DA:1316,5
DA:1320,5
DA:1323,5
DA:1325,5
DA:1334,5
DA:1342,2
DA:1350,2
DA:1358,0
DA:1359,0
DA:1360,0
DA:1365,0
DA:1367,0
DA:1373,0
DA:1380,0
DA:1382,0
DA:1389,0
DA:1396,0
DA:1397,0
DA:1405,0
DA:1406,0
DA:1407,0
DA:1412,0
DA:1413,0
DA:1414,0
DA:1416,0
DA:1417,0
DA:1420,0
DA:1426,0
DA:1427,0
DA:1435,0
DA:1436,0
DA:1438,0
DA:1439,0
DA:1441,0
DA:1442,0
DA:1443,0
DA:1446,0
DA:1448,0
DA:1453,0
DA:1454,0
DA:1456,0
DA:1457,0
DA:1468,0
DA:1470,0
DA:1479,0
DA:1480,0
DA:1490,2
DA:1491,0
DA:1494,2
DA:1495,0
DA:1497,2
DA:1504,0
DA:1505,0
DA:1508,0
DA:1509,0
DA:1512,0
DA:1513,0
DA:1514,0
DA:1515,0
DA:1517,0
DA:1524,0
DA:1525,0
DA:1526,0
DA:1529,0
DA:1530,0
DA:1535,0
DA:1537,0
DA:1545,0
DA:1547,0
DA:1554,0
DA:1555,0
DA:1563,0
DA:1564,0
DA:1565,0
DA:1568,0
DA:1569,0
DA:1574,0
DA:1575,0
DA:1576,0
DA:1578,0
DA:1579,0
DA:1582,0
DA:1588,0
DA:1589,0
DA:1597,0
DA:1598,0
DA:1599,0
DA:1602,0
DA:1603,0
DA:1605,0
DA:1606,0
DA:1609,0
DA:1611,0
DA:1612,0
DA:1614,0
DA:1617,0
DA:1623,0
DA:1624,0
DA:1629,2
LF:518
LH:154
BRDA:33,0,0,0
BRDA:33,0,1,0
BRDA:33,1,0,0
BRDA:33,1,1,0
BRDA:45,2,0,0
BRDA:45,2,1,0
BRDA:54,3,0,0
BRDA:54,3,1,0
BRDA:78,4,0,1
BRDA:78,4,1,45
BRDA:108,5,0,0
BRDA:108,5,1,0
BRDA:138,6,0,1
BRDA:138,6,1,1
BRDA:168,7,0,0
BRDA:168,7,1,1
BRDA:198,8,0,0
BRDA:198,8,1,0
BRDA:215,9,0,0
BRDA:216,10,0,0
BRDA:220,11,0,0
BRDA:221,12,0,0
BRDA:222,13,0,0
BRDA:223,14,0,0
BRDA:224,15,0,0
BRDA:225,16,0,0
BRDA:226,17,0,0
BRDA:230,18,0,0
BRDA:230,18,1,0
BRDA:234,19,0,0
BRDA:234,19,1,0
BRDA:234,20,0,0
BRDA:234,20,1,0
BRDA:234,20,2,0
BRDA:238,21,0,0
BRDA:238,21,1,0
BRDA:242,22,0,0
BRDA:242,22,1,0
BRDA:242,23,0,0
BRDA:242,23,1,0
BRDA:249,24,0,0
BRDA:249,24,1,0
BRDA:252,25,0,0
BRDA:252,25,1,0
BRDA:252,26,0,0
BRDA:252,26,1,0
BRDA:287,27,0,0
BRDA:287,27,1,0
BRDA:288,28,0,0
BRDA:288,28,1,0
BRDA:291,29,0,0
BRDA:291,29,1,0
BRDA:294,30,0,0
BRDA:294,30,1,0
BRDA:310,31,0,0
BRDA:313,32,0,0
BRDA:318,33,0,0
BRDA:318,33,1,0
BRDA:342,34,0,0
BRDA:342,34,1,0
BRDA:366,35,0,0
BRDA:366,36,0,0
BRDA:369,37,0,0
BRDA:370,38,0,0
BRDA:371,39,0,0
BRDA:372,40,0,0
BRDA:373,41,0,0
BRDA:374,42,0,0
BRDA:375,43,0,0
BRDA:376,44,0,0
BRDA:377,45,0,0
BRDA:385,46,0,0
BRDA:385,46,1,0
BRDA:386,47,0,0
BRDA:386,47,1,0
BRDA:386,48,0,0
BRDA:386,48,1,0
BRDA:392,49,0,0
BRDA:392,49,1,0
BRDA:397,50,0,0
BRDA:397,50,1,0
BRDA:402,51,0,0
BRDA:402,51,1,0
BRDA:403,52,0,0
BRDA:403,52,1,0
BRDA:403,53,0,0
BRDA:403,53,1,0
BRDA:403,53,2,0
BRDA:404,54,0,0
BRDA:404,54,1,0
BRDA:416,55,0,0
BRDA:416,55,1,0
BRDA:421,56,0,0
BRDA:421,56,1,0
BRDA:475,57,0,0
BRDA:475,57,1,0
BRDA:475,58,0,0
BRDA:475,58,1,0
BRDA:498,59,0,0
BRDA:498,59,1,0
BRDA:511,60,0,0
BRDA:511,60,1,0
BRDA:520,61,0,0
BRDA:520,61,1,0
BRDA:555,62,0,0
BRDA:555,62,1,1
BRDA:559,63,0,1
BRDA:559,63,1,0
BRDA:566,64,0,1
BRDA:566,64,1,0
BRDA:573,65,0,1
BRDA:573,65,1,0
BRDA:574,66,0,1
BRDA:574,66,1,0
BRDA:659,67,0,0
BRDA:659,67,1,0
BRDA:672,68,0,0
BRDA:672,68,1,0
BRDA:685,69,0,0
BRDA:685,69,1,0
BRDA:709,70,0,0
BRDA:713,71,0,0
BRDA:713,71,1,0
BRDA:714,72,0,0
BRDA:714,72,1,0
BRDA:714,73,0,0
BRDA:714,73,1,0
BRDA:718,74,0,0
BRDA:718,74,1,0
BRDA:720,75,0,0
BRDA:720,75,1,0
BRDA:720,76,0,0
BRDA:720,76,1,0
BRDA:721,77,0,0
BRDA:721,77,1,0
BRDA:724,78,0,0
BRDA:724,78,1,0
BRDA:736,79,0,0
BRDA:736,79,1,0
BRDA:750,80,0,0
BRDA:750,80,1,0
BRDA:756,81,0,0
BRDA:757,82,0,0
BRDA:757,82,1,0
BRDA:758,83,0,0
BRDA:758,83,1,0
BRDA:766,84,0,0
BRDA:766,84,1,0
BRDA:767,85,0,0
BRDA:767,85,1,0
BRDA:776,86,0,0
BRDA:776,86,1,0
BRDA:787,87,0,0
BRDA:787,87,1,0
BRDA:816,88,0,0
BRDA:816,88,1,0
BRDA:863,89,0,0
BRDA:865,90,0,0
BRDA:865,91,0,0
BRDA:865,92,0,0
BRDA:865,93,0,0
BRDA:865,94,0,0
BRDA:881,95,0,0
BRDA:881,95,1,0
BRDA:897,96,0,0
BRDA:897,96,1,0
BRDA:915,97,0,0
BRDA:915,97,1,0
BRDA:932,98,0,0
BRDA:932,98,1,0
BRDA:943,99,0,0
BRDA:943,99,1,0
BRDA:957,100,0,20
BRDA:957,100,1,5
BRDA:967,101,0,0
BRDA:967,101,1,1
BRDA:983,102,0,0
BRDA:983,102,1,0
BRDA:984,103,0,0
BRDA:984,103,1,0
BRDA:992,104,0,0
BRDA:992,104,1,0
BRDA:993,105,0,0
BRDA:993,105,1,0
BRDA:1004,106,0,0
BRDA:1004,106,1,16
BRDA:1007,107,0,16
BRDA:1007,107,1,0
BRDA:1007,108,0,16
BRDA:1007,108,1,9
BRDA:1013,109,0,0
BRDA:1020,110,0,0
BRDA:1020,111,0,0
BRDA:1022,112,0,0
BRDA:1022,112,1,2
BRDA:1026,113,0,2
BRDA:1026,113,1,0
BRDA:1027,114,0,2
BRDA:1027,114,1,0
BRDA:1081,115,0,0
BRDA:1081,116,0,0
BRDA:1081,117,0,1
BRDA:1083,118,0,0
BRDA:1083,118,1,1
BRDA:1087,119,0,1
BRDA:1087,119,1,0
BRDA:1089,120,0,1
BRDA:1089,120,1,0
BRDA:1098,121,0,0
BRDA:1098,121,1,1
BRDA:1098,122,0,1
BRDA:1098,122,1,0
BRDA:1128,123,0,0
BRDA:1128,123,1,1
BRDA:1132,124,0,0
BRDA:1132,124,1,1
BRDA:1162,125,0,0
BRDA:1162,125,1,1
BRDA:1176,126,0,0
BRDA:1176,127,0,0
BRDA:1178,128,0,0
BRDA:1178,128,1,1
BRDA:1182,129,0,1
BRDA:1182,129,1,0
BRDA:1184,130,0,1
BRDA:1184,130,1,0
BRDA:1239,131,0,0
BRDA:1239,132,0,0
BRDA:1239,133,0,0
BRDA:1239,134,0,8
BRDA:1241,135,0,1
BRDA:1241,135,1,7
BRDA:1283,136,0,0
BRDA:1283,136,1,7
BRDA:1287,137,0,1
BRDA:1287,137,1,6
BRDA:1289,138,0,0
BRDA:1289,138,1,1
BRDA:1292,139,0,1
BRDA:1292,139,1,5
BRDA:1357,140,0,0
BRDA:1357,141,0,0
BRDA:1404,142,0,0
BRDA:1404,143,0,0
BRDA:1406,144,0,0
BRDA:1406,144,1,0
BRDA:1412,145,0,0
BRDA:1412,145,1,0
BRDA:1412,146,0,0
BRDA:1412,146,1,0
BRDA:1434,147,0,0
BRDA:1436,148,0,0
BRDA:1436,149,0,0
BRDA:1436,150,0,0
BRDA:1441,151,0,0
BRDA:1441,151,1,0
BRDA:1490,152,0,0
BRDA:1490,152,1,2
BRDA:1494,153,0,0
BRDA:1494,153,1,2
BRDA:1504,154,0,0
BRDA:1504,154,1,0
BRDA:1508,155,0,0
BRDA:1508,155,1,0
BRDA:1523,156,0,0
BRDA:1523,157,0,0
BRDA:1525,158,0,0
BRDA:1525,158,1,0
BRDA:1562,159,0,0
BRDA:1562,160,0,0
BRDA:1564,161,0,0
BRDA:1564,161,1,0
BRDA:1568,162,0,0
BRDA:1568,162,1,0
BRDA:1574,163,0,0
BRDA:1574,163,1,0
BRDA:1574,164,0,0
BRDA:1574,164,1,0
BRDA:1598,165,0,0
BRDA:1598,165,1,0
BRDA:1605,166,0,0
BRDA:1605,166,1,0
BRDA:1611,167,0,0
BRDA:1611,167,1,0
BRF:284
BRH:43
end_of_record
TN:
SF:src/services/auth/TokenService.js
FN:29,(anonymous_0)
FN:47,(anonymous_1)
FN:60,(anonymous_2)
FN:123,(anonymous_3)
FN:156,(anonymous_4)
FNF:5
FNH:5
FNDA:6,(anonymous_0)
FNDA:6,(anonymous_1)
FNDA:6,(anonymous_2)
FNDA:1,(anonymous_3)
FNDA:2,(anonymous_4)
DA:16,1
DA:17,1
DA:18,1
DA:19,1
DA:20,1
DA:21,1
DA:30,6
DA:31,6
DA:32,6
DA:33,6
DA:35,0
DA:36,0
DA:48,6
DA:49,6
DA:50,6
DA:62,6
DA:65,6
DA:75,6
DA:76,1
DA:77,1
DA:80,6
DA:91,6
DA:93,6
DA:107,6
DA:124,1
DA:125,0
DA:129,1
DA:131,1
DA:132,0
DA:136,1
DA:137,0
DA:138,0
DA:139,0
DA:143,1
DA:157,2
DA:158,2
DA:161,0
DA:162,0
DA:163,0
DA:165,0
DA:166,0
DA:168,0
DA:169,0
DA:170,0
DA:171,0
DA:175,0
DA:178,0
DA:182,1
LF:48
LH:30
BRDA:32,0,0,6
BRDA:32,0,1,0
BRDA:60,1,0,0
BRDA:75,2,0,1
BRDA:75,2,1,5
BRDA:124,3,0,0
BRDA:124,3,1,1
BRDA:131,4,0,0
BRDA:131,4,1,1
BRDA:136,5,0,0
BRDA:136,5,1,1
BRDA:136,6,0,1
BRDA:136,6,1,1
BRDA:138,7,0,0
BRDA:138,7,1,0
BRDA:157,8,0,2
BRDA:157,8,1,0
BRDA:157,9,0,2
BRDA:157,9,1,2
BRDA:163,10,0,0
BRDA:163,10,1,0
BRDA:163,11,0,0
BRDA:163,11,1,0
BRDA:168,12,0,0
BRDA:168,12,1,0
BRF:25
BRH:11
end_of_record
TN:
SF:src/utils/errors.js
FN:9,(anonymous_0)
FN:23,(anonymous_1)
FN:33,(anonymous_2)
FN:42,(anonymous_3)
FN:51,(anonymous_4)
FN:60,(anonymous_5)
FN:69,(anonymous_6)
FN:78,(anonymous_7)
FN:88,(anonymous_8)
FNF:9
FNH:2
FNDA:2,(anonymous_0)
FNDA:0,(anonymous_1)
FNDA:0,(anonymous_2)
FNDA:0,(anonymous_3)
FNDA:0,(anonymous_4)
FNDA:0,(anonymous_5)
FNDA:0,(anonymous_6)
FNDA:2,(anonymous_7)
FNDA:0,(anonymous_8)
DA:10,2
DA:11,2
DA:12,2
DA:13,2
DA:15,2
DA:24,0
DA:25,0
DA:34,0
DA:43,0
DA:52,0
DA:61,0
DA:70,0
DA:79,2
DA:80,2
DA:89,0
DA:90,0
DA:94,3
LF:17
LH:8
BRDA:9,0,0,0
BRDA:9,1,0,2
BRDA:23,2,0,0
BRDA:23,3,0,0
BRDA:33,4,0,0
BRDA:42,5,0,0
BRDA:51,6,0,0
BRDA:60,7,0,0
BRDA:69,8,0,0
BRDA:78,9,0,0
BRDA:78,10,0,0
BRDA:88,11,0,0
BRDA:88,12,0,0
BRF:13
BRH:1
end_of_record
TN:
SF:src/utils/logger.js
FN:31,(anonymous_0)
FN:81,(anonymous_1)
FNF:2
FNH:1
FNDA:117,(anonymous_0)
FNDA:0,(anonymous_1)
DA:5,3
DA:6,3
DA:7,3
DA:12,3
DA:17,3
DA:18,3
DA:19,0
DA:22,0
DA:26,3
DA:32,117
DA:39,3
DA:42,3
DA:43,3
DA:45,3
DA:53,3
DA:60,0
DA:64,3
DA:72,3
DA:80,3
DA:82,0
DA:86,3
LF:21
LH:17
BRDA:12,0,0,0
BRDA:12,0,1,3
BRDA:18,1,0,0
BRDA:18,1,1,3
BRDA:32,2,0,0
BRDA:32,2,1,117
BRDA:43,3,0,3
BRDA:43,3,1,0
BRDA:43,4,0,3
BRDA:43,4,1,3
BRDA:73,5,0,3
BRDA:73,5,1,3
BRF:12
BRH:8
end_of_record
