{"total": {"lines":{"total":20914,"covered":909,"skipped":0,"pct":4.34},"statements":{"total":21572,"covered":934,"skipped":0,"pct":4.32},"functions":{"total":2112,"covered":120,"skipped":0,"pct":5.68},"branches":{"total":12299,"covered":494,"skipped":0,"pct":4.01},"branchesTrue":{"total":0,"covered":0,"skipped":0,"pct":100}}
,"/var/www/ai-platform/backend/src/controllers/AgentController.js": {"lines":{"total":270,"covered":0,"skipped":0,"pct":0},"functions":{"total":26,"covered":0,"skipped":0,"pct":0},"statements":{"total":312,"covered":0,"skipped":0,"pct":0},"branches":{"total":166,"covered":0,"skipped":0,"pct":0}}
,"/var/www/ai-platform/backend/src/controllers/AgentExternalController.js": {"lines":{"total":82,"covered":0,"skipped":0,"pct":0},"functions":{"total":5,"covered":0,"skipped":0,"pct":0},"statements":{"total":82,"covered":0,"skipped":0,"pct":0},"branches":{"total":30,"covered":0,"skipped":0,"pct":0}}
,"/var/www/ai-platform/backend/src/controllers/AuthControllerRefactored.js": {"lines":{"total":317,"covered":0,"skipped":0,"pct":0},"functions":{"total":16,"covered":0,"skipped":0,"pct":0},"statements":{"total":317,"covered":0,"skipped":0,"pct":0},"branches":{"total":206,"covered":0,"skipped":0,"pct":0}}
,"/var/www/ai-platform/backend/src/controllers/CalendarController.js": {"lines":{"total":232,"covered":0,"skipped":0,"pct":0},"functions":{"total":36,"covered":0,"skipped":0,"pct":0},"statements":{"total":236,"covered":0,"skipped":0,"pct":0},"branches":{"total":103,"covered":0,"skipped":0,"pct":0}}
,"/var/www/ai-platform/backend/src/controllers/ChatControllerRefactored.js": {"lines":{"total":274,"covered":0,"skipped":0,"pct":0},"functions":{"total":26,"covered":0,"skipped":0,"pct":0},"statements":{"total":302,"covered":0,"skipped":0,"pct":0},"branches":{"total":128,"covered":0,"skipped":0,"pct":0}}
,"/var/www/ai-platform/backend/src/controllers/ForumController.js": {"lines":{"total":362,"covered":0,"skipped":0,"pct":0},"functions":{"total":44,"covered":0,"skipped":0,"pct":0},"statements":{"total":397,"covered":0,"skipped":0,"pct":0},"branches":{"total":154,"covered":0,"skipped":0,"pct":0}}
,"/var/www/ai-platform/backend/src/controllers/HtmlEditorController.js": {"lines":{"total":242,"covered":0,"skipped":0,"pct":0},"functions":{"total":15,"covered":0,"skipped":0,"pct":0},"statements":{"total":244,"covered":0,"skipped":0,"pct":0},"branches":{"total":132,"covered":0,"skipped":0,"pct":0}}
,"/var/www/ai-platform/backend/src/controllers/KnowledgeModuleController.js": {"lines":{"total":96,"covered":0,"skipped":0,"pct":0},"functions":{"total":9,"covered":0,"skipped":0,"pct":0},"statements":{"total":96,"covered":0,"skipped":0,"pct":0},"branches":{"total":47,"covered":0,"skipped":0,"pct":0}}
,"/var/www/ai-platform/backend/src/controllers/ModuleCombinationController.js": {"lines":{"total":68,"covered":0,"skipped":0,"pct":0},"functions":{"total":8,"covered":0,"skipped":0,"pct":0},"statements":{"total":68,"covered":0,"skipped":0,"pct":0},"branches":{"total":24,"covered":0,"skipped":0,"pct":0}}
,"/var/www/ai-platform/backend/src/controllers/OcrController.js": {"lines":{"total":83,"covered":0,"skipped":0,"pct":0},"functions":{"total":7,"covered":0,"skipped":0,"pct":0},"statements":{"total":83,"covered":0,"skipped":0,"pct":0},"branches":{"total":34,"covered":0,"skipped":0,"pct":0}}
,"/var/www/ai-platform/backend/src/controllers/PublicUploadController.js": {"lines":{"total":25,"covered":0,"skipped":0,"pct":0},"functions":{"total":1,"covered":0,"skipped":0,"pct":0},"statements":{"total":25,"covered":0,"skipped":0,"pct":0},"branches":{"total":2,"covered":0,"skipped":0,"pct":0}}
,"/var/www/ai-platform/backend/src/controllers/SmartAppController.js": {"lines":{"total":247,"covered":0,"skipped":0,"pct":0},"functions":{"total":23,"covered":0,"skipped":0,"pct":0},"statements":{"total":250,"covered":0,"skipped":0,"pct":0},"branches":{"total":130,"covered":0,"skipped":0,"pct":0}}
,"/var/www/ai-platform/backend/src/controllers/StorageController.js": {"lines":{"total":395,"covered":0,"skipped":0,"pct":0},"functions":{"total":27,"covered":0,"skipped":0,"pct":0},"statements":{"total":401,"covered":0,"skipped":0,"pct":0},"branches":{"total":200,"covered":0,"skipped":0,"pct":0}}
,"/var/www/ai-platform/backend/src/controllers/TeachingController.js": {"lines":{"total":572,"covered":0,"skipped":0,"pct":0},"functions":{"total":53,"covered":0,"skipped":0,"pct":0},"statements":{"total":598,"covered":0,"skipped":0,"pct":0},"branches":{"total":351,"covered":0,"skipped":0,"pct":0}}
,"/var/www/ai-platform/backend/src/controllers/WikiController.js": {"lines":{"total":306,"covered":0,"skipped":0,"pct":0},"functions":{"total":31,"covered":0,"skipped":0,"pct":0},"statements":{"total":355,"covered":0,"skipped":0,"pct":0},"branches":{"total":184,"covered":0,"skipped":0,"pct":0}}
,"/var/www/ai-platform/backend/src/controllers/adminController.js": {"lines":{"total":30,"covered":0,"skipped":0,"pct":0},"functions":{"total":0,"covered":0,"skipped":0,"pct":100},"statements":{"total":30,"covered":0,"skipped":0,"pct":0},"branches":{"total":0,"covered":0,"skipped":0,"pct":100}}
,"/var/www/ai-platform/backend/src/controllers/fileController.js": {"lines":{"total":31,"covered":0,"skipped":0,"pct":0},"functions":{"total":4,"covered":0,"skipped":0,"pct":0},"statements":{"total":31,"covered":0,"skipped":0,"pct":0},"branches":{"total":2,"covered":0,"skipped":0,"pct":0}}
,"/var/www/ai-platform/backend/src/controllers/imageController.js": {"lines":{"total":254,"covered":0,"skipped":0,"pct":0},"functions":{"total":21,"covered":0,"skipped":0,"pct":0},"statements":{"total":254,"covered":0,"skipped":0,"pct":0},"branches":{"total":158,"covered":0,"skipped":0,"pct":0}}
,"/var/www/ai-platform/backend/src/controllers/statsController.js": {"lines":{"total":34,"covered":0,"skipped":0,"pct":0},"functions":{"total":4,"covered":0,"skipped":0,"pct":0},"statements":{"total":34,"covered":0,"skipped":0,"pct":0},"branches":{"total":8,"covered":0,"skipped":0,"pct":0}}
,"/var/www/ai-platform/backend/src/controllers/videoController.js": {"lines":{"total":219,"covered":0,"skipped":0,"pct":0},"functions":{"total":17,"covered":0,"skipped":0,"pct":0},"statements":{"total":219,"covered":0,"skipped":0,"pct":0},"branches":{"total":188,"covered":0,"skipped":0,"pct":0}}
,"/var/www/ai-platform/backend/src/controllers/admin/AIModelController.js": {"lines":{"total":129,"covered":0,"skipped":0,"pct":0},"functions":{"total":11,"covered":0,"skipped":0,"pct":0},"statements":{"total":130,"covered":0,"skipped":0,"pct":0},"branches":{"total":38,"covered":0,"skipped":0,"pct":0}}
,"/var/www/ai-platform/backend/src/controllers/admin/APIServiceController.js": {"lines":{"total":154,"covered":0,"skipped":0,"pct":0},"functions":{"total":12,"covered":0,"skipped":0,"pct":0},"statements":{"total":154,"covered":0,"skipped":0,"pct":0},"branches":{"total":78,"covered":0,"skipped":0,"pct":0}}
,"/var/www/ai-platform/backend/src/controllers/admin/AgentNodeTypeController.js": {"lines":{"total":53,"covered":0,"skipped":0,"pct":0},"functions":{"total":5,"covered":0,"skipped":0,"pct":0},"statements":{"total":53,"covered":0,"skipped":0,"pct":0},"branches":{"total":26,"covered":0,"skipped":0,"pct":0}}
,"/var/www/ai-platform/backend/src/controllers/admin/AnalyticsController.js": {"lines":{"total":63,"covered":0,"skipped":0,"pct":0},"functions":{"total":5,"covered":0,"skipped":0,"pct":0},"statements":{"total":63,"covered":0,"skipped":0,"pct":0},"branches":{"total":50,"covered":0,"skipped":0,"pct":0}}
,"/var/www/ai-platform/backend/src/controllers/admin/CalendarConfigController.js": {"lines":{"total":68,"covered":0,"skipped":0,"pct":0},"functions":{"total":9,"covered":0,"skipped":0,"pct":0},"statements":{"total":68,"covered":0,"skipped":0,"pct":0},"branches":{"total":16,"covered":0,"skipped":0,"pct":0}}
,"/var/www/ai-platform/backend/src/controllers/admin/MindmapCreditsController.js": {"lines":{"total":55,"covered":0,"skipped":0,"pct":0},"functions":{"total":3,"covered":0,"skipped":0,"pct":0},"statements":{"total":55,"covered":0,"skipped":0,"pct":0},"branches":{"total":44,"covered":0,"skipped":0,"pct":0}}
,"/var/www/ai-platform/backend/src/controllers/admin/ModuleController.js": {"lines":{"total":133,"covered":0,"skipped":0,"pct":0},"functions":{"total":12,"covered":0,"skipped":0,"pct":0},"statements":{"total":136,"covered":0,"skipped":0,"pct":0},"branches":{"total":84,"covered":0,"skipped":0,"pct":0}}
,"/var/www/ai-platform/backend/src/controllers/admin/OSSConfigController.js": {"lines":{"total":93,"covered":0,"skipped":0,"pct":0},"functions":{"total":6,"covered":0,"skipped":0,"pct":0},"statements":{"total":93,"covered":0,"skipped":0,"pct":0},"branches":{"total":34,"covered":0,"skipped":0,"pct":0}}
,"/var/www/ai-platform/backend/src/controllers/admin/OrgApplicationController.js": {"lines":{"total":293,"covered":0,"skipped":0,"pct":0},"functions":{"total":16,"covered":0,"skipped":0,"pct":0},"statements":{"total":293,"covered":0,"skipped":0,"pct":0},"branches":{"total":212,"covered":0,"skipped":0,"pct":0}}
,"/var/www/ai-platform/backend/src/controllers/admin/StorageCreditController.js": {"lines":{"total":27,"covered":0,"skipped":0,"pct":0},"functions":{"total":2,"covered":0,"skipped":0,"pct":0},"statements":{"total":27,"covered":0,"skipped":0,"pct":0},"branches":{"total":9,"covered":0,"skipped":0,"pct":0}}
,"/var/www/ai-platform/backend/src/controllers/admin/SystemPromptController.js": {"lines":{"total":58,"covered":0,"skipped":0,"pct":0},"functions":{"total":7,"covered":0,"skipped":0,"pct":0},"statements":{"total":58,"covered":0,"skipped":0,"pct":0},"branches":{"total":16,"covered":0,"skipped":0,"pct":0}}
,"/var/www/ai-platform/backend/src/controllers/admin/SystemStatsController.js": {"lines":{"total":384,"covered":0,"skipped":0,"pct":0},"functions":{"total":23,"covered":0,"skipped":0,"pct":0},"statements":{"total":384,"covered":0,"skipped":0,"pct":0},"branches":{"total":252,"covered":0,"skipped":0,"pct":0}}
,"/var/www/ai-platform/backend/src/controllers/admin/UsageLogController.js": {"lines":{"total":92,"covered":0,"skipped":0,"pct":0},"functions":{"total":7,"covered":0,"skipped":0,"pct":0},"statements":{"total":92,"covered":0,"skipped":0,"pct":0},"branches":{"total":61,"covered":0,"skipped":0,"pct":0}}
,"/var/www/ai-platform/backend/src/controllers/admin/UserCreditsController.js": {"lines":{"total":78,"covered":0,"skipped":0,"pct":0},"functions":{"total":7,"covered":0,"skipped":0,"pct":0},"statements":{"total":78,"covered":0,"skipped":0,"pct":0},"branches":{"total":42,"covered":0,"skipped":0,"pct":0}}
,"/var/www/ai-platform/backend/src/controllers/admin/UserGroupController.js": {"lines":{"total":231,"covered":0,"skipped":0,"pct":0},"functions":{"total":16,"covered":0,"skipped":0,"pct":0},"statements":{"total":231,"covered":0,"skipped":0,"pct":0},"branches":{"total":158,"covered":0,"skipped":0,"pct":0}}
,"/var/www/ai-platform/backend/src/controllers/admin/UserManagementController.js": {"lines":{"total":174,"covered":0,"skipped":0,"pct":0},"functions":{"total":13,"covered":0,"skipped":0,"pct":0},"statements":{"total":174,"covered":0,"skipped":0,"pct":0},"branches":{"total":127,"covered":0,"skipped":0,"pct":0}}
,"/var/www/ai-platform/backend/src/controllers/admin/UserTagController.js": {"lines":{"total":137,"covered":0,"skipped":0,"pct":0},"functions":{"total":11,"covered":0,"skipped":0,"pct":0},"statements":{"total":137,"covered":0,"skipped":0,"pct":0},"branches":{"total":97,"covered":0,"skipped":0,"pct":0}}
,"/var/www/ai-platform/backend/src/database/connection.js": {"lines":{"total":78,"covered":53,"skipped":0,"pct":67.94},"functions":{"total":13,"covered":7,"skipped":0,"pct":53.84},"statements":{"total":78,"covered":53,"skipped":0,"pct":67.94},"branches":{"total":32,"covered":14,"skipped":0,"pct":43.75}}
,"/var/www/ai-platform/backend/src/database/redis.js": {"lines":{"total":92,"covered":7,"skipped":0,"pct":7.6},"functions":{"total":18,"covered":1,"skipped":0,"pct":5.55},"statements":{"total":92,"covered":7,"skipped":0,"pct":7.6},"branches":{"total":21,"covered":0,"skipped":0,"pct":0}}
,"/var/www/ai-platform/backend/src/middleware/agentApiAuth.js": {"lines":{"total":52,"covered":0,"skipped":0,"pct":0},"functions":{"total":2,"covered":0,"skipped":0,"pct":0},"statements":{"total":52,"covered":0,"skipped":0,"pct":0},"branches":{"total":28,"covered":0,"skipped":0,"pct":0}}
,"/var/www/ai-platform/backend/src/middleware/authMiddleware.js": {"lines":{"total":110,"covered":12,"skipped":0,"pct":10.9},"functions":{"total":10,"covered":0,"skipped":0,"pct":0},"statements":{"total":111,"covered":12,"skipped":0,"pct":10.81},"branches":{"total":60,"covered":0,"skipped":0,"pct":0}}
,"/var/www/ai-platform/backend/src/middleware/cacheMiddleware.js": {"lines":{"total":25,"covered":0,"skipped":0,"pct":0},"functions":{"total":4,"covered":0,"skipped":0,"pct":0},"statements":{"total":25,"covered":0,"skipped":0,"pct":0},"branches":{"total":12,"covered":0,"skipped":0,"pct":0}}
,"/var/www/ai-platform/backend/src/middleware/documentUploadMiddleware.js": {"lines":{"total":76,"covered":0,"skipped":0,"pct":0},"functions":{"total":11,"covered":0,"skipped":0,"pct":0},"statements":{"total":77,"covered":0,"skipped":0,"pct":0},"branches":{"total":22,"covered":0,"skipped":0,"pct":0}}
,"/var/www/ai-platform/backend/src/middleware/errorHandler.js": {"lines":{"total":50,"covered":0,"skipped":0,"pct":0},"functions":{"total":9,"covered":0,"skipped":0,"pct":0},"statements":{"total":52,"covered":0,"skipped":0,"pct":0},"branches":{"total":41,"covered":0,"skipped":0,"pct":0}}
,"/var/www/ai-platform/backend/src/middleware/moduleProxy.js": {"lines":{"total":52,"covered":0,"skipped":0,"pct":0},"functions":{"total":12,"covered":0,"skipped":0,"pct":0},"statements":{"total":54,"covered":0,"skipped":0,"pct":0},"branches":{"total":10,"covered":0,"skipped":0,"pct":0}}
,"/var/www/ai-platform/backend/src/middleware/permissions.js": {"lines":{"total":191,"covered":0,"skipped":0,"pct":0},"functions":{"total":24,"covered":0,"skipped":0,"pct":0},"statements":{"total":191,"covered":0,"skipped":0,"pct":0},"branches":{"total":84,"covered":0,"skipped":0,"pct":0}}
,"/var/www/ai-platform/backend/src/middleware/publicUploadMiddleware.js": {"lines":{"total":21,"covered":0,"skipped":0,"pct":0},"functions":{"total":3,"covered":0,"skipped":0,"pct":0},"statements":{"total":21,"covered":0,"skipped":0,"pct":0},"branches":{"total":8,"covered":0,"skipped":0,"pct":0}}
,"/var/www/ai-platform/backend/src/middleware/systemUploadMiddleware.js": {"lines":{"total":44,"covered":0,"skipped":0,"pct":0},"functions":{"total":7,"covered":0,"skipped":0,"pct":0},"statements":{"total":44,"covered":0,"skipped":0,"pct":0},"branches":{"total":8,"covered":0,"skipped":0,"pct":0}}
,"/var/www/ai-platform/backend/src/middleware/teachingPermissions.js": {"lines":{"total":186,"covered":0,"skipped":0,"pct":0},"functions":{"total":18,"covered":0,"skipped":0,"pct":0},"statements":{"total":187,"covered":0,"skipped":0,"pct":0},"branches":{"total":92,"covered":0,"skipped":0,"pct":0}}
,"/var/www/ai-platform/backend/src/middleware/uploadMiddleware.js": {"lines":{"total":61,"covered":16,"skipped":0,"pct":26.22},"functions":{"total":9,"covered":0,"skipped":0,"pct":0},"statements":{"total":61,"covered":16,"skipped":0,"pct":26.22},"branches":{"total":12,"covered":0,"skipped":0,"pct":0}}
,"/var/www/ai-platform/backend/src/middleware/permissions/groupAdminMiddleware.js": {"lines":{"total":73,"covered":0,"skipped":0,"pct":0},"functions":{"total":9,"covered":0,"skipped":0,"pct":0},"statements":{"total":73,"covered":0,"skipped":0,"pct":0},"branches":{"total":38,"covered":0,"skipped":0,"pct":0}}
,"/var/www/ai-platform/backend/src/middleware/permissions/index.js": {"lines":{"total":3,"covered":0,"skipped":0,"pct":0},"functions":{"total":0,"covered":0,"skipped":0,"pct":100},"statements":{"total":3,"covered":0,"skipped":0,"pct":0},"branches":{"total":0,"covered":0,"skipped":0,"pct":100}}
,"/var/www/ai-platform/backend/src/middleware/permissions/superAdminMiddleware.js": {"lines":{"total":64,"covered":0,"skipped":0,"pct":0},"functions":{"total":10,"covered":0,"skipped":0,"pct":0},"statements":{"total":64,"covered":0,"skipped":0,"pct":0},"branches":{"total":22,"covered":0,"skipped":0,"pct":0}}
,"/var/www/ai-platform/backend/src/models/AIModel.js": {"lines":{"total":246,"covered":4,"skipped":0,"pct":1.62},"functions":{"total":41,"covered":0,"skipped":0,"pct":0},"statements":{"total":264,"covered":4,"skipped":0,"pct":1.51},"branches":{"total":197,"covered":0,"skipped":0,"pct":0}}
,"/var/www/ai-platform/backend/src/models/APIService.js": {"lines":{"total":121,"covered":0,"skipped":0,"pct":0},"functions":{"total":18,"covered":0,"skipped":0,"pct":0},"statements":{"total":124,"covered":0,"skipped":0,"pct":0},"branches":{"total":28,"covered":0,"skipped":0,"pct":0}}
,"/var/www/ai-platform/backend/src/models/AgentApiKey.js": {"lines":{"total":119,"covered":0,"skipped":0,"pct":0},"functions":{"total":14,"covered":0,"skipped":0,"pct":0},"statements":{"total":126,"covered":0,"skipped":0,"pct":0},"branches":{"total":67,"covered":0,"skipped":0,"pct":0}}
,"/var/www/ai-platform/backend/src/models/AgentExecution.js": {"lines":{"total":82,"covered":0,"skipped":0,"pct":0},"functions":{"total":8,"covered":0,"skipped":0,"pct":0},"statements":{"total":82,"covered":0,"skipped":0,"pct":0},"branches":{"total":29,"covered":0,"skipped":0,"pct":0}}
,"/var/www/ai-platform/backend/src/models/AgentNodeExecution.js": {"lines":{"total":67,"covered":0,"skipped":0,"pct":0},"functions":{"total":9,"covered":0,"skipped":0,"pct":0},"statements":{"total":67,"covered":0,"skipped":0,"pct":0},"branches":{"total":29,"covered":0,"skipped":0,"pct":0}}
,"/var/www/ai-platform/backend/src/models/AgentNodeType.js": {"lines":{"total":63,"covered":0,"skipped":0,"pct":0},"functions":{"total":9,"covered":0,"skipped":0,"pct":0},"statements":{"total":65,"covered":0,"skipped":0,"pct":0},"branches":{"total":26,"covered":0,"skipped":0,"pct":0}}
,"/var/www/ai-platform/backend/src/models/AgentWorkflow.js": {"lines":{"total":78,"covered":0,"skipped":0,"pct":0},"functions":{"total":7,"covered":0,"skipped":0,"pct":0},"statements":{"total":78,"covered":0,"skipped":0,"pct":0},"branches":{"total":27,"covered":0,"skipped":0,"pct":0}}
,"/var/www/ai-platform/backend/src/models/CalendarAIAnalysis.js": {"lines":{"total":68,"covered":0,"skipped":0,"pct":0},"functions":{"total":8,"covered":0,"skipped":0,"pct":0},"statements":{"total":68,"covered":0,"skipped":0,"pct":0},"branches":{"total":32,"covered":0,"skipped":0,"pct":0}}
,"/var/www/ai-platform/backend/src/models/CalendarBackgroundKnowledge.js": {"lines":{"total":129,"covered":0,"skipped":0,"pct":0},"functions":{"total":17,"covered":0,"skipped":0,"pct":0},"statements":{"total":134,"covered":0,"skipped":0,"pct":0},"branches":{"total":81,"covered":0,"skipped":0,"pct":0}}
,"/var/www/ai-platform/backend/src/models/CalendarCategory.js": {"lines":{"total":82,"covered":0,"skipped":0,"pct":0},"functions":{"total":11,"covered":0,"skipped":0,"pct":0},"statements":{"total":84,"covered":0,"skipped":0,"pct":0},"branches":{"total":28,"covered":0,"skipped":0,"pct":0}}
,"/var/www/ai-platform/backend/src/models/CalendarConfig.js": {"lines":{"total":28,"covered":0,"skipped":0,"pct":0},"functions":{"total":4,"covered":0,"skipped":0,"pct":0},"statements":{"total":28,"covered":0,"skipped":0,"pct":0},"branches":{"total":15,"covered":0,"skipped":0,"pct":0}}
,"/var/www/ai-platform/backend/src/models/CalendarEvent.js": {"lines":{"total":130,"covered":0,"skipped":0,"pct":0},"functions":{"total":14,"covered":0,"skipped":0,"pct":0},"statements":{"total":132,"covered":0,"skipped":0,"pct":0},"branches":{"total":69,"covered":0,"skipped":0,"pct":0}}
,"/var/www/ai-platform/backend/src/models/CalendarPromptTemplate.js": {"lines":{"total":78,"covered":0,"skipped":0,"pct":0},"functions":{"total":12,"covered":0,"skipped":0,"pct":0},"statements":{"total":79,"covered":0,"skipped":0,"pct":0},"branches":{"total":57,"covered":0,"skipped":0,"pct":0}}
,"/var/www/ai-platform/backend/src/models/CalendarUserSettings.js": {"lines":{"total":55,"covered":0,"skipped":0,"pct":0},"functions":{"total":6,"covered":0,"skipped":0,"pct":0},"statements":{"total":55,"covered":0,"skipped":0,"pct":0},"branches":{"total":29,"covered":0,"skipped":0,"pct":0}}
,"/var/www/ai-platform/backend/src/models/Conversation.js": {"lines":{"total":141,"covered":115,"skipped":0,"pct":81.56},"functions":{"total":17,"covered":15,"skipped":0,"pct":88.23},"statements":{"total":141,"covered":115,"skipped":0,"pct":81.56},"branches":{"total":127,"covered":96,"skipped":0,"pct":75.59}}
,"/var/www/ai-platform/backend/src/models/File.js": {"lines":{"total":99,"covered":7,"skipped":0,"pct":7.07},"functions":{"total":13,"covered":0,"skipped":0,"pct":0},"statements":{"total":104,"covered":7,"skipped":0,"pct":6.73},"branches":{"total":55,"covered":0,"skipped":0,"pct":0}}
,"/var/www/ai-platform/backend/src/models/HtmlPage.js": {"lines":{"total":95,"covered":0,"skipped":0,"pct":0},"functions":{"total":9,"covered":0,"skipped":0,"pct":0},"statements":{"total":95,"covered":0,"skipped":0,"pct":0},"branches":{"total":51,"covered":0,"skipped":0,"pct":0}}
,"/var/www/ai-platform/backend/src/models/HtmlProject.js": {"lines":{"total":73,"covered":0,"skipped":0,"pct":0},"functions":{"total":7,"covered":0,"skipped":0,"pct":0},"statements":{"total":74,"covered":0,"skipped":0,"pct":0},"branches":{"total":35,"covered":0,"skipped":0,"pct":0}}
,"/var/www/ai-platform/backend/src/models/ImageGeneration.js": {"lines":{"total":124,"covered":0,"skipped":0,"pct":0},"functions":{"total":12,"covered":0,"skipped":0,"pct":0},"statements":{"total":125,"covered":0,"skipped":0,"pct":0},"branches":{"total":57,"covered":0,"skipped":0,"pct":0}}
,"/var/www/ai-platform/backend/src/models/ImageModel.js": {"lines":{"total":128,"covered":0,"skipped":0,"pct":0},"functions":{"total":10,"covered":0,"skipped":0,"pct":0},"statements":{"total":130,"covered":0,"skipped":0,"pct":0},"branches":{"total":106,"covered":0,"skipped":0,"pct":0}}
,"/var/www/ai-platform/backend/src/models/KnowledgeModule.js": {"lines":{"total":304,"covered":5,"skipped":0,"pct":1.64},"functions":{"total":28,"covered":0,"skipped":0,"pct":0},"statements":{"total":311,"covered":5,"skipped":0,"pct":1.6},"branches":{"total":215,"covered":0,"skipped":0,"pct":0}}
,"/var/www/ai-platform/backend/src/models/Message.js": {"lines":{"total":204,"covered":103,"skipped":0,"pct":50.49},"functions":{"total":19,"covered":10,"skipped":0,"pct":52.63},"statements":{"total":205,"covered":104,"skipped":0,"pct":50.73},"branches":{"total":149,"covered":81,"skipped":0,"pct":54.36}}
,"/var/www/ai-platform/backend/src/models/Module.js": {"lines":{"total":149,"covered":0,"skipped":0,"pct":0},"functions":{"total":13,"covered":0,"skipped":0,"pct":0},"statements":{"total":154,"covered":0,"skipped":0,"pct":0},"branches":{"total":114,"covered":0,"skipped":0,"pct":0}}
,"/var/www/ai-platform/backend/src/models/ModuleCombination.js": {"lines":{"total":226,"covered":0,"skipped":0,"pct":0},"functions":{"total":16,"covered":0,"skipped":0,"pct":0},"statements":{"total":232,"covered":0,"skipped":0,"pct":0},"branches":{"total":124,"covered":0,"skipped":0,"pct":0}}
,"/var/www/ai-platform/backend/src/models/SmartApp.js": {"lines":{"total":290,"covered":4,"skipped":0,"pct":1.37},"functions":{"total":36,"covered":0,"skipped":0,"pct":0},"statements":{"total":302,"covered":4,"skipped":0,"pct":1.32},"branches":{"total":182,"covered":0,"skipped":0,"pct":0}}
,"/var/www/ai-platform/backend/src/models/SystemConfig.js": {"lines":{"total":169,"covered":36,"skipped":0,"pct":21.3},"functions":{"total":15,"covered":4,"skipped":0,"pct":26.66},"statements":{"total":170,"covered":36,"skipped":0,"pct":21.17},"branches":{"total":130,"covered":30,"skipped":0,"pct":23.07}}
,"/var/www/ai-platform/backend/src/models/SystemPrompt.js": {"lines":{"total":156,"covered":0,"skipped":0,"pct":0},"functions":{"total":15,"covered":0,"skipped":0,"pct":0},"statements":{"total":159,"covered":0,"skipped":0,"pct":0},"branches":{"total":98,"covered":0,"skipped":0,"pct":0}}
,"/var/www/ai-platform/backend/src/models/TeachingLesson.js": {"lines":{"total":163,"covered":0,"skipped":0,"pct":0},"functions":{"total":18,"covered":0,"skipped":0,"pct":0},"statements":{"total":167,"covered":0,"skipped":0,"pct":0},"branches":{"total":127,"covered":0,"skipped":0,"pct":0}}
,"/var/www/ai-platform/backend/src/models/TeachingModule.js": {"lines":{"total":164,"covered":0,"skipped":0,"pct":0},"functions":{"total":20,"covered":0,"skipped":0,"pct":0},"statements":{"total":170,"covered":0,"skipped":0,"pct":0},"branches":{"total":95,"covered":0,"skipped":0,"pct":0}}
,"/var/www/ai-platform/backend/src/models/TeachingModuleGroup.js": {"lines":{"total":113,"covered":0,"skipped":0,"pct":0},"functions":{"total":18,"covered":0,"skipped":0,"pct":0},"statements":{"total":118,"covered":0,"skipped":0,"pct":0},"branches":{"total":53,"covered":0,"skipped":0,"pct":0}}
,"/var/www/ai-platform/backend/src/models/TeachingPermission.js": {"lines":{"total":74,"covered":0,"skipped":0,"pct":0},"functions":{"total":11,"covered":0,"skipped":0,"pct":0},"statements":{"total":77,"covered":0,"skipped":0,"pct":0},"branches":{"total":45,"covered":0,"skipped":0,"pct":0}}
,"/var/www/ai-platform/backend/src/models/User.js": {"lines":{"total":518,"covered":154,"skipped":0,"pct":29.72},"functions":{"total":67,"covered":24,"skipped":0,"pct":35.82},"statements":{"total":532,"covered":157,"skipped":0,"pct":29.51},"branches":{"total":284,"covered":43,"skipped":0,"pct":15.14}}
,"/var/www/ai-platform/backend/src/models/UserFile.js": {"lines":{"total":139,"covered":0,"skipped":0,"pct":0},"functions":{"total":11,"covered":0,"skipped":0,"pct":0},"statements":{"total":139,"covered":0,"skipped":0,"pct":0},"branches":{"total":97,"covered":0,"skipped":0,"pct":0}}
,"/var/www/ai-platform/backend/src/models/UserFolder.js": {"lines":{"total":176,"covered":0,"skipped":0,"pct":0},"functions":{"total":23,"covered":0,"skipped":0,"pct":0},"statements":{"total":178,"covered":0,"skipped":0,"pct":0},"branches":{"total":65,"covered":0,"skipped":0,"pct":0}}
,"/var/www/ai-platform/backend/src/models/VideoGeneration.js": {"lines":{"total":121,"covered":0,"skipped":0,"pct":0},"functions":{"total":13,"covered":0,"skipped":0,"pct":0},"statements":{"total":122,"covered":0,"skipped":0,"pct":0},"branches":{"total":53,"covered":0,"skipped":0,"pct":0}}
,"/var/www/ai-platform/backend/src/models/VideoModel.js": {"lines":{"total":109,"covered":0,"skipped":0,"pct":0},"functions":{"total":9,"covered":0,"skipped":0,"pct":0},"statements":{"total":111,"covered":0,"skipped":0,"pct":0},"branches":{"total":107,"covered":0,"skipped":0,"pct":0}}
,"/var/www/ai-platform/backend/src/models/WikiChunk.js": {"lines":{"total":66,"covered":0,"skipped":0,"pct":0},"functions":{"total":11,"covered":0,"skipped":0,"pct":0},"statements":{"total":79,"covered":0,"skipped":0,"pct":0},"branches":{"total":34,"covered":0,"skipped":0,"pct":0}}
,"/var/www/ai-platform/backend/src/models/WikiItem.js": {"lines":{"total":312,"covered":0,"skipped":0,"pct":0},"functions":{"total":28,"covered":0,"skipped":0,"pct":0},"statements":{"total":327,"covered":0,"skipped":0,"pct":0},"branches":{"total":236,"covered":0,"skipped":0,"pct":0}}
,"/var/www/ai-platform/backend/src/models/forum/BaseModel.js": {"lines":{"total":149,"covered":0,"skipped":0,"pct":0},"functions":{"total":23,"covered":0,"skipped":0,"pct":0},"statements":{"total":159,"covered":0,"skipped":0,"pct":0},"branches":{"total":84,"covered":0,"skipped":0,"pct":0}}
,"/var/www/ai-platform/backend/src/models/forum/ForumAttachment.js": {"lines":{"total":46,"covered":0,"skipped":0,"pct":0},"functions":{"total":8,"covered":0,"skipped":0,"pct":0},"statements":{"total":49,"covered":0,"skipped":0,"pct":0},"branches":{"total":18,"covered":0,"skipped":0,"pct":0}}
,"/var/www/ai-platform/backend/src/models/forum/ForumBoard.js": {"lines":{"total":49,"covered":0,"skipped":0,"pct":0},"functions":{"total":9,"covered":0,"skipped":0,"pct":0},"statements":{"total":53,"covered":0,"skipped":0,"pct":0},"branches":{"total":16,"covered":0,"skipped":0,"pct":0}}
,"/var/www/ai-platform/backend/src/models/forum/ForumPost.js": {"lines":{"total":114,"covered":0,"skipped":0,"pct":0},"functions":{"total":12,"covered":0,"skipped":0,"pct":0},"statements":{"total":121,"covered":0,"skipped":0,"pct":0},"branches":{"total":62,"covered":0,"skipped":0,"pct":0}}
,"/var/www/ai-platform/backend/src/models/forum/ForumReply.js": {"lines":{"total":77,"covered":0,"skipped":0,"pct":0},"functions":{"total":8,"covered":0,"skipped":0,"pct":0},"statements":{"total":83,"covered":0,"skipped":0,"pct":0},"branches":{"total":41,"covered":0,"skipped":0,"pct":0}}
,"/var/www/ai-platform/backend/src/models/forum/index.js": {"lines":{"total":6,"covered":0,"skipped":0,"pct":0},"functions":{"total":0,"covered":0,"skipped":0,"pct":100},"statements":{"total":6,"covered":0,"skipped":0,"pct":0},"branches":{"total":0,"covered":0,"skipped":0,"pct":100}}
,"/var/www/ai-platform/backend/src/routes/admin.js": {"lines":{"total":88,"covered":0,"skipped":0,"pct":0},"functions":{"total":2,"covered":0,"skipped":0,"pct":0},"statements":{"total":88,"covered":0,"skipped":0,"pct":0},"branches":{"total":4,"covered":0,"skipped":0,"pct":0}}
,"/var/www/ai-platform/backend/src/routes/admin_mindmap_credits.js": {"lines":{"total":6,"covered":0,"skipped":0,"pct":0},"functions":{"total":0,"covered":0,"skipped":0,"pct":100},"statements":{"total":6,"covered":0,"skipped":0,"pct":0},"branches":{"total":0,"covered":0,"skipped":0,"pct":100}}
,"/var/www/ai-platform/backend/src/routes/admin_storage_route_addition.js": {"lines":{"total":1,"covered":0,"skipped":0,"pct":0},"functions":{"total":0,"covered":0,"skipped":0,"pct":100},"statements":{"total":1,"covered":0,"skipped":0,"pct":0},"branches":{"total":0,"covered":0,"skipped":0,"pct":100}}
,"/var/www/ai-platform/backend/src/routes/agent.js": {"lines":{"total":28,"covered":0,"skipped":0,"pct":0},"functions":{"total":0,"covered":0,"skipped":0,"pct":100},"statements":{"total":28,"covered":0,"skipped":0,"pct":0},"branches":{"total":0,"covered":0,"skipped":0,"pct":100}}
,"/var/www/ai-platform/backend/src/routes/agentExternal.js": {"lines":{"total":10,"covered":0,"skipped":0,"pct":0},"functions":{"total":0,"covered":0,"skipped":0,"pct":100},"statements":{"total":10,"covered":0,"skipped":0,"pct":0},"branches":{"total":0,"covered":0,"skipped":0,"pct":100}}
,"/var/www/ai-platform/backend/src/routes/auth.js": {"lines":{"total":21,"covered":0,"skipped":0,"pct":0},"functions":{"total":0,"covered":0,"skipped":0,"pct":100},"statements":{"total":21,"covered":0,"skipped":0,"pct":0},"branches":{"total":0,"covered":0,"skipped":0,"pct":100}}
,"/var/www/ai-platform/backend/src/routes/calendar.js": {"lines":{"total":32,"covered":0,"skipped":0,"pct":0},"functions":{"total":0,"covered":0,"skipped":0,"pct":100},"statements":{"total":32,"covered":0,"skipped":0,"pct":0},"branches":{"total":0,"covered":0,"skipped":0,"pct":100}}
,"/var/www/ai-platform/backend/src/routes/chat.js": {"lines":{"total":32,"covered":0,"skipped":0,"pct":0},"functions":{"total":1,"covered":0,"skipped":0,"pct":0},"statements":{"total":32,"covered":0,"skipped":0,"pct":0},"branches":{"total":0,"covered":0,"skipped":0,"pct":100}}
,"/var/www/ai-platform/backend/src/routes/forum.js": {"lines":{"total":80,"covered":0,"skipped":0,"pct":0},"functions":{"total":10,"covered":0,"skipped":0,"pct":0},"statements":{"total":90,"covered":0,"skipped":0,"pct":0},"branches":{"total":6,"covered":0,"skipped":0,"pct":0}}
,"/var/www/ai-platform/backend/src/routes/htmlEditor.js": {"lines":{"total":18,"covered":0,"skipped":0,"pct":0},"functions":{"total":0,"covered":0,"skipped":0,"pct":100},"statements":{"total":18,"covered":0,"skipped":0,"pct":0},"branches":{"total":0,"covered":0,"skipped":0,"pct":100}}
,"/var/www/ai-platform/backend/src/routes/image.js": {"lines":{"total":34,"covered":0,"skipped":0,"pct":0},"functions":{"total":1,"covered":0,"skipped":0,"pct":0},"statements":{"total":34,"covered":0,"skipped":0,"pct":0},"branches":{"total":2,"covered":0,"skipped":0,"pct":0}}
,"/var/www/ai-platform/backend/src/routes/knowledgeRoutes.js": {"lines":{"total":19,"covered":0,"skipped":0,"pct":0},"functions":{"total":0,"covered":0,"skipped":0,"pct":100},"statements":{"total":19,"covered":0,"skipped":0,"pct":0},"branches":{"total":0,"covered":0,"skipped":0,"pct":100}}
,"/var/www/ai-platform/backend/src/routes/mindmapRoutes.js": {"lines":{"total":142,"covered":0,"skipped":0,"pct":0},"functions":{"total":7,"covered":0,"skipped":0,"pct":0},"statements":{"total":142,"covered":0,"skipped":0,"pct":0},"branches":{"total":96,"covered":0,"skipped":0,"pct":0}}
,"/var/www/ai-platform/backend/src/routes/ocrRoutes.js": {"lines":{"total":20,"covered":0,"skipped":0,"pct":0},"functions":{"total":1,"covered":0,"skipped":0,"pct":0},"statements":{"total":20,"covered":0,"skipped":0,"pct":0},"branches":{"total":2,"covered":0,"skipped":0,"pct":0}}
,"/var/www/ai-platform/backend/src/routes/public.js": {"lines":{"total":40,"covered":0,"skipped":0,"pct":0},"functions":{"total":2,"covered":0,"skipped":0,"pct":0},"statements":{"total":40,"covered":0,"skipped":0,"pct":0},"branches":{"total":13,"covered":0,"skipped":0,"pct":0}}
,"/var/www/ai-platform/backend/src/routes/smartAppRoutes.js": {"lines":{"total":28,"covered":0,"skipped":0,"pct":0},"functions":{"total":0,"covered":0,"skipped":0,"pct":100},"statements":{"total":28,"covered":0,"skipped":0,"pct":0},"branches":{"total":0,"covered":0,"skipped":0,"pct":100}}
,"/var/www/ai-platform/backend/src/routes/stats.js": {"lines":{"total":10,"covered":0,"skipped":0,"pct":0},"functions":{"total":0,"covered":0,"skipped":0,"pct":100},"statements":{"total":10,"covered":0,"skipped":0,"pct":0},"branches":{"total":0,"covered":0,"skipped":0,"pct":100}}
,"/var/www/ai-platform/backend/src/routes/storageRoutes.js": {"lines":{"total":16,"covered":0,"skipped":0,"pct":0},"functions":{"total":0,"covered":0,"skipped":0,"pct":100},"statements":{"total":16,"covered":0,"skipped":0,"pct":0},"branches":{"total":0,"covered":0,"skipped":0,"pct":100}}
,"/var/www/ai-platform/backend/src/routes/teachingRoutes.js": {"lines":{"total":55,"covered":0,"skipped":0,"pct":0},"functions":{"total":4,"covered":0,"skipped":0,"pct":0},"statements":{"total":55,"covered":0,"skipped":0,"pct":0},"branches":{"total":10,"covered":0,"skipped":0,"pct":0}}
,"/var/www/ai-platform/backend/src/routes/video.js": {"lines":{"total":55,"covered":0,"skipped":0,"pct":0},"functions":{"total":1,"covered":0,"skipped":0,"pct":0},"statements":{"total":55,"covered":0,"skipped":0,"pct":0},"branches":{"total":14,"covered":0,"skipped":0,"pct":0}}
,"/var/www/ai-platform/backend/src/routes/wikiRoutes.js": {"lines":{"total":45,"covered":0,"skipped":0,"pct":0},"functions":{"total":3,"covered":0,"skipped":0,"pct":0},"statements":{"total":45,"covered":0,"skipped":0,"pct":0},"branches":{"total":6,"covered":0,"skipped":0,"pct":0}}
,"/var/www/ai-platform/backend/src/routes/admin/agentNodeTypes.js": {"lines":{"total":13,"covered":0,"skipped":0,"pct":0},"functions":{"total":0,"covered":0,"skipped":0,"pct":100},"statements":{"total":13,"covered":0,"skipped":0,"pct":0},"branches":{"total":0,"covered":0,"skipped":0,"pct":100}}
,"/var/www/ai-platform/backend/src/routes/admin/analyticsRoutes.js": {"lines":{"total":8,"covered":0,"skipped":0,"pct":0},"functions":{"total":0,"covered":0,"skipped":0,"pct":100},"statements":{"total":8,"covered":0,"skipped":0,"pct":0},"branches":{"total":0,"covered":0,"skipped":0,"pct":100}}
,"/var/www/ai-platform/backend/src/routes/admin/apiServiceRoutes.js": {"lines":{"total":15,"covered":0,"skipped":0,"pct":0},"functions":{"total":0,"covered":0,"skipped":0,"pct":100},"statements":{"total":15,"covered":0,"skipped":0,"pct":0},"branches":{"total":0,"covered":0,"skipped":0,"pct":100}}
,"/var/www/ai-platform/backend/src/routes/admin/calendarConfigRoutes.js": {"lines":{"total":13,"covered":0,"skipped":0,"pct":0},"functions":{"total":0,"covered":0,"skipped":0,"pct":100},"statements":{"total":13,"covered":0,"skipped":0,"pct":0},"branches":{"total":0,"covered":0,"skipped":0,"pct":100}}
,"/var/www/ai-platform/backend/src/routes/admin/creditsRoutes.js": {"lines":{"total":12,"covered":0,"skipped":0,"pct":0},"functions":{"total":0,"covered":0,"skipped":0,"pct":100},"statements":{"total":12,"covered":0,"skipped":0,"pct":0},"branches":{"total":0,"covered":0,"skipped":0,"pct":100}}
,"/var/www/ai-platform/backend/src/routes/admin/groupRoutes.js": {"lines":{"total":23,"covered":0,"skipped":0,"pct":0},"functions":{"total":0,"covered":0,"skipped":0,"pct":100},"statements":{"total":23,"covered":0,"skipped":0,"pct":0},"branches":{"total":0,"covered":0,"skipped":0,"pct":100}}
,"/var/www/ai-platform/backend/src/routes/admin/modelRoutes.js": {"lines":{"total":13,"covered":0,"skipped":0,"pct":0},"functions":{"total":0,"covered":0,"skipped":0,"pct":100},"statements":{"total":13,"covered":0,"skipped":0,"pct":0},"branches":{"total":0,"covered":0,"skipped":0,"pct":100}}
,"/var/www/ai-platform/backend/src/routes/admin/moduleRoutes.js": {"lines":{"total":15,"covered":0,"skipped":0,"pct":0},"functions":{"total":0,"covered":0,"skipped":0,"pct":100},"statements":{"total":15,"covered":0,"skipped":0,"pct":0},"branches":{"total":0,"covered":0,"skipped":0,"pct":100}}
,"/var/www/ai-platform/backend/src/routes/admin/orgApplicationRoutes.js": {"lines":{"total":18,"covered":0,"skipped":0,"pct":0},"functions":{"total":0,"covered":0,"skipped":0,"pct":100},"statements":{"total":18,"covered":0,"skipped":0,"pct":0},"branches":{"total":0,"covered":0,"skipped":0,"pct":100}}
,"/var/www/ai-platform/backend/src/routes/admin/ossRoutes.js": {"lines":{"total":12,"covered":0,"skipped":0,"pct":0},"functions":{"total":0,"covered":0,"skipped":0,"pct":100},"statements":{"total":12,"covered":0,"skipped":0,"pct":0},"branches":{"total":0,"covered":0,"skipped":0,"pct":100}}
,"/var/www/ai-platform/backend/src/routes/admin/statsRoutes.js": {"lines":{"total":11,"covered":0,"skipped":0,"pct":0},"functions":{"total":0,"covered":0,"skipped":0,"pct":100},"statements":{"total":11,"covered":0,"skipped":0,"pct":0},"branches":{"total":0,"covered":0,"skipped":0,"pct":100}}
,"/var/www/ai-platform/backend/src/routes/admin/storageCreditRoutes.js": {"lines":{"total":9,"covered":0,"skipped":0,"pct":0},"functions":{"total":0,"covered":0,"skipped":0,"pct":100},"statements":{"total":9,"covered":0,"skipped":0,"pct":0},"branches":{"total":0,"covered":0,"skipped":0,"pct":100}}
,"/var/www/ai-platform/backend/src/routes/admin/systemPromptRoutes.js": {"lines":{"total":13,"covered":0,"skipped":0,"pct":0},"functions":{"total":0,"covered":0,"skipped":0,"pct":100},"statements":{"total":13,"covered":0,"skipped":0,"pct":0},"branches":{"total":0,"covered":0,"skipped":0,"pct":100}}
,"/var/www/ai-platform/backend/src/routes/admin/usageLogRoutes.js": {"lines":{"total":11,"covered":0,"skipped":0,"pct":0},"functions":{"total":0,"covered":0,"skipped":0,"pct":100},"statements":{"total":11,"covered":0,"skipped":0,"pct":0},"branches":{"total":0,"covered":0,"skipped":0,"pct":100}}
,"/var/www/ai-platform/backend/src/routes/admin/userRoutes.js": {"lines":{"total":19,"covered":0,"skipped":0,"pct":0},"functions":{"total":0,"covered":0,"skipped":0,"pct":100},"statements":{"total":19,"covered":0,"skipped":0,"pct":0},"branches":{"total":0,"covered":0,"skipped":0,"pct":100}}
,"/var/www/ai-platform/backend/src/routes/admin/userTagRoutes.js": {"lines":{"total":17,"covered":0,"skipped":0,"pct":0},"functions":{"total":0,"covered":0,"skipped":0,"pct":100},"statements":{"total":17,"covered":0,"skipped":0,"pct":0},"branches":{"total":0,"covered":0,"skipped":0,"pct":100}}
,"/var/www/ai-platform/backend/src/routes/services/index.js": {"lines":{"total":5,"covered":0,"skipped":0,"pct":0},"functions":{"total":0,"covered":0,"skipped":0,"pct":100},"statements":{"total":5,"covered":0,"skipped":0,"pct":0},"branches":{"total":0,"covered":0,"skipped":0,"pct":100}}
,"/var/www/ai-platform/backend/src/services/CalendarService.js": {"lines":{"total":111,"covered":0,"skipped":0,"pct":0},"functions":{"total":11,"covered":0,"skipped":0,"pct":0},"statements":{"total":115,"covered":0,"skipped":0,"pct":0},"branches":{"total":64,"covered":0,"skipped":0,"pct":0}}
,"/var/www/ai-platform/backend/src/services/GlobalAuthorizationService.js": {"lines":{"total":345,"covered":0,"skipped":0,"pct":0},"functions":{"total":36,"covered":0,"skipped":0,"pct":0},"statements":{"total":360,"covered":0,"skipped":0,"pct":0},"branches":{"total":441,"covered":0,"skipped":0,"pct":0}}
,"/var/www/ai-platform/backend/src/services/aiService.js": {"lines":{"total":194,"covered":10,"skipped":0,"pct":5.15},"functions":{"total":28,"covered":0,"skipped":0,"pct":0},"statements":{"total":207,"covered":10,"skipped":0,"pct":4.83},"branches":{"total":170,"covered":0,"skipped":0,"pct":0}}
,"/var/www/ai-platform/backend/src/services/aiStreamService.js": {"lines":{"total":242,"covered":5,"skipped":0,"pct":2.06},"functions":{"total":28,"covered":0,"skipped":0,"pct":0},"statements":{"total":274,"covered":5,"skipped":0,"pct":1.82},"branches":{"total":212,"covered":0,"skipped":0,"pct":0}}
,"/var/www/ai-platform/backend/src/services/authService.js": {"lines":{"total":99,"covered":0,"skipped":0,"pct":0},"functions":{"total":9,"covered":0,"skipped":0,"pct":0},"statements":{"total":99,"covered":0,"skipped":0,"pct":0},"branches":{"total":47,"covered":0,"skipped":0,"pct":0}}
,"/var/www/ai-platform/backend/src/services/cacheService.js": {"lines":{"total":105,"covered":0,"skipped":0,"pct":0},"functions":{"total":22,"covered":0,"skipped":0,"pct":0},"statements":{"total":105,"covered":0,"skipped":0,"pct":0},"branches":{"total":34,"covered":0,"skipped":0,"pct":0}}
,"/var/www/ai-platform/backend/src/services/documentParserService.js": {"lines":{"total":56,"covered":0,"skipped":0,"pct":0},"functions":{"total":5,"covered":0,"skipped":0,"pct":0},"statements":{"total":56,"covered":0,"skipped":0,"pct":0},"branches":{"total":26,"covered":0,"skipped":0,"pct":0}}
,"/var/www/ai-platform/backend/src/services/emailService.js": {"lines":{"total":39,"covered":0,"skipped":0,"pct":0},"functions":{"total":4,"covered":0,"skipped":0,"pct":0},"statements":{"total":39,"covered":0,"skipped":0,"pct":0},"branches":{"total":23,"covered":0,"skipped":0,"pct":0}}
,"/var/www/ai-platform/backend/src/services/embeddingService.js": {"lines":{"total":62,"covered":0,"skipped":0,"pct":0},"functions":{"total":11,"covered":0,"skipped":0,"pct":0},"statements":{"total":69,"covered":0,"skipped":0,"pct":0},"branches":{"total":38,"covered":0,"skipped":0,"pct":0}}
,"/var/www/ai-platform/backend/src/services/healthCheckService.js": {"lines":{"total":46,"covered":0,"skipped":0,"pct":0},"functions":{"total":8,"covered":0,"skipped":0,"pct":0},"statements":{"total":46,"covered":0,"skipped":0,"pct":0},"branches":{"total":16,"covered":0,"skipped":0,"pct":0}}
,"/var/www/ai-platform/backend/src/services/imageGenerationService.js": {"lines":{"total":112,"covered":5,"skipped":0,"pct":4.46},"functions":{"total":5,"covered":0,"skipped":0,"pct":0},"statements":{"total":113,"covered":5,"skipped":0,"pct":4.42},"branches":{"total":74,"covered":0,"skipped":0,"pct":0}}
,"/var/www/ai-platform/backend/src/services/imageService.js": {"lines":{"total":259,"covered":55,"skipped":0,"pct":21.23},"functions":{"total":24,"covered":8,"skipped":0,"pct":33.33},"statements":{"total":300,"covered":70,"skipped":0,"pct":23.33},"branches":{"total":244,"covered":68,"skipped":0,"pct":27.86}}
,"/var/www/ai-platform/backend/src/services/jwtService.js": {"lines":{"total":77,"covered":0,"skipped":0,"pct":0},"functions":{"total":5,"covered":0,"skipped":0,"pct":0},"statements":{"total":77,"covered":0,"skipped":0,"pct":0},"branches":{"total":72,"covered":0,"skipped":0,"pct":0}}
,"/var/www/ai-platform/backend/src/services/klingVideoService.js": {"lines":{"total":113,"covered":0,"skipped":0,"pct":0},"functions":{"total":14,"covered":0,"skipped":0,"pct":0},"statements":{"total":114,"covered":0,"skipped":0,"pct":0},"branches":{"total":78,"covered":0,"skipped":0,"pct":0}}
,"/var/www/ai-platform/backend/src/services/midjourneyProxyService.js": {"lines":{"total":87,"covered":0,"skipped":0,"pct":0},"functions":{"total":3,"covered":0,"skipped":0,"pct":0},"statements":{"total":89,"covered":0,"skipped":0,"pct":0},"branches":{"total":81,"covered":0,"skipped":0,"pct":0}}
,"/var/www/ai-platform/backend/src/services/midjourneyService.js": {"lines":{"total":211,"covered":0,"skipped":0,"pct":0},"functions":{"total":17,"covered":0,"skipped":0,"pct":0},"statements":{"total":221,"covered":0,"skipped":0,"pct":0},"branches":{"total":149,"covered":0,"skipped":0,"pct":0}}
,"/var/www/ai-platform/backend/src/services/ocrService.js": {"lines":{"total":233,"covered":0,"skipped":0,"pct":0},"functions":{"total":19,"covered":0,"skipped":0,"pct":0},"statements":{"total":235,"covered":0,"skipped":0,"pct":0},"branches":{"total":136,"covered":0,"skipped":0,"pct":0}}
,"/var/www/ai-platform/backend/src/services/ossService.js": {"lines":{"total":169,"covered":12,"skipped":0,"pct":7.1},"functions":{"total":17,"covered":1,"skipped":0,"pct":5.88},"statements":{"total":170,"covered":12,"skipped":0,"pct":7.05},"branches":{"total":72,"covered":0,"skipped":0,"pct":0}}
,"/var/www/ai-platform/backend/src/services/ragService.js": {"lines":{"total":101,"covered":0,"skipped":0,"pct":0},"functions":{"total":14,"covered":0,"skipped":0,"pct":0},"statements":{"total":113,"covered":0,"skipped":0,"pct":0},"branches":{"total":59,"covered":0,"skipped":0,"pct":0}}
,"/var/www/ai-platform/backend/src/services/rateLimitService.js": {"lines":{"total":52,"covered":0,"skipped":0,"pct":0},"functions":{"total":9,"covered":0,"skipped":0,"pct":0},"statements":{"total":53,"covered":0,"skipped":0,"pct":0},"branches":{"total":12,"covered":0,"skipped":0,"pct":0}}
,"/var/www/ai-platform/backend/src/services/sora2VideoService.js": {"lines":{"total":166,"covered":0,"skipped":0,"pct":0},"functions":{"total":10,"covered":0,"skipped":0,"pct":0},"statements":{"total":166,"covered":0,"skipped":0,"pct":0},"branches":{"total":118,"covered":0,"skipped":0,"pct":0}}
,"/var/www/ai-platform/backend/src/services/statsService.js": {"lines":{"total":49,"covered":0,"skipped":0,"pct":0},"functions":{"total":8,"covered":0,"skipped":0,"pct":0},"statements":{"total":49,"covered":0,"skipped":0,"pct":0},"branches":{"total":25,"covered":0,"skipped":0,"pct":0}}
,"/var/www/ai-platform/backend/src/services/streamRecoveryService.js": {"lines":{"total":51,"covered":0,"skipped":0,"pct":0},"functions":{"total":12,"covered":0,"skipped":0,"pct":0},"statements":{"total":51,"covered":0,"skipped":0,"pct":0},"branches":{"total":24,"covered":0,"skipped":0,"pct":0}}
,"/var/www/ai-platform/backend/src/services/videoService.js": {"lines":{"total":206,"covered":0,"skipped":0,"pct":0},"functions":{"total":11,"covered":0,"skipped":0,"pct":0},"statements":{"total":209,"covered":0,"skipped":0,"pct":0},"branches":{"total":196,"covered":0,"skipped":0,"pct":0}}
,"/var/www/ai-platform/backend/src/services/admin/AnalyticsService.js": {"lines":{"total":134,"covered":0,"skipped":0,"pct":0},"functions":{"total":14,"covered":0,"skipped":0,"pct":0},"statements":{"total":140,"covered":0,"skipped":0,"pct":0},"branches":{"total":114,"covered":0,"skipped":0,"pct":0}}
,"/var/www/ai-platform/backend/src/services/admin/CreditsService.js": {"lines":{"total":130,"covered":5,"skipped":0,"pct":3.84},"functions":{"total":13,"covered":0,"skipped":0,"pct":0},"statements":{"total":130,"covered":5,"skipped":0,"pct":3.84},"branches":{"total":83,"covered":0,"skipped":0,"pct":0}}
,"/var/www/ai-platform/backend/src/services/admin/GroupService.js": {"lines":{"total":413,"covered":5,"skipped":0,"pct":1.21},"functions":{"total":49,"covered":0,"skipped":0,"pct":0},"statements":{"total":420,"covered":5,"skipped":0,"pct":1.19},"branches":{"total":204,"covered":0,"skipped":0,"pct":0}}
,"/var/www/ai-platform/backend/src/services/admin/StatsService.js": {"lines":{"total":119,"covered":0,"skipped":0,"pct":0},"functions":{"total":11,"covered":0,"skipped":0,"pct":0},"statements":{"total":120,"covered":0,"skipped":0,"pct":0},"branches":{"total":91,"covered":0,"skipped":0,"pct":0}}
,"/var/www/ai-platform/backend/src/services/admin/UsageLogService.js": {"lines":{"total":116,"covered":0,"skipped":0,"pct":0},"functions":{"total":15,"covered":0,"skipped":0,"pct":0},"statements":{"total":145,"covered":0,"skipped":0,"pct":0},"branches":{"total":102,"covered":0,"skipped":0,"pct":0}}
,"/var/www/ai-platform/backend/src/services/admin/UserService.js": {"lines":{"total":395,"covered":12,"skipped":0,"pct":3.03},"functions":{"total":30,"covered":0,"skipped":0,"pct":0},"statements":{"total":407,"covered":12,"skipped":0,"pct":2.94},"branches":{"total":267,"covered":0,"skipped":0,"pct":0}}
,"/var/www/ai-platform/backend/src/services/admin/UserTagService.js": {"lines":{"total":161,"covered":0,"skipped":0,"pct":0},"functions":{"total":26,"covered":0,"skipped":0,"pct":0},"statements":{"total":169,"covered":0,"skipped":0,"pct":0},"branches":{"total":60,"covered":0,"skipped":0,"pct":0}}
,"/var/www/ai-platform/backend/src/services/admin/index.js": {"lines":{"total":5,"covered":0,"skipped":0,"pct":0},"functions":{"total":0,"covered":0,"skipped":0,"pct":100},"statements":{"total":5,"covered":0,"skipped":0,"pct":0},"branches":{"total":0,"covered":0,"skipped":0,"pct":100}}
,"/var/www/ai-platform/backend/src/services/agent/ExecutorService.js": {"lines":{"total":225,"covered":104,"skipped":0,"pct":46.22},"functions":{"total":17,"covered":13,"skipped":0,"pct":76.47},"statements":{"total":230,"covered":108,"skipped":0,"pct":46.95},"branches":{"total":131,"covered":59,"skipped":0,"pct":45.03}}
,"/var/www/ai-platform/backend/src/services/agent/NodeRegistry.js": {"lines":{"total":31,"covered":0,"skipped":0,"pct":0},"functions":{"total":7,"covered":0,"skipped":0,"pct":0},"statements":{"total":31,"covered":0,"skipped":0,"pct":0},"branches":{"total":10,"covered":0,"skipped":0,"pct":0}}
,"/var/www/ai-platform/backend/src/services/agent/TestSessionService.js": {"lines":{"total":41,"covered":0,"skipped":0,"pct":0},"functions":{"total":10,"covered":0,"skipped":0,"pct":0},"statements":{"total":42,"covered":0,"skipped":0,"pct":0},"branches":{"total":14,"covered":0,"skipped":0,"pct":0}}
,"/var/www/ai-platform/backend/src/services/agent/nodes/AICallHelper.js": {"lines":{"total":51,"covered":0,"skipped":0,"pct":0},"functions":{"total":6,"covered":0,"skipped":0,"pct":0},"statements":{"total":52,"covered":0,"skipped":0,"pct":0},"branches":{"total":59,"covered":0,"skipped":0,"pct":0}}
,"/var/www/ai-platform/backend/src/services/agent/nodes/BaseNode.js": {"lines":{"total":30,"covered":28,"skipped":0,"pct":93.33},"functions":{"total":6,"covered":6,"skipped":0,"pct":100},"statements":{"total":30,"covered":28,"skipped":0,"pct":93.33},"branches":{"total":20,"covered":18,"skipped":0,"pct":90}}
,"/var/www/ai-platform/backend/src/services/agent/nodes/ClassifierNode.js": {"lines":{"total":105,"covered":62,"skipped":0,"pct":59.04},"functions":{"total":12,"covered":9,"skipped":0,"pct":75},"statements":{"total":107,"covered":64,"skipped":0,"pct":59.81},"branches":{"total":84,"covered":42,"skipped":0,"pct":50}}
,"/var/www/ai-platform/backend/src/services/agent/nodes/EndNode.js": {"lines":{"total":21,"covered":0,"skipped":0,"pct":0},"functions":{"total":4,"covered":0,"skipped":0,"pct":0},"statements":{"total":22,"covered":0,"skipped":0,"pct":0},"branches":{"total":16,"covered":0,"skipped":0,"pct":0}}
,"/var/www/ai-platform/backend/src/services/agent/nodes/KnowledgeNode.js": {"lines":{"total":89,"covered":0,"skipped":0,"pct":0},"functions":{"total":14,"covered":0,"skipped":0,"pct":0},"statements":{"total":97,"covered":0,"skipped":0,"pct":0},"branches":{"total":57,"covered":0,"skipped":0,"pct":0}}
,"/var/www/ai-platform/backend/src/services/agent/nodes/LLMNode.js": {"lines":{"total":108,"covered":0,"skipped":0,"pct":0},"functions":{"total":8,"covered":0,"skipped":0,"pct":0},"statements":{"total":108,"covered":0,"skipped":0,"pct":0},"branches":{"total":98,"covered":0,"skipped":0,"pct":0}}
,"/var/www/ai-platform/backend/src/services/agent/nodes/StartNode.js": {"lines":{"total":6,"covered":0,"skipped":0,"pct":0},"functions":{"total":3,"covered":0,"skipped":0,"pct":0},"statements":{"total":6,"covered":0,"skipped":0,"pct":0},"branches":{"total":2,"covered":0,"skipped":0,"pct":0}}
,"/var/www/ai-platform/backend/src/services/auth/EmailAuthService.js": {"lines":{"total":42,"covered":0,"skipped":0,"pct":0},"functions":{"total":2,"covered":0,"skipped":0,"pct":0},"statements":{"total":42,"covered":0,"skipped":0,"pct":0},"branches":{"total":14,"covered":0,"skipped":0,"pct":0}}
,"/var/www/ai-platform/backend/src/services/auth/SSOService.js": {"lines":{"total":44,"covered":0,"skipped":0,"pct":0},"functions":{"total":3,"covered":0,"skipped":0,"pct":0},"statements":{"total":45,"covered":0,"skipped":0,"pct":0},"branches":{"total":33,"covered":0,"skipped":0,"pct":0}}
,"/var/www/ai-platform/backend/src/services/auth/SiteConfigService.js": {"lines":{"total":11,"covered":0,"skipped":0,"pct":0},"functions":{"total":1,"covered":0,"skipped":0,"pct":0},"statements":{"total":11,"covered":0,"skipped":0,"pct":0},"branches":{"total":10,"covered":0,"skipped":0,"pct":0}}
,"/var/www/ai-platform/backend/src/services/auth/TokenService.js": {"lines":{"total":48,"covered":30,"skipped":0,"pct":62.5},"functions":{"total":5,"covered":5,"skipped":0,"pct":100},"statements":{"total":48,"covered":30,"skipped":0,"pct":62.5},"branches":{"total":25,"covered":11,"skipped":0,"pct":44}}
,"/var/www/ai-platform/backend/src/services/casbin/CasbinAuthAdapter.js": {"lines":{"total":115,"covered":0,"skipped":0,"pct":0},"functions":{"total":19,"covered":0,"skipped":0,"pct":0},"statements":{"total":118,"covered":0,"skipped":0,"pct":0},"branches":{"total":78,"covered":0,"skipped":0,"pct":0}}
,"/var/www/ai-platform/backend/src/services/casbin/CasbinService.js": {"lines":{"total":176,"covered":0,"skipped":0,"pct":0},"functions":{"total":22,"covered":0,"skipped":0,"pct":0},"statements":{"total":184,"covered":0,"skipped":0,"pct":0},"branches":{"total":92,"covered":0,"skipped":0,"pct":0}}
,"/var/www/ai-platform/backend/src/services/casbin/CasbinSyncService.js": {"lines":{"total":69,"covered":0,"skipped":0,"pct":0},"functions":{"total":3,"covered":0,"skipped":0,"pct":0},"statements":{"total":69,"covered":0,"skipped":0,"pct":0},"branches":{"total":32,"covered":0,"skipped":0,"pct":0}}
,"/var/www/ai-platform/backend/src/services/chat/ConversationService.js": {"lines":{"total":58,"covered":7,"skipped":0,"pct":12.06},"functions":{"total":10,"covered":0,"skipped":0,"pct":0},"statements":{"total":67,"covered":7,"skipped":0,"pct":10.44},"branches":{"total":62,"covered":0,"skipped":0,"pct":0}}
,"/var/www/ai-platform/backend/src/services/chat/MessageService.js": {"lines":{"total":146,"covered":11,"skipped":0,"pct":7.53},"functions":{"total":14,"covered":0,"skipped":0,"pct":0},"statements":{"total":152,"covered":11,"skipped":0,"pct":7.23},"branches":{"total":115,"covered":0,"skipped":0,"pct":0}}
,"/var/www/ai-platform/backend/src/services/chat/NonStreamMessageService.js": {"lines":{"total":52,"covered":0,"skipped":0,"pct":0},"functions":{"total":4,"covered":0,"skipped":0,"pct":0},"statements":{"total":55,"covered":0,"skipped":0,"pct":0},"branches":{"total":32,"covered":0,"skipped":0,"pct":0}}
,"/var/www/ai-platform/backend/src/services/chat/StreamMessageService.js": {"lines":{"total":55,"covered":0,"skipped":0,"pct":0},"functions":{"total":6,"covered":0,"skipped":0,"pct":0},"statements":{"total":56,"covered":0,"skipped":0,"pct":0},"branches":{"total":21,"covered":0,"skipped":0,"pct":0}}
,"/var/www/ai-platform/backend/src/services/forum/ForumLikeService.js": {"lines":{"total":47,"covered":0,"skipped":0,"pct":0},"functions":{"total":3,"covered":0,"skipped":0,"pct":0},"statements":{"total":47,"covered":0,"skipped":0,"pct":0},"branches":{"total":19,"covered":0,"skipped":0,"pct":0}}
,"/var/www/ai-platform/backend/src/services/forum/ForumModeratorService.js": {"lines":{"total":50,"covered":0,"skipped":0,"pct":0},"functions":{"total":6,"covered":0,"skipped":0,"pct":0},"statements":{"total":50,"covered":0,"skipped":0,"pct":0},"branches":{"total":20,"covered":0,"skipped":0,"pct":0}}
,"/var/www/ai-platform/backend/src/services/forum/ForumNotificationService.js": {"lines":{"total":85,"covered":0,"skipped":0,"pct":0},"functions":{"total":10,"covered":0,"skipped":0,"pct":0},"statements":{"total":91,"covered":0,"skipped":0,"pct":0},"branches":{"total":44,"covered":0,"skipped":0,"pct":0}}
,"/var/www/ai-platform/backend/src/services/forum/index.js": {"lines":{"total":4,"covered":0,"skipped":0,"pct":0},"functions":{"total":0,"covered":0,"skipped":0,"pct":100},"statements":{"total":4,"covered":0,"skipped":0,"pct":0},"branches":{"total":0,"covered":0,"skipped":0,"pct":100}}
,"/var/www/ai-platform/backend/src/utils/errors.js": {"lines":{"total":17,"covered":17,"skipped":0,"pct":100},"functions":{"total":9,"covered":9,"skipped":0,"pct":100},"statements":{"total":17,"covered":17,"skipped":0,"pct":100},"branches":{"total":13,"covered":13,"skipped":0,"pct":100}}
,"/var/www/ai-platform/backend/src/utils/logger.js": {"lines":{"total":21,"covered":17,"skipped":0,"pct":80.95},"functions":{"total":2,"covered":1,"skipped":0,"pct":50},"statements":{"total":21,"covered":17,"skipped":0,"pct":80.95},"branches":{"total":12,"covered":8,"skipped":0,"pct":66.66}}
,"/var/www/ai-platform/backend/src/utils/response.js": {"lines":{"total":8,"covered":8,"skipped":0,"pct":100},"functions":{"total":7,"covered":7,"skipped":0,"pct":100},"statements":{"total":8,"covered":8,"skipped":0,"pct":100},"branches":{"total":11,"covered":11,"skipped":0,"pct":100}}
,"/var/www/ai-platform/backend/src/utils/tokenCalculator.js": {"lines":{"total":55,"covered":0,"skipped":0,"pct":0},"functions":{"total":5,"covered":0,"skipped":0,"pct":0},"statements":{"total":55,"covered":0,"skipped":0,"pct":0},"branches":{"total":35,"covered":0,"skipped":0,"pct":0}}
}
